---------------------------------------------------------------

[2020-07-07T09:44:31+08:00] 127.0.0.1 GET askedu.cc/admin/alldata/add.html
[运行时间：0.067909s] [吞吐率：14.73req/s] [内存消耗：1,934.35kb] [文件加载：66]
[ info ] [ LANG ] D:\phpstudy\WWW\askedu\thinkphp\lang\zh-cn.php
[ info ] [ ROUTE ] array (
)
[ info ] [ HEADER ] array (
  'cookie' => 'pgv_pvi=4667974656',
  'accept-language' => 'zh-CN,zh;q=0.9,en;q=0.8',
  'accept-encoding' => 'gzip, deflate',
  'accept' => 'text/html,application/xhtml+xml,application/xml;q=0.9,image/webp,image/apng,*/*;q=0.8,application/signed-exchange;v=b3;q=0.9',
  'user-agent' => 'Mozilla/5.0 (Windows NT 10.0; Win64; x64) AppleWebKit/537.36 (KHTML, like Gecko) Chrome/83.0.4103.116 Safari/537.36',
  'upgrade-insecure-requests' => '1',
  'connection' => 'keep-alive',
  'host' => 'askedu.cc',
  'content-length' => '',
  'content-type' => '',
)
[ info ] [ PARAM ] array (
)
[ info ] [ VIEW ] D:\phpstudy\WWW\askedu\application\admin\view\tpl\alldata_add.htm [ array (
  0 => 'cont',
) ]
---------------------------------------------------------------

[2020-07-07T09:44:34+08:00] 127.0.0.1 GET askedu.cc/admin/alldata/index.html
[运行时间：0.108329s] [吞吐率：9.23req/s] [内存消耗：3,326.63kb] [文件加载：81]
[ info ] [ LANG ] D:\phpstudy\WWW\askedu\thinkphp\lang\zh-cn.php
[ info ] [ ROUTE ] array (
)
[ info ] [ HEADER ] array (
  'cookie' => 'pgv_pvi=4667974656; PHPSESSID=i0rslg9nh1si3lpjlneoeb93j5',
  'accept-language' => 'zh-CN,zh;q=0.9,en;q=0.8',
  'accept-encoding' => 'gzip, deflate',
  'referer' => 'http://askedu.cc/admin/alldata/add.html',
  'accept' => 'text/html,application/xhtml+xml,application/xml;q=0.9,image/webp,image/apng,*/*;q=0.8,application/signed-exchange;v=b3;q=0.9',
  'user-agent' => 'Mozilla/5.0 (Windows NT 10.0; Win64; x64) AppleWebKit/537.36 (KHTML, like Gecko) Chrome/83.0.4103.116 Safari/537.36',
  'upgrade-insecure-requests' => '1',
  'connection' => 'keep-alive',
  'host' => 'askedu.cc',
  'content-length' => '',
  'content-type' => '',
)
[ info ] [ PARAM ] array (
)
[ info ] [ DB ] INIT mysql
[ info ] [ VIEW ] D:\phpstudy\WWW\askedu\application\admin\view\tpl\alldata.htm [ array (
  0 => 'cont',
  1 => 'list',
) ]
[ sql ] [ DB ] CONNECT:[ UseTime:0.016294s ] mysql:host=127.0.0.1;dbname=askedu;charset=utf8
[ sql ] [ SQL ] SHOW COLUMNS FROM `ask_alldata` [ RunTime:0.027257s ]
[ sql ] [ SQL ] SELECT COUNT(*) AS tp_count FROM `ask_alldata` [ RunTime:0.008059s ]
[ sql ] [ SQL ] SELECT * FROM `ask_alldata` LIMIT 0,10 [ RunTime:0.000876s ]
---------------------------------------------------------------

[2020-07-07T10:07:53+08:00] 127.0.0.1 GET askedu.cc/admin/alldata/index.html
[运行时间：0.088271s] [吞吐率：11.33req/s] [内存消耗：3,516.88kb] [文件加载：83]
[ info ] [ LANG ] D:\phpstudy\WWW\askedu\thinkphp\lang\zh-cn.php
[ info ] [ ROUTE ] array (
)
[ info ] [ HEADER ] array (
  'cookie' => 'pgv_pvi=4667974656; PHPSESSID=i0rslg9nh1si3lpjlneoeb93j5',
  'accept-language' => 'zh-CN,zh;q=0.9,en;q=0.8',
  'accept-encoding' => 'gzip, deflate',
  'referer' => 'http://askedu.cc/admin/alldata/add.html',
  'accept' => 'text/html,application/xhtml+xml,application/xml;q=0.9,image/webp,image/apng,*/*;q=0.8,application/signed-exchange;v=b3;q=0.9',
  'user-agent' => 'Mozilla/5.0 (Windows NT 10.0; Win64; x64) AppleWebKit/537.36 (KHTML, like Gecko) Chrome/83.0.4103.116 Safari/537.36',
  'upgrade-insecure-requests' => '1',
  'cache-control' => 'max-age=0',
  'connection' => 'keep-alive',
  'host' => 'askedu.cc',
  'content-length' => '',
  'content-type' => '',
)
[ info ] [ PARAM ] array (
)
[ info ] [ DB ] INIT mysql
[ info ] [ VIEW ] D:\phpstudy\WWW\askedu\application\admin\view\tpl\alldata.htm [ array (
  0 => 'cont',
  1 => 'list',
) ]
[ sql ] [ DB ] CONNECT:[ UseTime:0.002036s ] mysql:host=127.0.0.1;dbname=askedu;charset=utf8
[ sql ] [ SQL ] SHOW COLUMNS FROM `ask_alldata` [ RunTime:0.001343s ]
[ sql ] [ SQL ] SELECT COUNT(*) AS tp_count FROM `ask_alldata` [ RunTime:0.000275s ]
[ sql ] [ SQL ] SELECT * FROM `ask_alldata` LIMIT 0,10 [ RunTime:0.000445s ]
---------------------------------------------------------------

[2020-07-07T10:08:01+08:00] 127.0.0.1 GET askedu.cc/static/assets/js/jquery.slimscroll.min.js.map
[运行时间：0.032145s] [吞吐率：31.11req/s] [内存消耗：1,217.81kb] [文件加载：50]
[ info ] [ LANG ] D:\phpstudy\WWW\askedu\thinkphp\lang\zh-cn.php
---------------------------------------------------------------

[2020-07-07T10:08:01+08:00] 127.0.0.1 GET askedu.cc/static/assets/css/bootstrap.css.map
[运行时间：0.045487s] [吞吐率：21.98req/s] [内存消耗：1,217.80kb] [文件加载：50]
[ info ] [ LANG ] D:\phpstudy\WWW\askedu\thinkphp\lang\zh-cn.php
---------------------------------------------------------------

[2020-07-07T10:08:29+08:00] 127.0.0.1 GET askedu.cc/admin/alldata/index.html
[运行时间：0.067031s] [吞吐率：14.92req/s] [内存消耗：3,516.88kb] [文件加载：83]
[ info ] [ LANG ] D:\phpstudy\WWW\askedu\thinkphp\lang\zh-cn.php
[ info ] [ ROUTE ] array (
)
[ info ] [ HEADER ] array (
  'cookie' => 'pgv_pvi=4667974656; PHPSESSID=i0rslg9nh1si3lpjlneoeb93j5',
  'accept-language' => 'zh-CN,zh;q=0.9,en;q=0.8',
  'accept-encoding' => 'gzip, deflate',
  'referer' => 'http://askedu.cc/admin/alldata/add.html',
  'accept' => 'text/html,application/xhtml+xml,application/xml;q=0.9,image/webp,image/apng,*/*;q=0.8,application/signed-exchange;v=b3;q=0.9',
  'user-agent' => 'Mozilla/5.0 (Windows NT 10.0; Win64; x64) AppleWebKit/537.36 (KHTML, like Gecko) Chrome/83.0.4103.116 Safari/537.36',
  'upgrade-insecure-requests' => '1',
  'cache-control' => 'max-age=0',
  'connection' => 'keep-alive',
  'host' => 'askedu.cc',
  'content-length' => '',
  'content-type' => '',
)
[ info ] [ PARAM ] array (
)
[ info ] [ DB ] INIT mysql
[ info ] [ VIEW ] D:\phpstudy\WWW\askedu\application\admin\view\tpl\alldata.htm [ array (
  0 => 'cont',
  1 => 'list',
) ]
[ sql ] [ DB ] CONNECT:[ UseTime:0.001815s ] mysql:host=127.0.0.1;dbname=askedu;charset=utf8
[ sql ] [ SQL ] SHOW COLUMNS FROM `ask_alldata` [ RunTime:0.001456s ]
[ sql ] [ SQL ] SELECT COUNT(*) AS tp_count FROM `ask_alldata` [ RunTime:0.000345s ]
[ sql ] [ SQL ] SELECT * FROM `ask_alldata` LIMIT 0,10 [ RunTime:0.000495s ]
---------------------------------------------------------------

[2020-07-07T10:08:30+08:00] 127.0.0.1 GET askedu.cc/static/assets/css/bootstrap.css.map
[运行时间：0.086331s] [吞吐率：11.58req/s] [内存消耗：1,217.80kb] [文件加载：50]
[ info ] [ LANG ] D:\phpstudy\WWW\askedu\thinkphp\lang\zh-cn.php
---------------------------------------------------------------

[2020-07-07T10:08:30+08:00] 127.0.0.1 GET askedu.cc/static/assets/js/jquery.slimscroll.min.js.map
[运行时间：0.064455s] [吞吐率：15.51req/s] [内存消耗：1,217.81kb] [文件加载：50]
[ info ] [ LANG ] D:\phpstudy\WWW\askedu\thinkphp\lang\zh-cn.php
---------------------------------------------------------------

[2020-07-07T10:09:33+08:00] 127.0.0.1 GET askedu.cc/admin/alldata/index.html
[运行时间：0.066570s] [吞吐率：15.02req/s] [内存消耗：3,516.88kb] [文件加载：83]
[ info ] [ LANG ] D:\phpstudy\WWW\askedu\thinkphp\lang\zh-cn.php
[ info ] [ ROUTE ] array (
)
[ info ] [ HEADER ] array (
  'cookie' => 'pgv_pvi=4667974656; PHPSESSID=i0rslg9nh1si3lpjlneoeb93j5',
  'accept-language' => 'zh-CN,zh;q=0.9,en;q=0.8',
  'accept-encoding' => 'gzip, deflate',
  'referer' => 'http://askedu.cc/admin/alldata/add.html',
  'accept' => 'text/html,application/xhtml+xml,application/xml;q=0.9,image/webp,image/apng,*/*;q=0.8,application/signed-exchange;v=b3;q=0.9',
  'user-agent' => 'Mozilla/5.0 (Windows NT 10.0; Win64; x64) AppleWebKit/537.36 (KHTML, like Gecko) Chrome/83.0.4103.116 Safari/537.36',
  'upgrade-insecure-requests' => '1',
  'cache-control' => 'max-age=0',
  'connection' => 'keep-alive',
  'host' => 'askedu.cc',
  'content-length' => '',
  'content-type' => '',
)
[ info ] [ PARAM ] array (
)
[ info ] [ DB ] INIT mysql
[ info ] [ VIEW ] D:\phpstudy\WWW\askedu\application\admin\view\tpl\alldata.htm [ array (
  0 => 'cont',
  1 => 'list',
) ]
[ sql ] [ DB ] CONNECT:[ UseTime:0.002368s ] mysql:host=127.0.0.1;dbname=askedu;charset=utf8
[ sql ] [ SQL ] SHOW COLUMNS FROM `ask_alldata` [ RunTime:0.001468s ]
[ sql ] [ SQL ] SELECT COUNT(*) AS tp_count FROM `ask_alldata` [ RunTime:0.000272s ]
[ sql ] [ SQL ] SELECT * FROM `ask_alldata` LIMIT 0,10 [ RunTime:0.000359s ]
---------------------------------------------------------------

[2020-07-07T10:09:33+08:00] 127.0.0.1 GET askedu.cc/static/assets/css/bootstrap.css.map
[运行时间：0.038032s] [吞吐率：26.29req/s] [内存消耗：1,217.80kb] [文件加载：50]
[ info ] [ LANG ] D:\phpstudy\WWW\askedu\thinkphp\lang\zh-cn.php
---------------------------------------------------------------

[2020-07-07T10:09:33+08:00] 127.0.0.1 GET askedu.cc/static/assets/js/jquery.slimscroll.min.js.map
[运行时间：0.039860s] [吞吐率：25.09req/s] [内存消耗：1,217.81kb] [文件加载：50]
[ info ] [ LANG ] D:\phpstudy\WWW\askedu\thinkphp\lang\zh-cn.php
---------------------------------------------------------------

[2020-07-07T10:09:36+08:00] 127.0.0.1 GET askedu.cc/admin/alldata/index.html
[运行时间：0.065561s] [吞吐率：15.25req/s] [内存消耗：3,327.70kb] [文件加载：81]
[ info ] [ LANG ] D:\phpstudy\WWW\askedu\thinkphp\lang\zh-cn.php
[ info ] [ ROUTE ] array (
)
[ info ] [ HEADER ] array (
  'cookie' => 'pgv_pvi=4667974656; PHPSESSID=i0rslg9nh1si3lpjlneoeb93j5',
  'accept-language' => 'zh-CN,zh;q=0.9,en;q=0.8',
  'accept-encoding' => 'gzip, deflate',
  'referer' => 'http://askedu.cc/admin/alldata/add.html',
  'accept' => 'text/html,application/xhtml+xml,application/xml;q=0.9,image/webp,image/apng,*/*;q=0.8,application/signed-exchange;v=b3;q=0.9',
  'user-agent' => 'Mozilla/5.0 (Windows NT 10.0; Win64; x64) AppleWebKit/537.36 (KHTML, like Gecko) Chrome/83.0.4103.116 Safari/537.36',
  'upgrade-insecure-requests' => '1',
  'cache-control' => 'max-age=0',
  'connection' => 'keep-alive',
  'host' => 'askedu.cc',
  'content-length' => '',
  'content-type' => '',
)
[ info ] [ PARAM ] array (
)
[ info ] [ DB ] INIT mysql
[ info ] [ VIEW ] D:\phpstudy\WWW\askedu\application\admin\view\tpl\alldata.htm [ array (
  0 => 'cont',
  1 => 'list',
) ]
[ sql ] [ DB ] CONNECT:[ UseTime:0.002143s ] mysql:host=127.0.0.1;dbname=askedu;charset=utf8
[ sql ] [ SQL ] SHOW COLUMNS FROM `ask_alldata` [ RunTime:0.002263s ]
[ sql ] [ SQL ] SELECT COUNT(*) AS tp_count FROM `ask_alldata` [ RunTime:0.000448s ]
[ sql ] [ SQL ] SELECT * FROM `ask_alldata` LIMIT 0,10 [ RunTime:0.000633s ]
---------------------------------------------------------------

[2020-07-07T10:09:36+08:00] 127.0.0.1 GET askedu.cc/static/assets/css/bootstrap.css.map
[运行时间：0.039469s] [吞吐率：25.34req/s] [内存消耗：1,217.80kb] [文件加载：50]
[ info ] [ LANG ] D:\phpstudy\WWW\askedu\thinkphp\lang\zh-cn.php
---------------------------------------------------------------

[2020-07-07T10:09:36+08:00] 127.0.0.1 GET askedu.cc/static/assets/js/jquery.slimscroll.min.js.map
[运行时间：0.038091s] [吞吐率：26.25req/s] [内存消耗：1,217.81kb] [文件加载：50]
[ info ] [ LANG ] D:\phpstudy\WWW\askedu\thinkphp\lang\zh-cn.php
---------------------------------------------------------------

[2020-07-07T10:18:21+08:00] 127.0.0.1 GET askedu.cc/admin/alldata/index.html
[运行时间：0.160710s] [吞吐率：6.22req/s] [内存消耗：3,327.70kb] [文件加载：81]
[ info ] [ LANG ] D:\phpstudy\WWW\askedu\thinkphp\lang\zh-cn.php
[ info ] [ ROUTE ] array (
)
[ info ] [ HEADER ] array (
  'cookie' => 'pgv_pvi=4667974656; PHPSESSID=i0rslg9nh1si3lpjlneoeb93j5',
  'accept-language' => 'zh-CN,zh;q=0.9,en;q=0.8',
  'accept-encoding' => 'gzip, deflate',
  'referer' => 'http://askedu.cc/admin/alldata/add.html',
  'accept' => 'text/html,application/xhtml+xml,application/xml;q=0.9,image/webp,image/apng,*/*;q=0.8,application/signed-exchange;v=b3;q=0.9',
  'user-agent' => 'Mozilla/5.0 (Windows NT 10.0; Win64; x64) AppleWebKit/537.36 (KHTML, like Gecko) Chrome/83.0.4103.116 Safari/537.36',
  'upgrade-insecure-requests' => '1',
  'cache-control' => 'max-age=0',
  'connection' => 'keep-alive',
  'host' => 'askedu.cc',
  'content-length' => '',
  'content-type' => '',
)
[ info ] [ PARAM ] array (
)
[ info ] [ DB ] INIT mysql
[ info ] [ VIEW ] D:\phpstudy\WWW\askedu\application\admin\view\tpl\alldata.htm [ array (
  0 => 'cont',
  1 => 'list',
) ]
[ sql ] [ DB ] CONNECT:[ UseTime:0.013824s ] mysql:host=127.0.0.1;dbname=askedu;charset=utf8
[ sql ] [ SQL ] SHOW COLUMNS FROM `ask_alldata` [ RunTime:0.012696s ]
[ sql ] [ SQL ] SELECT COUNT(*) AS tp_count FROM `ask_alldata` [ RunTime:0.000945s ]
[ sql ] [ SQL ] SELECT * FROM `ask_alldata` LIMIT 0,10 [ RunTime:0.000886s ]
---------------------------------------------------------------

[2020-07-07T10:18:34+08:00] 127.0.0.1 POST askedu.cc/admin/alldata/index.html
[运行时间：0.057799s] [吞吐率：17.30req/s] [内存消耗：3,240.95kb] [文件加载：81]
[ info ] [ LANG ] D:\phpstudy\WWW\askedu\thinkphp\lang\zh-cn.php
[ info ] [ ROUTE ] array (
)
[ info ] [ HEADER ] array (
  'cookie' => 'pgv_pvi=4667974656; PHPSESSID=i0rslg9nh1si3lpjlneoeb93j5',
  'accept-language' => 'zh-CN,zh;q=0.9,en;q=0.8',
  'accept-encoding' => 'gzip, deflate',
  'referer' => 'http://askedu.cc/admin/alldata/index.html',
  'accept' => 'text/html,application/xhtml+xml,application/xml;q=0.9,image/webp,image/apng,*/*;q=0.8,application/signed-exchange;v=b3;q=0.9',
  'user-agent' => 'Mozilla/5.0 (Windows NT 10.0; Win64; x64) AppleWebKit/537.36 (KHTML, like Gecko) Chrome/83.0.4103.116 Safari/537.36',
  'content-type' => 'application/x-www-form-urlencoded',
  'origin' => 'http://askedu.cc',
  'upgrade-insecure-requests' => '1',
  'cache-control' => 'max-age=0',
  'content-length' => '52',
  'connection' => 'keep-alive',
  'host' => 'askedu.cc',
)
[ info ] [ PARAM ] array (
  'name' => '',
  'audit' => '核准制',
  'update_time' => '',
)
[ info ] [ DB ] INIT mysql
[ info ] [ DB ] INIT mysql
[ sql ] [ DB ] CONNECT:[ UseTime:0.001760s ] mysql:host=127.0.0.1;dbname=askedu;charset=utf8
[ sql ] [ SQL ] SHOW COLUMNS FROM `ask_alldata` [ RunTime:0.001220s ]
[ sql ] [ SQL ] SELECT COUNT(*) AS tp_count FROM `ask_alldata` [ RunTime:0.000231s ]
[ sql ] [ SQL ] SELECT * FROM `ask_alldata` LIMIT 0,10 [ RunTime:0.000358s ]
[ error ] [2]trim() expects parameter 1 to be string, array given[D:\phpstudy\WWW\askedu\thinkphp\library\think\Loader.php:381]
---------------------------------------------------------------

[2020-07-07T10:18:37+08:00] 127.0.0.1 GET askedu.cc/admin/alldata/index.html
[运行时间：0.056609s] [吞吐率：17.66req/s] [内存消耗：3,327.63kb] [文件加载：81]
[ info ] [ LANG ] D:\phpstudy\WWW\askedu\thinkphp\lang\zh-cn.php
[ info ] [ ROUTE ] array (
)
[ info ] [ HEADER ] array (
  'cookie' => 'pgv_pvi=4667974656; PHPSESSID=i0rslg9nh1si3lpjlneoeb93j5',
  'accept-language' => 'zh-CN,zh;q=0.9,en;q=0.8',
  'accept-encoding' => 'gzip, deflate',
  'referer' => 'http://askedu.cc/admin/alldata/add.html',
  'accept' => 'text/html,application/xhtml+xml,application/xml;q=0.9,image/webp,image/apng,*/*;q=0.8,application/signed-exchange;v=b3;q=0.9',
  'user-agent' => 'Mozilla/5.0 (Windows NT 10.0; Win64; x64) AppleWebKit/537.36 (KHTML, like Gecko) Chrome/83.0.4103.116 Safari/537.36',
  'upgrade-insecure-requests' => '1',
  'connection' => 'keep-alive',
  'host' => 'askedu.cc',
  'content-length' => '',
  'content-type' => '',
)
[ info ] [ PARAM ] array (
)
[ info ] [ DB ] INIT mysql
[ info ] [ VIEW ] D:\phpstudy\WWW\askedu\application\admin\view\tpl\alldata.htm [ array (
  0 => 'cont',
  1 => 'list',
) ]
[ sql ] [ DB ] CONNECT:[ UseTime:0.010443s ] mysql:host=127.0.0.1;dbname=askedu;charset=utf8
[ sql ] [ SQL ] SHOW COLUMNS FROM `ask_alldata` [ RunTime:0.001603s ]
[ sql ] [ SQL ] SELECT COUNT(*) AS tp_count FROM `ask_alldata` [ RunTime:0.000469s ]
[ sql ] [ SQL ] SELECT * FROM `ask_alldata` LIMIT 0,10 [ RunTime:0.000562s ]
---------------------------------------------------------------

[2020-07-07T11:15:12+08:00] 127.0.0.1 GET askedu.cc/admin/alldata/index.html
[运行时间：0.075105s] [吞吐率：13.31req/s] [内存消耗：3,327.70kb] [文件加载：81]
[ info ] [ LANG ] D:\phpstudy\WWW\askedu\thinkphp\lang\zh-cn.php
[ info ] [ ROUTE ] array (
)
[ info ] [ HEADER ] array (
  'cookie' => 'pgv_pvi=4667974656; PHPSESSID=i0rslg9nh1si3lpjlneoeb93j5',
  'accept-language' => 'zh-CN,zh;q=0.9,en;q=0.8',
  'accept-encoding' => 'gzip, deflate',
  'referer' => 'http://askedu.cc/admin/alldata/add.html',
  'accept' => 'text/html,application/xhtml+xml,application/xml;q=0.9,image/webp,image/apng,*/*;q=0.8,application/signed-exchange;v=b3;q=0.9',
  'user-agent' => 'Mozilla/5.0 (Windows NT 10.0; Win64; x64) AppleWebKit/537.36 (KHTML, like Gecko) Chrome/83.0.4103.116 Safari/537.36',
  'upgrade-insecure-requests' => '1',
  'cache-control' => 'max-age=0',
  'connection' => 'keep-alive',
  'host' => 'askedu.cc',
  'content-length' => '',
  'content-type' => '',
)
[ info ] [ PARAM ] array (
)
[ info ] [ DB ] INIT mysql
[ info ] [ VIEW ] D:\phpstudy\WWW\askedu\application\admin\view\tpl\alldata.htm [ array (
  0 => 'cont',
  1 => 'list',
) ]
[ sql ] [ DB ] CONNECT:[ UseTime:0.002106s ] mysql:host=127.0.0.1;dbname=askedu;charset=utf8
[ sql ] [ SQL ] SHOW COLUMNS FROM `ask_alldata` [ RunTime:0.001623s ]
[ sql ] [ SQL ] SELECT COUNT(*) AS tp_count FROM `ask_alldata` [ RunTime:0.000390s ]
[ sql ] [ SQL ] SELECT * FROM `ask_alldata` LIMIT 0,10 [ RunTime:0.000385s ]
---------------------------------------------------------------

[2020-07-07T11:15:14+08:00] 127.0.0.1 GET askedu.cc/static/assets/js/jquery.slimscroll.min.js.map
[运行时间：0.046951s] [吞吐率：21.30req/s] [内存消耗：1,217.81kb] [文件加载：50]
[ info ] [ LANG ] D:\phpstudy\WWW\askedu\thinkphp\lang\zh-cn.php
---------------------------------------------------------------

[2020-07-07T11:15:14+08:00] 127.0.0.1 GET askedu.cc/static/assets/css/bootstrap.css.map
[运行时间：0.048271s] [吞吐率：20.72req/s] [内存消耗：1,217.80kb] [文件加载：50]
[ info ] [ LANG ] D:\phpstudy\WWW\askedu\thinkphp\lang\zh-cn.php
---------------------------------------------------------------

[2020-07-07T11:15:55+08:00] 127.0.0.1 GET askedu.cc/admin/alldata/index.html
[运行时间：0.072539s] [吞吐率：13.79req/s] [内存消耗：3,516.88kb] [文件加载：83]
[ info ] [ LANG ] D:\phpstudy\WWW\askedu\thinkphp\lang\zh-cn.php
[ info ] [ ROUTE ] array (
)
[ info ] [ HEADER ] array (
  'cookie' => 'pgv_pvi=4667974656; PHPSESSID=i0rslg9nh1si3lpjlneoeb93j5',
  'accept-language' => 'zh-CN,zh;q=0.9,en;q=0.8',
  'accept-encoding' => 'gzip, deflate',
  'referer' => 'http://askedu.cc/admin/alldata/add.html',
  'accept' => 'text/html,application/xhtml+xml,application/xml;q=0.9,image/webp,image/apng,*/*;q=0.8,application/signed-exchange;v=b3;q=0.9',
  'user-agent' => 'Mozilla/5.0 (Windows NT 10.0; Win64; x64) AppleWebKit/537.36 (KHTML, like Gecko) Chrome/83.0.4103.116 Safari/537.36',
  'upgrade-insecure-requests' => '1',
  'cache-control' => 'max-age=0',
  'connection' => 'keep-alive',
  'host' => 'askedu.cc',
  'content-length' => '',
  'content-type' => '',
)
[ info ] [ PARAM ] array (
)
[ info ] [ DB ] INIT mysql
[ info ] [ VIEW ] D:\phpstudy\WWW\askedu\application\admin\view\tpl\alldata.htm [ array (
  0 => 'cont',
  1 => 'list',
) ]
[ sql ] [ DB ] CONNECT:[ UseTime:0.010311s ] mysql:host=127.0.0.1;dbname=askedu;charset=utf8
[ sql ] [ SQL ] SHOW COLUMNS FROM `ask_alldata` [ RunTime:0.001772s ]
[ sql ] [ SQL ] SELECT COUNT(*) AS tp_count FROM `ask_alldata` [ RunTime:0.000318s ]
[ sql ] [ SQL ] SELECT * FROM `ask_alldata` LIMIT 0,10 [ RunTime:0.000442s ]
---------------------------------------------------------------

[2020-07-07T11:15:56+08:00] 127.0.0.1 GET askedu.cc/static/assets/css/bootstrap.css.map
[运行时间：0.049425s] [吞吐率：20.23req/s] [内存消耗：1,217.80kb] [文件加载：50]
[ info ] [ LANG ] D:\phpstudy\WWW\askedu\thinkphp\lang\zh-cn.php
---------------------------------------------------------------

[2020-07-07T11:15:56+08:00] 127.0.0.1 GET askedu.cc/static/assets/js/jquery.slimscroll.min.js.map
[运行时间：0.059057s] [吞吐率：16.93req/s] [内存消耗：1,217.81kb] [文件加载：50]
[ info ] [ LANG ] D:\phpstudy\WWW\askedu\thinkphp\lang\zh-cn.php
---------------------------------------------------------------

[2020-07-07T17:37:26+08:00] 127.0.0.1 GET askedu.cc/admin/alldata/index.html
[运行时间：0.098940s] [吞吐率：10.11req/s] [内存消耗：3,516.88kb] [文件加载：83]
[ info ] [ LANG ] D:\phpstudy\WWW\askedu\thinkphp\lang\zh-cn.php
[ info ] [ ROUTE ] array (
)
[ info ] [ HEADER ] array (
  'cookie' => 'pgv_pvi=4667974656; PHPSESSID=i0rslg9nh1si3lpjlneoeb93j5',
  'accept-language' => 'zh-CN,zh;q=0.9,en;q=0.8',
  'accept-encoding' => 'gzip, deflate',
  'referer' => 'http://askedu.cc/admin/alldata/add.html',
  'accept' => 'text/html,application/xhtml+xml,application/xml;q=0.9,image/webp,image/apng,*/*;q=0.8,application/signed-exchange;v=b3;q=0.9',
  'user-agent' => 'Mozilla/5.0 (Windows NT 10.0; Win64; x64) AppleWebKit/537.36 (KHTML, like Gecko) Chrome/83.0.4103.116 Safari/537.36',
  'upgrade-insecure-requests' => '1',
  'cache-control' => 'max-age=0',
  'connection' => 'keep-alive',
  'host' => 'askedu.cc',
  'content-length' => '',
  'content-type' => '',
)
[ info ] [ PARAM ] array (
)
[ info ] [ DB ] INIT mysql
[ info ] [ VIEW ] D:\phpstudy\WWW\askedu\application\admin\view\tpl\alldata.htm [ array (
  0 => 'cont',
  1 => 'list',
) ]
[ sql ] [ DB ] CONNECT:[ UseTime:0.004993s ] mysql:host=127.0.0.1;dbname=askedu;charset=utf8
[ sql ] [ SQL ] SHOW COLUMNS FROM `ask_alldata` [ RunTime:0.002981s ]
[ sql ] [ SQL ] SELECT COUNT(*) AS tp_count FROM `ask_alldata` [ RunTime:0.000364s ]
[ sql ] [ SQL ] SELECT * FROM `ask_alldata` LIMIT 0,10 [ RunTime:0.000441s ]
---------------------------------------------------------------

[2020-07-07T17:37:27+08:00] 127.0.0.1 GET askedu.cc/static/assets/js/jquery.slimscroll.min.js.map
[运行时间：0.059670s] [吞吐率：16.76req/s] [内存消耗：1,217.81kb] [文件加载：50]
[ info ] [ LANG ] D:\phpstudy\WWW\askedu\thinkphp\lang\zh-cn.php
---------------------------------------------------------------

[2020-07-07T17:37:27+08:00] 127.0.0.1 GET askedu.cc/static/assets/css/bootstrap.css.map
[运行时间：0.036777s] [吞吐率：27.19req/s] [内存消耗：1,217.80kb] [文件加载：50]
[ info ] [ LANG ] D:\phpstudy\WWW\askedu\thinkphp\lang\zh-cn.php
---------------------------------------------------------------

[2020-07-07T17:38:15+08:00] 127.0.0.1 GET askedu.cc/admin/alldata/index.html
[运行时间：0.063896s] [吞吐率：15.65req/s] [内存消耗：3,327.70kb] [文件加载：81]
[ info ] [ LANG ] D:\phpstudy\WWW\askedu\thinkphp\lang\zh-cn.php
[ info ] [ ROUTE ] array (
)
[ info ] [ HEADER ] array (
  'cookie' => 'pgv_pvi=4667974656; PHPSESSID=i0rslg9nh1si3lpjlneoeb93j5',
  'accept-language' => 'zh-CN,zh;q=0.9,en;q=0.8',
  'accept-encoding' => 'gzip, deflate',
  'referer' => 'http://askedu.cc/admin/alldata/add.html',
  'accept' => 'text/html,application/xhtml+xml,application/xml;q=0.9,image/webp,image/apng,*/*;q=0.8,application/signed-exchange;v=b3;q=0.9',
  'user-agent' => 'Mozilla/5.0 (Windows NT 10.0; Win64; x64) AppleWebKit/537.36 (KHTML, like Gecko) Chrome/83.0.4103.116 Safari/537.36',
  'upgrade-insecure-requests' => '1',
  'cache-control' => 'max-age=0',
  'connection' => 'keep-alive',
  'host' => 'askedu.cc',
  'content-length' => '',
  'content-type' => '',
)
[ info ] [ PARAM ] array (
)
[ info ] [ DB ] INIT mysql
[ info ] [ VIEW ] D:\phpstudy\WWW\askedu\application\admin\view\tpl\alldata.htm [ array (
  0 => 'cont',
  1 => 'list',
) ]
[ sql ] [ DB ] CONNECT:[ UseTime:0.002099s ] mysql:host=127.0.0.1;dbname=askedu;charset=utf8
[ sql ] [ SQL ] SHOW COLUMNS FROM `ask_alldata` [ RunTime:0.002271s ]
[ sql ] [ SQL ] SELECT COUNT(*) AS tp_count FROM `ask_alldata` [ RunTime:0.000544s ]
[ sql ] [ SQL ] SELECT * FROM `ask_alldata` LIMIT 0,10 [ RunTime:0.000838s ]
---------------------------------------------------------------

[2020-07-07T17:38:15+08:00] 127.0.0.1 GET askedu.cc/static/assets/css/bootstrap.css.map
[运行时间：0.030835s] [吞吐率：32.43req/s] [内存消耗：1,217.80kb] [文件加载：50]
[ info ] [ LANG ] D:\phpstudy\WWW\askedu\thinkphp\lang\zh-cn.php
---------------------------------------------------------------

[2020-07-07T17:38:15+08:00] 127.0.0.1 GET askedu.cc/static/assets/js/jquery.slimscroll.min.js.map
[运行时间：0.042006s] [吞吐率：23.81req/s] [内存消耗：1,217.81kb] [文件加载：50]
[ info ] [ LANG ] D:\phpstudy\WWW\askedu\thinkphp\lang\zh-cn.php
---------------------------------------------------------------

[2020-07-07T17:42:32+08:00] 127.0.0.1 GET askedu.cc/admin/alldata/index.html
[运行时间：0.102273s] [吞吐率：9.78req/s] [内存消耗：3,516.88kb] [文件加载：83]
[ info ] [ LANG ] D:\phpstudy\WWW\askedu\thinkphp\lang\zh-cn.php
[ info ] [ ROUTE ] array (
)
[ info ] [ HEADER ] array (
  'cookie' => 'pgv_pvi=4667974656; PHPSESSID=i0rslg9nh1si3lpjlneoeb93j5',
  'accept-language' => 'zh-CN,zh;q=0.9,en;q=0.8',
  'accept-encoding' => 'gzip, deflate',
  'referer' => 'http://askedu.cc/admin/alldata/add.html',
  'accept' => 'text/html,application/xhtml+xml,application/xml;q=0.9,image/webp,image/apng,*/*;q=0.8,application/signed-exchange;v=b3;q=0.9',
  'user-agent' => 'Mozilla/5.0 (Windows NT 10.0; Win64; x64) AppleWebKit/537.36 (KHTML, like Gecko) Chrome/83.0.4103.116 Safari/537.36',
  'upgrade-insecure-requests' => '1',
  'cache-control' => 'max-age=0',
  'connection' => 'keep-alive',
  'host' => 'askedu.cc',
  'content-length' => '',
  'content-type' => '',
)
[ info ] [ PARAM ] array (
)
[ info ] [ DB ] INIT mysql
[ info ] [ VIEW ] D:\phpstudy\WWW\askedu\application\admin\view\tpl\alldata.htm [ array (
  0 => 'cont',
  1 => 'list',
) ]
[ sql ] [ DB ] CONNECT:[ UseTime:0.010587s ] mysql:host=127.0.0.1;dbname=askedu;charset=utf8
[ sql ] [ SQL ] SHOW COLUMNS FROM `ask_alldata` [ RunTime:0.001598s ]
[ sql ] [ SQL ] SELECT COUNT(*) AS tp_count FROM `ask_alldata` [ RunTime:0.000315s ]
[ sql ] [ SQL ] SELECT * FROM `ask_alldata` LIMIT 0,10 [ RunTime:0.000471s ]
---------------------------------------------------------------

[2020-07-07T17:42:34+08:00] 127.0.0.1 GET askedu.cc/static/assets/css/bootstrap.css.map
[运行时间：0.045257s] [吞吐率：22.10req/s] [内存消耗：1,217.80kb] [文件加载：50]
[ info ] [ LANG ] D:\phpstudy\WWW\askedu\thinkphp\lang\zh-cn.php
---------------------------------------------------------------

[2020-07-07T17:42:34+08:00] 127.0.0.1 GET askedu.cc/static/assets/js/jquery.slimscroll.min.js.map
[运行时间：0.042958s] [吞吐率：23.28req/s] [内存消耗：1,217.81kb] [文件加载：50]
[ info ] [ LANG ] D:\phpstudy\WWW\askedu\thinkphp\lang\zh-cn.php
---------------------------------------------------------------

[2020-07-07T17:42:35+08:00] 127.0.0.1 GET askedu.cc/admin/alldata/index.html
[运行时间：0.072995s] [吞吐率：13.70req/s] [内存消耗：3,327.70kb] [文件加载：81]
[ info ] [ LANG ] D:\phpstudy\WWW\askedu\thinkphp\lang\zh-cn.php
[ info ] [ ROUTE ] array (
)
[ info ] [ HEADER ] array (
  'cookie' => 'pgv_pvi=4667974656; PHPSESSID=i0rslg9nh1si3lpjlneoeb93j5',
  'accept-language' => 'zh-CN,zh;q=0.9,en;q=0.8',
  'accept-encoding' => 'gzip, deflate',
  'referer' => 'http://askedu.cc/admin/alldata/add.html',
  'accept' => 'text/html,application/xhtml+xml,application/xml;q=0.9,image/webp,image/apng,*/*;q=0.8,application/signed-exchange;v=b3;q=0.9',
  'user-agent' => 'Mozilla/5.0 (Windows NT 10.0; Win64; x64) AppleWebKit/537.36 (KHTML, like Gecko) Chrome/83.0.4103.116 Safari/537.36',
  'upgrade-insecure-requests' => '1',
  'cache-control' => 'max-age=0',
  'connection' => 'keep-alive',
  'host' => 'askedu.cc',
  'content-length' => '',
  'content-type' => '',
)
[ info ] [ PARAM ] array (
)
[ info ] [ DB ] INIT mysql
[ info ] [ VIEW ] D:\phpstudy\WWW\askedu\application\admin\view\tpl\alldata.htm [ array (
  0 => 'cont',
  1 => 'list',
) ]
[ sql ] [ DB ] CONNECT:[ UseTime:0.001969s ] mysql:host=127.0.0.1;dbname=askedu;charset=utf8
[ sql ] [ SQL ] SHOW COLUMNS FROM `ask_alldata` [ RunTime:0.001600s ]
[ sql ] [ SQL ] SELECT COUNT(*) AS tp_count FROM `ask_alldata` [ RunTime:0.000247s ]
[ sql ] [ SQL ] SELECT * FROM `ask_alldata` LIMIT 0,10 [ RunTime:0.000354s ]
---------------------------------------------------------------

[2020-07-07T17:42:36+08:00] 127.0.0.1 GET askedu.cc/static/assets/js/jquery.slimscroll.min.js.map
[运行时间：0.047297s] [吞吐率：21.14req/s] [内存消耗：1,217.81kb] [文件加载：50]
[ info ] [ LANG ] D:\phpstudy\WWW\askedu\thinkphp\lang\zh-cn.php
---------------------------------------------------------------

[2020-07-07T17:42:36+08:00] 127.0.0.1 GET askedu.cc/static/assets/css/bootstrap.css.map
[运行时间：0.034846s] [吞吐率：28.70req/s] [内存消耗：1,217.80kb] [文件加载：50]
[ info ] [ LANG ] D:\phpstudy\WWW\askedu\thinkphp\lang\zh-cn.php
---------------------------------------------------------------

[2020-07-07T17:43:23+08:00] 127.0.0.1 GET askedu.cc/admin/alldata/index.html
[运行时间：0.071602s] [吞吐率：13.97req/s] [内存消耗：3,516.88kb] [文件加载：83]
[ info ] [ LANG ] D:\phpstudy\WWW\askedu\thinkphp\lang\zh-cn.php
[ info ] [ ROUTE ] array (
)
[ info ] [ HEADER ] array (
  'cookie' => 'pgv_pvi=4667974656; PHPSESSID=i0rslg9nh1si3lpjlneoeb93j5',
  'accept-language' => 'zh-CN,zh;q=0.9,en;q=0.8',
  'accept-encoding' => 'gzip, deflate',
  'referer' => 'http://askedu.cc/admin/alldata/add.html',
  'accept' => 'text/html,application/xhtml+xml,application/xml;q=0.9,image/webp,image/apng,*/*;q=0.8,application/signed-exchange;v=b3;q=0.9',
  'user-agent' => 'Mozilla/5.0 (Windows NT 10.0; Win64; x64) AppleWebKit/537.36 (KHTML, like Gecko) Chrome/83.0.4103.116 Safari/537.36',
  'upgrade-insecure-requests' => '1',
  'cache-control' => 'max-age=0',
  'connection' => 'keep-alive',
  'host' => 'askedu.cc',
  'content-length' => '',
  'content-type' => '',
)
[ info ] [ PARAM ] array (
)
[ info ] [ DB ] INIT mysql
[ info ] [ VIEW ] D:\phpstudy\WWW\askedu\application\admin\view\tpl\alldata.htm [ array (
  0 => 'cont',
  1 => 'list',
) ]
[ sql ] [ DB ] CONNECT:[ UseTime:0.002085s ] mysql:host=127.0.0.1;dbname=askedu;charset=utf8
[ sql ] [ SQL ] SHOW COLUMNS FROM `ask_alldata` [ RunTime:0.001630s ]
[ sql ] [ SQL ] SELECT COUNT(*) AS tp_count FROM `ask_alldata` [ RunTime:0.000316s ]
[ sql ] [ SQL ] SELECT * FROM `ask_alldata` LIMIT 0,10 [ RunTime:0.000365s ]
---------------------------------------------------------------

[2020-07-07T17:43:23+08:00] 127.0.0.1 GET askedu.cc/static/assets/css/bootstrap.css.map
[运行时间：0.041412s] [吞吐率：24.15req/s] [内存消耗：1,217.80kb] [文件加载：50]
[ info ] [ LANG ] D:\phpstudy\WWW\askedu\thinkphp\lang\zh-cn.php
---------------------------------------------------------------

[2020-07-07T17:43:23+08:00] 127.0.0.1 GET askedu.cc/static/assets/js/jquery.slimscroll.min.js.map
[运行时间：0.044574s] [吞吐率：22.43req/s] [内存消耗：1,217.81kb] [文件加载：50]
[ info ] [ LANG ] D:\phpstudy\WWW\askedu\thinkphp\lang\zh-cn.php
---------------------------------------------------------------

[2020-07-07T17:44:51+08:00] 127.0.0.1 GET askedu.cc/admin/alldata/index.html
[运行时间：0.076530s] [吞吐率：13.07req/s] [内存消耗：3,516.88kb] [文件加载：83]
[ info ] [ LANG ] D:\phpstudy\WWW\askedu\thinkphp\lang\zh-cn.php
[ info ] [ ROUTE ] array (
)
[ info ] [ HEADER ] array (
  'cookie' => 'pgv_pvi=4667974656; PHPSESSID=i0rslg9nh1si3lpjlneoeb93j5',
  'accept-language' => 'zh-CN,zh;q=0.9,en;q=0.8',
  'accept-encoding' => 'gzip, deflate',
  'referer' => 'http://askedu.cc/admin/alldata/add.html',
  'accept' => 'text/html,application/xhtml+xml,application/xml;q=0.9,image/webp,image/apng,*/*;q=0.8,application/signed-exchange;v=b3;q=0.9',
  'user-agent' => 'Mozilla/5.0 (Windows NT 10.0; Win64; x64) AppleWebKit/537.36 (KHTML, like Gecko) Chrome/83.0.4103.116 Safari/537.36',
  'upgrade-insecure-requests' => '1',
  'cache-control' => 'max-age=0',
  'connection' => 'keep-alive',
  'host' => 'askedu.cc',
  'content-length' => '',
  'content-type' => '',
)
[ info ] [ PARAM ] array (
)
[ info ] [ DB ] INIT mysql
[ info ] [ VIEW ] D:\phpstudy\WWW\askedu\application\admin\view\tpl\alldata.htm [ array (
  0 => 'cont',
  1 => 'list',
) ]
[ sql ] [ DB ] CONNECT:[ UseTime:0.002259s ] mysql:host=127.0.0.1;dbname=askedu;charset=utf8
[ sql ] [ SQL ] SHOW COLUMNS FROM `ask_alldata` [ RunTime:0.001479s ]
[ sql ] [ SQL ] SELECT COUNT(*) AS tp_count FROM `ask_alldata` [ RunTime:0.000371s ]
[ sql ] [ SQL ] SELECT * FROM `ask_alldata` LIMIT 0,10 [ RunTime:0.000362s ]
---------------------------------------------------------------

[2020-07-07T17:44:51+08:00] 127.0.0.1 GET askedu.cc/static/assets/css/bootstrap.css.map
[运行时间：0.052500s] [吞吐率：19.05req/s] [内存消耗：1,217.80kb] [文件加载：50]
[ info ] [ LANG ] D:\phpstudy\WWW\askedu\thinkphp\lang\zh-cn.php
---------------------------------------------------------------

[2020-07-07T17:44:51+08:00] 127.0.0.1 GET askedu.cc/static/assets/js/jquery.slimscroll.min.js.map
[运行时间：0.040788s] [吞吐率：24.52req/s] [内存消耗：1,217.81kb] [文件加载：50]
[ info ] [ LANG ] D:\phpstudy\WWW\askedu\thinkphp\lang\zh-cn.php
---------------------------------------------------------------

[2020-07-07T17:46:11+08:00] 127.0.0.1 GET askedu.cc/admin/alldata/index.html
[运行时间：0.067946s] [吞吐率：14.72req/s] [内存消耗：3,327.70kb] [文件加载：81]
[ info ] [ LANG ] D:\phpstudy\WWW\askedu\thinkphp\lang\zh-cn.php
[ info ] [ ROUTE ] array (
)
[ info ] [ HEADER ] array (
  'cookie' => 'pgv_pvi=4667974656; PHPSESSID=i0rslg9nh1si3lpjlneoeb93j5',
  'accept-language' => 'zh-CN,zh;q=0.9,en;q=0.8',
  'accept-encoding' => 'gzip, deflate',
  'referer' => 'http://askedu.cc/admin/alldata/add.html',
  'accept' => 'text/html,application/xhtml+xml,application/xml;q=0.9,image/webp,image/apng,*/*;q=0.8,application/signed-exchange;v=b3;q=0.9',
  'user-agent' => 'Mozilla/5.0 (Windows NT 10.0; Win64; x64) AppleWebKit/537.36 (KHTML, like Gecko) Chrome/83.0.4103.116 Safari/537.36',
  'upgrade-insecure-requests' => '1',
  'cache-control' => 'max-age=0',
  'connection' => 'keep-alive',
  'host' => 'askedu.cc',
  'content-length' => '',
  'content-type' => '',
)
[ info ] [ PARAM ] array (
)
[ info ] [ DB ] INIT mysql
[ info ] [ VIEW ] D:\phpstudy\WWW\askedu\application\admin\view\tpl\alldata.htm [ array (
  0 => 'cont',
  1 => 'list',
) ]
[ sql ] [ DB ] CONNECT:[ UseTime:0.010316s ] mysql:host=127.0.0.1;dbname=askedu;charset=utf8
[ sql ] [ SQL ] SHOW COLUMNS FROM `ask_alldata` [ RunTime:0.001461s ]
[ sql ] [ SQL ] SELECT COUNT(*) AS tp_count FROM `ask_alldata` [ RunTime:0.000351s ]
[ sql ] [ SQL ] SELECT * FROM `ask_alldata` LIMIT 0,10 [ RunTime:0.000416s ]
---------------------------------------------------------------

[2020-07-07T17:46:12+08:00] 127.0.0.1 GET askedu.cc/static/assets/css/bootstrap.css.map
[运行时间：0.033111s] [吞吐率：30.20req/s] [内存消耗：1,217.80kb] [文件加载：50]
[ info ] [ LANG ] D:\phpstudy\WWW\askedu\thinkphp\lang\zh-cn.php
---------------------------------------------------------------

[2020-07-07T17:46:12+08:00] 127.0.0.1 GET askedu.cc/static/assets/js/jquery.slimscroll.min.js.map
[运行时间：0.040209s] [吞吐率：24.87req/s] [内存消耗：1,217.81kb] [文件加载：50]
[ info ] [ LANG ] D:\phpstudy\WWW\askedu\thinkphp\lang\zh-cn.php
---------------------------------------------------------------

[2020-07-07T17:49:02+08:00] 127.0.0.1 GET askedu.cc/admin/alldata/index.html
[运行时间：0.083856s] [吞吐率：11.93req/s] [内存消耗：3,516.88kb] [文件加载：83]
[ info ] [ LANG ] D:\phpstudy\WWW\askedu\thinkphp\lang\zh-cn.php
[ info ] [ ROUTE ] array (
)
[ info ] [ HEADER ] array (
  'cookie' => 'pgv_pvi=4667974656; PHPSESSID=i0rslg9nh1si3lpjlneoeb93j5',
  'accept-language' => 'zh-CN,zh;q=0.9,en;q=0.8',
  'accept-encoding' => 'gzip, deflate',
  'referer' => 'http://askedu.cc/admin/alldata/add.html',
  'accept' => 'text/html,application/xhtml+xml,application/xml;q=0.9,image/webp,image/apng,*/*;q=0.8,application/signed-exchange;v=b3;q=0.9',
  'user-agent' => 'Mozilla/5.0 (Windows NT 10.0; Win64; x64) AppleWebKit/537.36 (KHTML, like Gecko) Chrome/83.0.4103.116 Safari/537.36',
  'upgrade-insecure-requests' => '1',
  'cache-control' => 'max-age=0',
  'connection' => 'keep-alive',
  'host' => 'askedu.cc',
  'content-length' => '',
  'content-type' => '',
)
[ info ] [ PARAM ] array (
)
[ info ] [ DB ] INIT mysql
[ info ] [ VIEW ] D:\phpstudy\WWW\askedu\application\admin\view\tpl\alldata.htm [ array (
  0 => 'cont',
  1 => 'list',
) ]
[ sql ] [ DB ] CONNECT:[ UseTime:0.010929s ] mysql:host=127.0.0.1;dbname=askedu;charset=utf8
[ sql ] [ SQL ] SHOW COLUMNS FROM `ask_alldata` [ RunTime:0.001493s ]
[ sql ] [ SQL ] SELECT COUNT(*) AS tp_count FROM `ask_alldata` [ RunTime:0.000232s ]
[ sql ] [ SQL ] SELECT * FROM `ask_alldata` LIMIT 0,10 [ RunTime:0.000347s ]
---------------------------------------------------------------

[2020-07-07T17:49:03+08:00] 127.0.0.1 GET askedu.cc/static/assets/css/bootstrap.css.map
[运行时间：0.048080s] [吞吐率：20.80req/s] [内存消耗：1,217.80kb] [文件加载：50]
[ info ] [ LANG ] D:\phpstudy\WWW\askedu\thinkphp\lang\zh-cn.php
---------------------------------------------------------------

[2020-07-07T17:49:03+08:00] 127.0.0.1 GET askedu.cc/static/assets/js/jquery.slimscroll.min.js.map
[运行时间：0.047291s] [吞吐率：21.15req/s] [内存消耗：1,217.81kb] [文件加载：50]
[ info ] [ LANG ] D:\phpstudy\WWW\askedu\thinkphp\lang\zh-cn.php
---------------------------------------------------------------

[2020-07-07T17:50:07+08:00] 127.0.0.1 GET askedu.cc/admin/alldata/index.html
[运行时间：0.077695s] [吞吐率：12.87req/s] [内存消耗：3,516.88kb] [文件加载：83]
[ info ] [ LANG ] D:\phpstudy\WWW\askedu\thinkphp\lang\zh-cn.php
[ info ] [ ROUTE ] array (
)
[ info ] [ HEADER ] array (
  'cookie' => 'pgv_pvi=4667974656; PHPSESSID=i0rslg9nh1si3lpjlneoeb93j5',
  'accept-language' => 'zh-CN,zh;q=0.9,en;q=0.8',
  'accept-encoding' => 'gzip, deflate',
  'referer' => 'http://askedu.cc/admin/alldata/add.html',
  'accept' => 'text/html,application/xhtml+xml,application/xml;q=0.9,image/webp,image/apng,*/*;q=0.8,application/signed-exchange;v=b3;q=0.9',
  'user-agent' => 'Mozilla/5.0 (Windows NT 10.0; Win64; x64) AppleWebKit/537.36 (KHTML, like Gecko) Chrome/83.0.4103.116 Safari/537.36',
  'upgrade-insecure-requests' => '1',
  'cache-control' => 'max-age=0',
  'connection' => 'keep-alive',
  'host' => 'askedu.cc',
  'content-length' => '',
  'content-type' => '',
)
[ info ] [ PARAM ] array (
)
[ info ] [ DB ] INIT mysql
[ info ] [ VIEW ] D:\phpstudy\WWW\askedu\application\admin\view\tpl\alldata.htm [ array (
  0 => 'cont',
  1 => 'list',
) ]
[ sql ] [ DB ] CONNECT:[ UseTime:0.010274s ] mysql:host=127.0.0.1;dbname=askedu;charset=utf8
[ sql ] [ SQL ] SHOW COLUMNS FROM `ask_alldata` [ RunTime:0.001682s ]
[ sql ] [ SQL ] SELECT COUNT(*) AS tp_count FROM `ask_alldata` [ RunTime:0.000394s ]
[ sql ] [ SQL ] SELECT * FROM `ask_alldata` LIMIT 0,10 [ RunTime:0.000526s ]
---------------------------------------------------------------

[2020-07-07T17:50:07+08:00] 127.0.0.1 GET askedu.cc/static/assets/css/bootstrap.css.map
[运行时间：0.030098s] [吞吐率：33.22req/s] [内存消耗：1,217.80kb] [文件加载：50]
[ info ] [ LANG ] D:\phpstudy\WWW\askedu\thinkphp\lang\zh-cn.php
---------------------------------------------------------------

[2020-07-07T17:50:07+08:00] 127.0.0.1 GET askedu.cc/static/assets/js/jquery.slimscroll.min.js.map
[运行时间：0.039403s] [吞吐率：25.38req/s] [内存消耗：1,217.81kb] [文件加载：50]
[ info ] [ LANG ] D:\phpstudy\WWW\askedu\thinkphp\lang\zh-cn.php
---------------------------------------------------------------

[2020-07-07T17:50:29+08:00] 127.0.0.1 GET askedu.cc/admin/alldata/index.html
[运行时间：0.056371s] [吞吐率：17.74req/s] [内存消耗：3,516.88kb] [文件加载：83]
[ info ] [ LANG ] D:\phpstudy\WWW\askedu\thinkphp\lang\zh-cn.php
[ info ] [ ROUTE ] array (
)
[ info ] [ HEADER ] array (
  'cookie' => 'pgv_pvi=4667974656; PHPSESSID=i0rslg9nh1si3lpjlneoeb93j5',
  'accept-language' => 'zh-CN,zh;q=0.9,en;q=0.8',
  'accept-encoding' => 'gzip, deflate',
  'referer' => 'http://askedu.cc/admin/alldata/add.html',
  'accept' => 'text/html,application/xhtml+xml,application/xml;q=0.9,image/webp,image/apng,*/*;q=0.8,application/signed-exchange;v=b3;q=0.9',
  'user-agent' => 'Mozilla/5.0 (Windows NT 10.0; Win64; x64) AppleWebKit/537.36 (KHTML, like Gecko) Chrome/83.0.4103.116 Safari/537.36',
  'upgrade-insecure-requests' => '1',
  'cache-control' => 'max-age=0',
  'connection' => 'keep-alive',
  'host' => 'askedu.cc',
  'content-length' => '',
  'content-type' => '',
)
[ info ] [ PARAM ] array (
)
[ info ] [ DB ] INIT mysql
[ info ] [ VIEW ] D:\phpstudy\WWW\askedu\application\admin\view\tpl\alldata.htm [ array (
  0 => 'cont',
  1 => 'list',
) ]
[ sql ] [ DB ] CONNECT:[ UseTime:0.001850s ] mysql:host=127.0.0.1;dbname=askedu;charset=utf8
[ sql ] [ SQL ] SHOW COLUMNS FROM `ask_alldata` [ RunTime:0.001622s ]
[ sql ] [ SQL ] SELECT COUNT(*) AS tp_count FROM `ask_alldata` [ RunTime:0.000402s ]
[ sql ] [ SQL ] SELECT * FROM `ask_alldata` LIMIT 0,10 [ RunTime:0.000464s ]
---------------------------------------------------------------

[2020-07-07T17:50:29+08:00] 127.0.0.1 GET askedu.cc/static/assets/js/jquery.slimscroll.min.js.map
[运行时间：0.032073s] [吞吐率：31.18req/s] [内存消耗：1,217.81kb] [文件加载：50]
[ info ] [ LANG ] D:\phpstudy\WWW\askedu\thinkphp\lang\zh-cn.php
---------------------------------------------------------------

[2020-07-07T17:50:29+08:00] 127.0.0.1 GET askedu.cc/static/assets/css/bootstrap.css.map
[运行时间：0.033512s] [吞吐率：29.84req/s] [内存消耗：1,217.80kb] [文件加载：50]
[ info ] [ LANG ] D:\phpstudy\WWW\askedu\thinkphp\lang\zh-cn.php
---------------------------------------------------------------

[2020-07-07T17:51:57+08:00] 127.0.0.1 GET askedu.cc/admin/alldata/index.html
[运行时间：0.078849s] [吞吐率：12.68req/s] [内存消耗：3,516.88kb] [文件加载：83]
[ info ] [ LANG ] D:\phpstudy\WWW\askedu\thinkphp\lang\zh-cn.php
[ info ] [ ROUTE ] array (
)
[ info ] [ HEADER ] array (
  'cookie' => 'pgv_pvi=4667974656; PHPSESSID=i0rslg9nh1si3lpjlneoeb93j5',
  'accept-language' => 'zh-CN,zh;q=0.9,en;q=0.8',
  'accept-encoding' => 'gzip, deflate',
  'referer' => 'http://askedu.cc/admin/alldata/add.html',
  'accept' => 'text/html,application/xhtml+xml,application/xml;q=0.9,image/webp,image/apng,*/*;q=0.8,application/signed-exchange;v=b3;q=0.9',
  'user-agent' => 'Mozilla/5.0 (Windows NT 10.0; Win64; x64) AppleWebKit/537.36 (KHTML, like Gecko) Chrome/83.0.4103.116 Safari/537.36',
  'upgrade-insecure-requests' => '1',
  'cache-control' => 'max-age=0',
  'connection' => 'keep-alive',
  'host' => 'askedu.cc',
  'content-length' => '',
  'content-type' => '',
)
[ info ] [ PARAM ] array (
)
[ info ] [ DB ] INIT mysql
[ info ] [ VIEW ] D:\phpstudy\WWW\askedu\application\admin\view\tpl\alldata.htm [ array (
  0 => 'cont',
  1 => 'list',
) ]
[ sql ] [ DB ] CONNECT:[ UseTime:0.010241s ] mysql:host=127.0.0.1;dbname=askedu;charset=utf8
[ sql ] [ SQL ] SHOW COLUMNS FROM `ask_alldata` [ RunTime:0.001438s ]
[ sql ] [ SQL ] SELECT COUNT(*) AS tp_count FROM `ask_alldata` [ RunTime:0.000325s ]
[ sql ] [ SQL ] SELECT * FROM `ask_alldata` LIMIT 0,10 [ RunTime:0.000476s ]
---------------------------------------------------------------

[2020-07-07T17:51:57+08:00] 127.0.0.1 GET askedu.cc/static/assets/css/bootstrap.css.map
[运行时间：0.050320s] [吞吐率：19.87req/s] [内存消耗：1,217.80kb] [文件加载：50]
[ info ] [ LANG ] D:\phpstudy\WWW\askedu\thinkphp\lang\zh-cn.php
---------------------------------------------------------------

[2020-07-07T17:51:57+08:00] 127.0.0.1 GET askedu.cc/static/assets/js/jquery.slimscroll.min.js.map
[运行时间：0.045295s] [吞吐率：22.08req/s] [内存消耗：1,217.81kb] [文件加载：50]
[ info ] [ LANG ] D:\phpstudy\WWW\askedu\thinkphp\lang\zh-cn.php
---------------------------------------------------------------

[2020-07-07T17:53:35+08:00] 127.0.0.1 GET askedu.cc/admin/alldata/index.html
[运行时间：0.087708s] [吞吐率：11.40req/s] [内存消耗：3,516.88kb] [文件加载：83]
[ info ] [ LANG ] D:\phpstudy\WWW\askedu\thinkphp\lang\zh-cn.php
[ info ] [ ROUTE ] array (
)
[ info ] [ HEADER ] array (
  'cookie' => 'pgv_pvi=4667974656; PHPSESSID=i0rslg9nh1si3lpjlneoeb93j5',
  'accept-language' => 'zh-CN,zh;q=0.9,en;q=0.8',
  'accept-encoding' => 'gzip, deflate',
  'referer' => 'http://askedu.cc/admin/alldata/add.html',
  'accept' => 'text/html,application/xhtml+xml,application/xml;q=0.9,image/webp,image/apng,*/*;q=0.8,application/signed-exchange;v=b3;q=0.9',
  'user-agent' => 'Mozilla/5.0 (Windows NT 10.0; Win64; x64) AppleWebKit/537.36 (KHTML, like Gecko) Chrome/83.0.4103.116 Safari/537.36',
  'upgrade-insecure-requests' => '1',
  'cache-control' => 'max-age=0',
  'connection' => 'keep-alive',
  'host' => 'askedu.cc',
  'content-length' => '',
  'content-type' => '',
)
[ info ] [ PARAM ] array (
)
[ info ] [ DB ] INIT mysql
[ info ] [ VIEW ] D:\phpstudy\WWW\askedu\application\admin\view\tpl\alldata.htm [ array (
  0 => 'cont',
  1 => 'list',
) ]
[ sql ] [ DB ] CONNECT:[ UseTime:0.010648s ] mysql:host=127.0.0.1;dbname=askedu;charset=utf8
[ sql ] [ SQL ] SHOW COLUMNS FROM `ask_alldata` [ RunTime:0.001315s ]
[ sql ] [ SQL ] SELECT COUNT(*) AS tp_count FROM `ask_alldata` [ RunTime:0.000230s ]
[ sql ] [ SQL ] SELECT * FROM `ask_alldata` LIMIT 0,10 [ RunTime:0.000322s ]
---------------------------------------------------------------

[2020-07-07T17:53:36+08:00] 127.0.0.1 GET askedu.cc/static/assets/css/bootstrap.css.map
[运行时间：0.040891s] [吞吐率：24.46req/s] [内存消耗：1,217.80kb] [文件加载：50]
[ info ] [ LANG ] D:\phpstudy\WWW\askedu\thinkphp\lang\zh-cn.php
---------------------------------------------------------------

[2020-07-07T17:53:36+08:00] 127.0.0.1 GET askedu.cc/static/assets/js/jquery.slimscroll.min.js.map
[运行时间：0.037715s] [吞吐率：26.51req/s] [内存消耗：1,217.81kb] [文件加载：50]
[ info ] [ LANG ] D:\phpstudy\WWW\askedu\thinkphp\lang\zh-cn.php
---------------------------------------------------------------

[2020-07-07T17:53:40+08:00] 127.0.0.1 GET askedu.cc/admin/alldata/index.html
[运行时间：0.066903s] [吞吐率：14.95req/s] [内存消耗：3,327.70kb] [文件加载：81]
[ info ] [ LANG ] D:\phpstudy\WWW\askedu\thinkphp\lang\zh-cn.php
[ info ] [ ROUTE ] array (
)
[ info ] [ HEADER ] array (
  'cookie' => 'pgv_pvi=4667974656; PHPSESSID=i0rslg9nh1si3lpjlneoeb93j5',
  'accept-language' => 'zh-CN,zh;q=0.9,en;q=0.8',
  'accept-encoding' => 'gzip, deflate',
  'referer' => 'http://askedu.cc/admin/alldata/add.html',
  'accept' => 'text/html,application/xhtml+xml,application/xml;q=0.9,image/webp,image/apng,*/*;q=0.8,application/signed-exchange;v=b3;q=0.9',
  'user-agent' => 'Mozilla/5.0 (Windows NT 10.0; Win64; x64) AppleWebKit/537.36 (KHTML, like Gecko) Chrome/83.0.4103.116 Safari/537.36',
  'upgrade-insecure-requests' => '1',
  'cache-control' => 'max-age=0',
  'connection' => 'keep-alive',
  'host' => 'askedu.cc',
  'content-length' => '',
  'content-type' => '',
)
[ info ] [ PARAM ] array (
)
[ info ] [ DB ] INIT mysql
[ info ] [ VIEW ] D:\phpstudy\WWW\askedu\application\admin\view\tpl\alldata.htm [ array (
  0 => 'cont',
  1 => 'list',
) ]
[ sql ] [ DB ] CONNECT:[ UseTime:0.001766s ] mysql:host=127.0.0.1;dbname=askedu;charset=utf8
[ sql ] [ SQL ] SHOW COLUMNS FROM `ask_alldata` [ RunTime:0.001444s ]
[ sql ] [ SQL ] SELECT COUNT(*) AS tp_count FROM `ask_alldata` [ RunTime:0.000446s ]
[ sql ] [ SQL ] SELECT * FROM `ask_alldata` LIMIT 0,10 [ RunTime:0.000505s ]
---------------------------------------------------------------

[2020-07-07T17:53:40+08:00] 127.0.0.1 GET askedu.cc/static/assets/js/jquery.slimscroll.min.js.map
[运行时间：0.035913s] [吞吐率：27.85req/s] [内存消耗：1,217.81kb] [文件加载：50]
[ info ] [ LANG ] D:\phpstudy\WWW\askedu\thinkphp\lang\zh-cn.php
---------------------------------------------------------------

[2020-07-07T17:53:40+08:00] 127.0.0.1 GET askedu.cc/static/assets/css/bootstrap.css.map
[运行时间：0.032232s] [吞吐率：31.03req/s] [内存消耗：1,217.80kb] [文件加载：50]
[ info ] [ LANG ] D:\phpstudy\WWW\askedu\thinkphp\lang\zh-cn.php
---------------------------------------------------------------

[2020-07-07T17:53:50+08:00] 127.0.0.1 GET askedu.cc/admin/alldata/index.html
[运行时间：0.064429s] [吞吐率：15.52req/s] [内存消耗：3,327.70kb] [文件加载：81]
[ info ] [ LANG ] D:\phpstudy\WWW\askedu\thinkphp\lang\zh-cn.php
[ info ] [ ROUTE ] array (
)
[ info ] [ HEADER ] array (
  'cookie' => 'pgv_pvi=4667974656; PHPSESSID=i0rslg9nh1si3lpjlneoeb93j5',
  'accept-language' => 'zh-CN,zh;q=0.9,en;q=0.8',
  'accept-encoding' => 'gzip, deflate',
  'referer' => 'http://askedu.cc/admin/alldata/add.html',
  'accept' => 'text/html,application/xhtml+xml,application/xml;q=0.9,image/webp,image/apng,*/*;q=0.8,application/signed-exchange;v=b3;q=0.9',
  'user-agent' => 'Mozilla/5.0 (Windows NT 10.0; Win64; x64) AppleWebKit/537.36 (KHTML, like Gecko) Chrome/83.0.4103.116 Safari/537.36',
  'upgrade-insecure-requests' => '1',
  'cache-control' => 'max-age=0',
  'connection' => 'keep-alive',
  'host' => 'askedu.cc',
  'content-length' => '',
  'content-type' => '',
)
[ info ] [ PARAM ] array (
)
[ info ] [ DB ] INIT mysql
[ info ] [ VIEW ] D:\phpstudy\WWW\askedu\application\admin\view\tpl\alldata.htm [ array (
  0 => 'cont',
  1 => 'list',
) ]
[ sql ] [ DB ] CONNECT:[ UseTime:0.001716s ] mysql:host=127.0.0.1;dbname=askedu;charset=utf8
[ sql ] [ SQL ] SHOW COLUMNS FROM `ask_alldata` [ RunTime:0.001049s ]
[ sql ] [ SQL ] SELECT COUNT(*) AS tp_count FROM `ask_alldata` [ RunTime:0.000217s ]
[ sql ] [ SQL ] SELECT * FROM `ask_alldata` LIMIT 0,10 [ RunTime:0.000340s ]
---------------------------------------------------------------

[2020-07-07T17:53:50+08:00] 127.0.0.1 GET askedu.cc/static/assets/css/bootstrap.css.map
[运行时间：0.029328s] [吞吐率：34.10req/s] [内存消耗：1,217.80kb] [文件加载：50]
[ info ] [ LANG ] D:\phpstudy\WWW\askedu\thinkphp\lang\zh-cn.php
---------------------------------------------------------------

[2020-07-07T17:53:50+08:00] 127.0.0.1 GET askedu.cc/static/assets/js/jquery.slimscroll.min.js.map
[运行时间：0.038028s] [吞吐率：26.30req/s] [内存消耗：1,217.81kb] [文件加载：50]
[ info ] [ LANG ] D:\phpstudy\WWW\askedu\thinkphp\lang\zh-cn.php
---------------------------------------------------------------

[2020-07-07T17:53:53+08:00] 127.0.0.1 GET askedu.cc/admin/alldata/index.html
[运行时间：0.090680s] [吞吐率：11.03req/s] [内存消耗：3,328.02kb] [文件加载：81]
[ info ] [ LANG ] D:\phpstudy\WWW\askedu\thinkphp\lang\zh-cn.php
[ info ] [ ROUTE ] array (
)
[ info ] [ HEADER ] array (
  'cookie' => 'pgv_pvi=4667974656; PHPSESSID=i0rslg9nh1si3lpjlneoeb93j5',
  'accept-language' => 'zh-CN,zh;q=0.9,en;q=0.8',
  'accept-encoding' => 'gzip, deflate',
  'referer' => 'http://askedu.cc/admin/alldata/add.html',
  'accept' => 'text/html,application/xhtml+xml,application/xml;q=0.9,image/webp,image/apng,*/*;q=0.8,application/signed-exchange;v=b3;q=0.9',
  'user-agent' => 'Mozilla/5.0 (Windows NT 10.0; Win64; x64) AppleWebKit/537.36 (KHTML, like Gecko) Chrome/83.0.4103.116 Safari/537.36',
  'upgrade-insecure-requests' => '1',
  'cache-control' => 'no-cache',
  'pragma' => 'no-cache',
  'connection' => 'keep-alive',
  'host' => 'askedu.cc',
  'content-length' => '',
  'content-type' => '',
)
[ info ] [ PARAM ] array (
)
[ info ] [ DB ] INIT mysql
[ info ] [ VIEW ] D:\phpstudy\WWW\askedu\application\admin\view\tpl\alldata.htm [ array (
  0 => 'cont',
  1 => 'list',
) ]
[ sql ] [ DB ] CONNECT:[ UseTime:0.003739s ] mysql:host=127.0.0.1;dbname=askedu;charset=utf8
[ sql ] [ SQL ] SHOW COLUMNS FROM `ask_alldata` [ RunTime:0.001192s ]
[ sql ] [ SQL ] SELECT COUNT(*) AS tp_count FROM `ask_alldata` [ RunTime:0.000297s ]
[ sql ] [ SQL ] SELECT * FROM `ask_alldata` LIMIT 0,10 [ RunTime:0.000376s ]
---------------------------------------------------------------

[2020-07-07T17:53:53+08:00] 127.0.0.1 GET askedu.cc/static/assets/css/bootstrap.css.map
[运行时间：0.034664s] [吞吐率：28.85req/s] [内存消耗：1,217.80kb] [文件加载：50]
[ info ] [ LANG ] D:\phpstudy\WWW\askedu\thinkphp\lang\zh-cn.php
---------------------------------------------------------------

[2020-07-07T17:53:53+08:00] 127.0.0.1 GET askedu.cc/static/assets/js/jquery.slimscroll.min.js.map
[运行时间：0.038740s] [吞吐率：25.81req/s] [内存消耗：1,217.81kb] [文件加载：50]
[ info ] [ LANG ] D:\phpstudy\WWW\askedu\thinkphp\lang\zh-cn.php
---------------------------------------------------------------

[2020-07-07T17:53:53+08:00] 127.0.0.1 GET askedu.cc/admin/alldata/index.html
[运行时间：0.077428s] [吞吐率：12.92req/s] [内存消耗：3,328.02kb] [文件加载：81]
[ info ] [ LANG ] D:\phpstudy\WWW\askedu\thinkphp\lang\zh-cn.php
[ info ] [ ROUTE ] array (
)
[ info ] [ HEADER ] array (
  'cookie' => 'pgv_pvi=4667974656; PHPSESSID=i0rslg9nh1si3lpjlneoeb93j5',
  'accept-language' => 'zh-CN,zh;q=0.9,en;q=0.8',
  'accept-encoding' => 'gzip, deflate',
  'referer' => 'http://askedu.cc/admin/alldata/add.html',
  'accept' => 'text/html,application/xhtml+xml,application/xml;q=0.9,image/webp,image/apng,*/*;q=0.8,application/signed-exchange;v=b3;q=0.9',
  'user-agent' => 'Mozilla/5.0 (Windows NT 10.0; Win64; x64) AppleWebKit/537.36 (KHTML, like Gecko) Chrome/83.0.4103.116 Safari/537.36',
  'upgrade-insecure-requests' => '1',
  'cache-control' => 'no-cache',
  'pragma' => 'no-cache',
  'connection' => 'keep-alive',
  'host' => 'askedu.cc',
  'content-length' => '',
  'content-type' => '',
)
[ info ] [ PARAM ] array (
)
[ info ] [ DB ] INIT mysql
[ info ] [ VIEW ] D:\phpstudy\WWW\askedu\application\admin\view\tpl\alldata.htm [ array (
  0 => 'cont',
  1 => 'list',
) ]
[ sql ] [ DB ] CONNECT:[ UseTime:0.002378s ] mysql:host=127.0.0.1;dbname=askedu;charset=utf8
[ sql ] [ SQL ] SHOW COLUMNS FROM `ask_alldata` [ RunTime:0.001242s ]
[ sql ] [ SQL ] SELECT COUNT(*) AS tp_count FROM `ask_alldata` [ RunTime:0.000410s ]
[ sql ] [ SQL ] SELECT * FROM `ask_alldata` LIMIT 0,10 [ RunTime:0.000724s ]
---------------------------------------------------------------

[2020-07-07T17:53:54+08:00] 127.0.0.1 GET askedu.cc/admin/alldata/index.html
[运行时间：0.091990s] [吞吐率：10.87req/s] [内存消耗：3,328.02kb] [文件加载：81]
[ info ] [ LANG ] D:\phpstudy\WWW\askedu\thinkphp\lang\zh-cn.php
[ info ] [ ROUTE ] array (
)
[ info ] [ HEADER ] array (
  'cookie' => 'pgv_pvi=4667974656; PHPSESSID=i0rslg9nh1si3lpjlneoeb93j5',
  'accept-language' => 'zh-CN,zh;q=0.9,en;q=0.8',
  'accept-encoding' => 'gzip, deflate',
  'referer' => 'http://askedu.cc/admin/alldata/add.html',
  'accept' => 'text/html,application/xhtml+xml,application/xml;q=0.9,image/webp,image/apng,*/*;q=0.8,application/signed-exchange;v=b3;q=0.9',
  'user-agent' => 'Mozilla/5.0 (Windows NT 10.0; Win64; x64) AppleWebKit/537.36 (KHTML, like Gecko) Chrome/83.0.4103.116 Safari/537.36',
  'upgrade-insecure-requests' => '1',
  'cache-control' => 'no-cache',
  'pragma' => 'no-cache',
  'connection' => 'keep-alive',
  'host' => 'askedu.cc',
  'content-length' => '',
  'content-type' => '',
)
[ info ] [ PARAM ] array (
)
[ info ] [ DB ] INIT mysql
[ info ] [ VIEW ] D:\phpstudy\WWW\askedu\application\admin\view\tpl\alldata.htm [ array (
  0 => 'cont',
  1 => 'list',
) ]
[ sql ] [ DB ] CONNECT:[ UseTime:0.003083s ] mysql:host=127.0.0.1;dbname=askedu;charset=utf8
[ sql ] [ SQL ] SHOW COLUMNS FROM `ask_alldata` [ RunTime:0.001927s ]
[ sql ] [ SQL ] SELECT COUNT(*) AS tp_count FROM `ask_alldata` [ RunTime:0.000460s ]
[ sql ] [ SQL ] SELECT * FROM `ask_alldata` LIMIT 0,10 [ RunTime:0.000483s ]
---------------------------------------------------------------

[2020-07-07T17:53:54+08:00] 127.0.0.1 GET askedu.cc/static/assets/css/bootstrap.css.map
[运行时间：0.035832s] [吞吐率：27.91req/s] [内存消耗：1,217.80kb] [文件加载：50]
[ info ] [ LANG ] D:\phpstudy\WWW\askedu\thinkphp\lang\zh-cn.php
---------------------------------------------------------------

[2020-07-07T17:53:54+08:00] 127.0.0.1 GET askedu.cc/static/assets/js/jquery.slimscroll.min.js.map
[运行时间：0.061927s] [吞吐率：16.15req/s] [内存消耗：1,217.81kb] [文件加载：50]
[ info ] [ LANG ] D:\phpstudy\WWW\askedu\thinkphp\lang\zh-cn.php
---------------------------------------------------------------

[2020-07-07T17:53:54+08:00] 127.0.0.1 GET askedu.cc/static/assets/js/jquery.slimscroll.min.js.map
[运行时间：0.036555s] [吞吐率：27.36req/s] [内存消耗：1,217.81kb] [文件加载：50]
[ info ] [ LANG ] D:\phpstudy\WWW\askedu\thinkphp\lang\zh-cn.php
---------------------------------------------------------------

[2020-07-07T17:53:54+08:00] 127.0.0.1 GET askedu.cc/static/assets/css/bootstrap.css.map
[运行时间：0.036906s] [吞吐率：27.10req/s] [内存消耗：1,217.80kb] [文件加载：50]
[ info ] [ LANG ] D:\phpstudy\WWW\askedu\thinkphp\lang\zh-cn.php
---------------------------------------------------------------

[2020-07-07T17:54:39+08:00] 127.0.0.1 GET askedu.cc/admin/alldata/index.html
[运行时间：0.085160s] [吞吐率：11.74req/s] [内存消耗：3,517.20kb] [文件加载：83]
[ info ] [ LANG ] D:\phpstudy\WWW\askedu\thinkphp\lang\zh-cn.php
[ info ] [ ROUTE ] array (
)
[ info ] [ HEADER ] array (
  'cookie' => 'pgv_pvi=4667974656; PHPSESSID=i0rslg9nh1si3lpjlneoeb93j5',
  'accept-language' => 'zh-CN,zh;q=0.9,en;q=0.8',
  'accept-encoding' => 'gzip, deflate',
  'referer' => 'http://askedu.cc/admin/alldata/add.html',
  'accept' => 'text/html,application/xhtml+xml,application/xml;q=0.9,image/webp,image/apng,*/*;q=0.8,application/signed-exchange;v=b3;q=0.9',
  'user-agent' => 'Mozilla/5.0 (Windows NT 10.0; Win64; x64) AppleWebKit/537.36 (KHTML, like Gecko) Chrome/83.0.4103.116 Safari/537.36',
  'upgrade-insecure-requests' => '1',
  'cache-control' => 'no-cache',
  'pragma' => 'no-cache',
  'connection' => 'keep-alive',
  'host' => 'askedu.cc',
  'content-length' => '',
  'content-type' => '',
)
[ info ] [ PARAM ] array (
)
[ info ] [ DB ] INIT mysql
[ info ] [ VIEW ] D:\phpstudy\WWW\askedu\application\admin\view\tpl\alldata.htm [ array (
  0 => 'cont',
  1 => 'list',
) ]
[ sql ] [ DB ] CONNECT:[ UseTime:0.002909s ] mysql:host=127.0.0.1;dbname=askedu;charset=utf8
[ sql ] [ SQL ] SHOW COLUMNS FROM `ask_alldata` [ RunTime:0.002108s ]
[ sql ] [ SQL ] SELECT COUNT(*) AS tp_count FROM `ask_alldata` [ RunTime:0.000491s ]
[ sql ] [ SQL ] SELECT * FROM `ask_alldata` LIMIT 0,10 [ RunTime:0.000811s ]
---------------------------------------------------------------

[2020-07-07T17:54:40+08:00] 127.0.0.1 GET askedu.cc/admin/alldata/index.html
[运行时间：0.070419s] [吞吐率：14.20req/s] [内存消耗：3,328.02kb] [文件加载：81]
[ info ] [ LANG ] D:\phpstudy\WWW\askedu\thinkphp\lang\zh-cn.php
[ info ] [ ROUTE ] array (
)
[ info ] [ HEADER ] array (
  'cookie' => 'pgv_pvi=4667974656; PHPSESSID=i0rslg9nh1si3lpjlneoeb93j5',
  'accept-language' => 'zh-CN,zh;q=0.9,en;q=0.8',
  'accept-encoding' => 'gzip, deflate',
  'referer' => 'http://askedu.cc/admin/alldata/add.html',
  'accept' => 'text/html,application/xhtml+xml,application/xml;q=0.9,image/webp,image/apng,*/*;q=0.8,application/signed-exchange;v=b3;q=0.9',
  'user-agent' => 'Mozilla/5.0 (Windows NT 10.0; Win64; x64) AppleWebKit/537.36 (KHTML, like Gecko) Chrome/83.0.4103.116 Safari/537.36',
  'upgrade-insecure-requests' => '1',
  'cache-control' => 'no-cache',
  'pragma' => 'no-cache',
  'connection' => 'keep-alive',
  'host' => 'askedu.cc',
  'content-length' => '',
  'content-type' => '',
)
[ info ] [ PARAM ] array (
)
[ info ] [ DB ] INIT mysql
[ info ] [ VIEW ] D:\phpstudy\WWW\askedu\application\admin\view\tpl\alldata.htm [ array (
  0 => 'cont',
  1 => 'list',
) ]
[ sql ] [ DB ] CONNECT:[ UseTime:0.001831s ] mysql:host=127.0.0.1;dbname=askedu;charset=utf8
[ sql ] [ SQL ] SHOW COLUMNS FROM `ask_alldata` [ RunTime:0.001113s ]
[ sql ] [ SQL ] SELECT COUNT(*) AS tp_count FROM `ask_alldata` [ RunTime:0.000360s ]
[ sql ] [ SQL ] SELECT * FROM `ask_alldata` LIMIT 0,10 [ RunTime:0.000416s ]
---------------------------------------------------------------

[2020-07-07T17:54:42+08:00] 127.0.0.1 GET askedu.cc/static/assets/css/bootstrap.css.map
[运行时间：0.072120s] [吞吐率：13.87req/s] [内存消耗：1,217.80kb] [文件加载：50]
[ info ] [ LANG ] D:\phpstudy\WWW\askedu\thinkphp\lang\zh-cn.php
---------------------------------------------------------------

[2020-07-07T17:54:42+08:00] 127.0.0.1 GET askedu.cc/static/assets/js/jquery.slimscroll.min.js.map
[运行时间：0.030823s] [吞吐率：32.44req/s] [内存消耗：1,217.81kb] [文件加载：50]
[ info ] [ LANG ] D:\phpstudy\WWW\askedu\thinkphp\lang\zh-cn.php
---------------------------------------------------------------

[2020-07-07T17:56:50+08:00] 127.0.0.1 GET askedu.cc/admin/alldata/index.html
[运行时间：0.079773s] [吞吐率：12.54req/s] [内存消耗：3,327.70kb] [文件加载：81]
[ info ] [ LANG ] D:\phpstudy\WWW\askedu\thinkphp\lang\zh-cn.php
[ info ] [ ROUTE ] array (
)
[ info ] [ HEADER ] array (
  'cookie' => 'pgv_pvi=4667974656; PHPSESSID=i0rslg9nh1si3lpjlneoeb93j5',
  'accept-language' => 'zh-CN,zh;q=0.9,en;q=0.8',
  'accept-encoding' => 'gzip, deflate',
  'referer' => 'http://askedu.cc/admin/alldata/add.html',
  'accept' => 'text/html,application/xhtml+xml,application/xml;q=0.9,image/webp,image/apng,*/*;q=0.8,application/signed-exchange;v=b3;q=0.9',
  'user-agent' => 'Mozilla/5.0 (Windows NT 10.0; Win64; x64) AppleWebKit/537.36 (KHTML, like Gecko) Chrome/83.0.4103.116 Safari/537.36',
  'upgrade-insecure-requests' => '1',
  'cache-control' => 'max-age=0',
  'connection' => 'keep-alive',
  'host' => 'askedu.cc',
  'content-length' => '',
  'content-type' => '',
)
[ info ] [ PARAM ] array (
)
[ info ] [ DB ] INIT mysql
[ info ] [ VIEW ] D:\phpstudy\WWW\askedu\application\admin\view\tpl\alldata.htm [ array (
  0 => 'cont',
  1 => 'list',
) ]
[ sql ] [ DB ] CONNECT:[ UseTime:0.002356s ] mysql:host=127.0.0.1;dbname=askedu;charset=utf8
[ sql ] [ SQL ] SHOW COLUMNS FROM `ask_alldata` [ RunTime:0.001192s ]
[ sql ] [ SQL ] SELECT COUNT(*) AS tp_count FROM `ask_alldata` [ RunTime:0.000249s ]
[ sql ] [ SQL ] SELECT * FROM `ask_alldata` LIMIT 0,10 [ RunTime:0.000326s ]
---------------------------------------------------------------

[2020-07-07T17:56:51+08:00] 127.0.0.1 GET askedu.cc/static/assets/css/bootstrap.css.map
[运行时间：0.042698s] [吞吐率：23.42req/s] [内存消耗：1,217.80kb] [文件加载：50]
[ info ] [ LANG ] D:\phpstudy\WWW\askedu\thinkphp\lang\zh-cn.php
---------------------------------------------------------------

[2020-07-07T17:56:51+08:00] 127.0.0.1 GET askedu.cc/static/assets/js/jquery.slimscroll.min.js.map
[运行时间：0.061518s] [吞吐率：16.26req/s] [内存消耗：1,217.81kb] [文件加载：50]
[ info ] [ LANG ] D:\phpstudy\WWW\askedu\thinkphp\lang\zh-cn.php
---------------------------------------------------------------

[2020-07-07T17:59:56+08:00] 127.0.0.1 GET askedu.cc/admin/alldata/index.html
[运行时间：0.078268s] [吞吐率：12.78req/s] [内存消耗：3,516.75kb] [文件加载：83]
[ info ] [ LANG ] D:\phpstudy\WWW\askedu\thinkphp\lang\zh-cn.php
[ info ] [ ROUTE ] array (
)
[ info ] [ HEADER ] array (
  'cookie' => 'pgv_pvi=4667974656; PHPSESSID=i0rslg9nh1si3lpjlneoeb93j5',
  'accept-language' => 'zh-CN,zh;q=0.9,en;q=0.8',
  'accept-encoding' => 'gzip, deflate',
  'referer' => 'http://askedu.cc/admin/alldata/add.html',
  'accept' => 'text/html,application/xhtml+xml,application/xml;q=0.9,image/webp,image/apng,*/*;q=0.8,application/signed-exchange;v=b3;q=0.9',
  'user-agent' => 'Mozilla/5.0 (Windows NT 10.0; Win64; x64) AppleWebKit/537.36 (KHTML, like Gecko) Chrome/83.0.4103.116 Safari/537.36',
  'upgrade-insecure-requests' => '1',
  'cache-control' => 'max-age=0',
  'connection' => 'keep-alive',
  'host' => 'askedu.cc',
  'content-length' => '',
  'content-type' => '',
)
[ info ] [ PARAM ] array (
)
[ info ] [ DB ] INIT mysql
[ info ] [ VIEW ] D:\phpstudy\WWW\askedu\application\admin\view\tpl\alldata.htm [ array (
  0 => 'cont',
  1 => 'list',
) ]
[ sql ] [ DB ] CONNECT:[ UseTime:0.010597s ] mysql:host=127.0.0.1;dbname=askedu;charset=utf8
[ sql ] [ SQL ] SHOW COLUMNS FROM `ask_alldata` [ RunTime:0.001221s ]
[ sql ] [ SQL ] SELECT COUNT(*) AS tp_count FROM `ask_alldata` [ RunTime:0.000483s ]
[ sql ] [ SQL ] SELECT * FROM `ask_alldata` LIMIT 0,10 [ RunTime:0.000438s ]
---------------------------------------------------------------

[2020-07-07T17:59:57+08:00] 127.0.0.1 GET askedu.cc/static/assets/js/jquery.slimscroll.min.js.map
[运行时间：0.057471s] [吞吐率：17.40req/s] [内存消耗：1,217.81kb] [文件加载：50]
[ info ] [ LANG ] D:\phpstudy\WWW\askedu\thinkphp\lang\zh-cn.php
---------------------------------------------------------------

[2020-07-07T17:59:57+08:00] 127.0.0.1 GET askedu.cc/static/assets/css/bootstrap.css.map
[运行时间：0.058859s] [吞吐率：16.99req/s] [内存消耗：1,217.80kb] [文件加载：50]
[ info ] [ LANG ] D:\phpstudy\WWW\askedu\thinkphp\lang\zh-cn.php
---------------------------------------------------------------

[2020-07-07T17:59:58+08:00] 127.0.0.1 GET askedu.cc/admin/alldata/index.html
[运行时间：0.065023s] [吞吐率：15.38req/s] [内存消耗：3,327.58kb] [文件加载：81]
[ info ] [ LANG ] D:\phpstudy\WWW\askedu\thinkphp\lang\zh-cn.php
[ info ] [ ROUTE ] array (
)
[ info ] [ HEADER ] array (
  'cookie' => 'pgv_pvi=4667974656; PHPSESSID=i0rslg9nh1si3lpjlneoeb93j5',
  'accept-language' => 'zh-CN,zh;q=0.9,en;q=0.8',
  'accept-encoding' => 'gzip, deflate',
  'referer' => 'http://askedu.cc/admin/alldata/add.html',
  'accept' => 'text/html,application/xhtml+xml,application/xml;q=0.9,image/webp,image/apng,*/*;q=0.8,application/signed-exchange;v=b3;q=0.9',
  'user-agent' => 'Mozilla/5.0 (Windows NT 10.0; Win64; x64) AppleWebKit/537.36 (KHTML, like Gecko) Chrome/83.0.4103.116 Safari/537.36',
  'upgrade-insecure-requests' => '1',
  'cache-control' => 'max-age=0',
  'connection' => 'keep-alive',
  'host' => 'askedu.cc',
  'content-length' => '',
  'content-type' => '',
)
[ info ] [ PARAM ] array (
)
[ info ] [ DB ] INIT mysql
[ info ] [ VIEW ] D:\phpstudy\WWW\askedu\application\admin\view\tpl\alldata.htm [ array (
  0 => 'cont',
  1 => 'list',
) ]
[ sql ] [ DB ] CONNECT:[ UseTime:0.010370s ] mysql:host=127.0.0.1;dbname=askedu;charset=utf8
[ sql ] [ SQL ] SHOW COLUMNS FROM `ask_alldata` [ RunTime:0.001068s ]
[ sql ] [ SQL ] SELECT COUNT(*) AS tp_count FROM `ask_alldata` [ RunTime:0.000238s ]
[ sql ] [ SQL ] SELECT * FROM `ask_alldata` LIMIT 0,10 [ RunTime:0.000350s ]
---------------------------------------------------------------

[2020-07-07T17:59:58+08:00] 127.0.0.1 GET askedu.cc/static/assets/css/bootstrap.css.map
[运行时间：0.037598s] [吞吐率：26.60req/s] [内存消耗：1,217.80kb] [文件加载：50]
[ info ] [ LANG ] D:\phpstudy\WWW\askedu\thinkphp\lang\zh-cn.php
---------------------------------------------------------------

[2020-07-07T17:59:58+08:00] 127.0.0.1 GET askedu.cc/static/assets/js/jquery.slimscroll.min.js.map
[运行时间：0.038101s] [吞吐率：26.25req/s] [内存消耗：1,217.81kb] [文件加载：50]
[ info ] [ LANG ] D:\phpstudy\WWW\askedu\thinkphp\lang\zh-cn.php
---------------------------------------------------------------

[2020-07-07T17:59:58+08:00] 127.0.0.1 GET askedu.cc/admin/alldata/index.html
[运行时间：0.057988s] [吞吐率：17.24req/s] [内存消耗：3,327.58kb] [文件加载：81]
[ info ] [ LANG ] D:\phpstudy\WWW\askedu\thinkphp\lang\zh-cn.php
[ info ] [ ROUTE ] array (
)
[ info ] [ HEADER ] array (
  'cookie' => 'pgv_pvi=4667974656; PHPSESSID=i0rslg9nh1si3lpjlneoeb93j5',
  'accept-language' => 'zh-CN,zh;q=0.9,en;q=0.8',
  'accept-encoding' => 'gzip, deflate',
  'referer' => 'http://askedu.cc/admin/alldata/add.html',
  'accept' => 'text/html,application/xhtml+xml,application/xml;q=0.9,image/webp,image/apng,*/*;q=0.8,application/signed-exchange;v=b3;q=0.9',
  'user-agent' => 'Mozilla/5.0 (Windows NT 10.0; Win64; x64) AppleWebKit/537.36 (KHTML, like Gecko) Chrome/83.0.4103.116 Safari/537.36',
  'upgrade-insecure-requests' => '1',
  'cache-control' => 'max-age=0',
  'connection' => 'keep-alive',
  'host' => 'askedu.cc',
  'content-length' => '',
  'content-type' => '',
)
[ info ] [ PARAM ] array (
)
[ info ] [ DB ] INIT mysql
[ info ] [ VIEW ] D:\phpstudy\WWW\askedu\application\admin\view\tpl\alldata.htm [ array (
  0 => 'cont',
  1 => 'list',
) ]
[ sql ] [ DB ] CONNECT:[ UseTime:0.002103s ] mysql:host=127.0.0.1;dbname=askedu;charset=utf8
[ sql ] [ SQL ] SHOW COLUMNS FROM `ask_alldata` [ RunTime:0.001097s ]
[ sql ] [ SQL ] SELECT COUNT(*) AS tp_count FROM `ask_alldata` [ RunTime:0.000311s ]
[ sql ] [ SQL ] SELECT * FROM `ask_alldata` LIMIT 0,10 [ RunTime:0.000386s ]
---------------------------------------------------------------

[2020-07-07T17:59:59+08:00] 127.0.0.1 GET askedu.cc/static/assets/css/bootstrap.css.map
[运行时间：0.042467s] [吞吐率：23.55req/s] [内存消耗：1,217.80kb] [文件加载：50]
[ info ] [ LANG ] D:\phpstudy\WWW\askedu\thinkphp\lang\zh-cn.php
---------------------------------------------------------------

[2020-07-07T17:59:59+08:00] 127.0.0.1 GET askedu.cc/static/assets/js/jquery.slimscroll.min.js.map
[运行时间：0.036921s] [吞吐率：27.08req/s] [内存消耗：1,217.81kb] [文件加载：50]
[ info ] [ LANG ] D:\phpstudy\WWW\askedu\thinkphp\lang\zh-cn.php
---------------------------------------------------------------

[2020-07-07T18:00:08+08:00] 127.0.0.1 GET askedu.cc/admin/alldata/index.html
[运行时间：0.058943s] [吞吐率：16.97req/s] [内存消耗：3,516.75kb] [文件加载：83]
[ info ] [ LANG ] D:\phpstudy\WWW\askedu\thinkphp\lang\zh-cn.php
[ info ] [ ROUTE ] array (
)
[ info ] [ HEADER ] array (
  'cookie' => 'pgv_pvi=4667974656; PHPSESSID=i0rslg9nh1si3lpjlneoeb93j5',
  'accept-language' => 'zh-CN,zh;q=0.9,en;q=0.8',
  'accept-encoding' => 'gzip, deflate',
  'referer' => 'http://askedu.cc/admin/alldata/add.html',
  'accept' => 'text/html,application/xhtml+xml,application/xml;q=0.9,image/webp,image/apng,*/*;q=0.8,application/signed-exchange;v=b3;q=0.9',
  'user-agent' => 'Mozilla/5.0 (Windows NT 10.0; Win64; x64) AppleWebKit/537.36 (KHTML, like Gecko) Chrome/83.0.4103.116 Safari/537.36',
  'upgrade-insecure-requests' => '1',
  'cache-control' => 'max-age=0',
  'connection' => 'keep-alive',
  'host' => 'askedu.cc',
  'content-length' => '',
  'content-type' => '',
)
[ info ] [ PARAM ] array (
)
[ info ] [ DB ] INIT mysql
[ info ] [ VIEW ] D:\phpstudy\WWW\askedu\application\admin\view\tpl\alldata.htm [ array (
  0 => 'cont',
  1 => 'list',
) ]
[ sql ] [ DB ] CONNECT:[ UseTime:0.002185s ] mysql:host=127.0.0.1;dbname=askedu;charset=utf8
[ sql ] [ SQL ] SHOW COLUMNS FROM `ask_alldata` [ RunTime:0.001114s ]
[ sql ] [ SQL ] SELECT COUNT(*) AS tp_count FROM `ask_alldata` [ RunTime:0.000302s ]
[ sql ] [ SQL ] SELECT * FROM `ask_alldata` LIMIT 0,10 [ RunTime:0.000351s ]
---------------------------------------------------------------

[2020-07-07T18:00:08+08:00] 127.0.0.1 GET askedu.cc/static/assets/css/bootstrap.css.map
[运行时间：0.041767s] [吞吐率：23.94req/s] [内存消耗：1,217.80kb] [文件加载：50]
[ info ] [ LANG ] D:\phpstudy\WWW\askedu\thinkphp\lang\zh-cn.php
---------------------------------------------------------------

[2020-07-07T18:00:08+08:00] 127.0.0.1 GET askedu.cc/static/assets/js/jquery.slimscroll.min.js.map
[运行时间：0.045400s] [吞吐率：22.03req/s] [内存消耗：1,217.81kb] [文件加载：50]
[ info ] [ LANG ] D:\phpstudy\WWW\askedu\thinkphp\lang\zh-cn.php
