---------------------------------------------------------------

[2020-07-11T09:25:23+08:00] 127.0.0.1 GET askedu.cc/
[è¿è¡Œæ—¶é—´ï¼š0.090393s] [ååç‡ï¼š11.06req/s] [å†…å­˜æ¶ˆè€—ï¼š1,679.78kb] [æ–‡ä»¶åŠ è½½ï¼š57]
[ info ] [ LANG ] D:\phpstudy\WWW\askedu\thinkphp\lang\zh-cn.php
[ info ] [ ROUTE ] array (
)
[ info ] [ HEADER ] array (
  'cookie' => 'pgv_pvi=4667974656',
  'accept-language' => 'zh-CN,zh;q=0.9,en;q=0.8',
  'accept-encoding' => 'gzip, deflate',
  'accept' => 'text/html,application/xhtml+xml,application/xml;q=0.9,image/webp,image/apng,*/*;q=0.8,application/signed-exchange;v=b3;q=0.9',
  'user-agent' => 'Mozilla/5.0 (Windows NT 10.0; Win64; x64) AppleWebKit/537.36 (KHTML, like Gecko) Chrome/83.0.4103.116 Safari/537.36',
  'upgrade-insecure-requests' => '1',
  'connection' => 'keep-alive',
  'host' => 'askedu.cc',
  'content-length' => '',
  'content-type' => '',
)
[ info ] [ PARAM ] array (
)
---------------------------------------------------------------

[2020-07-11T09:25:29+08:00] 127.0.0.1 GET askedu.cc/admin/alldata/add.html
[è¿è¡Œæ—¶é—´ï¼š0.066836s] [ååç‡ï¼š14.96req/s] [å†…å­˜æ¶ˆè€—ï¼š1,947.79kb] [æ–‡ä»¶åŠ è½½ï¼š66]
[ info ] [ LANG ] D:\phpstudy\WWW\askedu\thinkphp\lang\zh-cn.php
[ info ] [ ROUTE ] array (
)
[ info ] [ HEADER ] array (
  'cookie' => 'pgv_pvi=4667974656; pgv_si=s1468951552',
  'accept-language' => 'zh-CN,zh;q=0.9,en;q=0.8',
  'accept-encoding' => 'gzip, deflate',
  'accept' => 'text/html,application/xhtml+xml,application/xml;q=0.9,image/webp,image/apng,*/*;q=0.8,application/signed-exchange;v=b3;q=0.9',
  'user-agent' => 'Mozilla/5.0 (Windows NT 10.0; Win64; x64) AppleWebKit/537.36 (KHTML, like Gecko) Chrome/83.0.4103.116 Safari/537.36',
  'upgrade-insecure-requests' => '1',
  'connection' => 'keep-alive',
  'host' => 'askedu.cc',
  'content-length' => '',
  'content-type' => '',
)
[ info ] [ PARAM ] array (
)
[ info ] [ VIEW ] D:\phpstudy\WWW\askedu\application\admin\view\tpl\alldata_add.htm [ array (
  0 => 'cont',
) ]
---------------------------------------------------------------

[2020-07-11T09:25:33+08:00] 127.0.0.1 GET askedu.cc/admin/alldata/index.html
[è¿è¡Œæ—¶é—´ï¼š0.171105s] [ååç‡ï¼š5.84req/s] [å†…å­˜æ¶ˆè€—ï¼š3,544.95kb] [æ–‡ä»¶åŠ è½½ï¼š83]
[ info ] [ LANG ] D:\phpstudy\WWW\askedu\thinkphp\lang\zh-cn.php
[ info ] [ ROUTE ] array (
)
[ info ] [ HEADER ] array (
  'cookie' => 'pgv_pvi=4667974656; pgv_si=s1468951552; PHPSESSID=qnm3vto7gj6kogi14k7hqao7i1',
  'accept-language' => 'zh-CN,zh;q=0.9,en;q=0.8',
  'accept-encoding' => 'gzip, deflate',
  'referer' => 'http://askedu.cc/admin/alldata/add.html',
  'accept' => 'text/html,application/xhtml+xml,application/xml;q=0.9,image/webp,image/apng,*/*;q=0.8,application/signed-exchange;v=b3;q=0.9',
  'user-agent' => 'Mozilla/5.0 (Windows NT 10.0; Win64; x64) AppleWebKit/537.36 (KHTML, like Gecko) Chrome/83.0.4103.116 Safari/537.36',
  'upgrade-insecure-requests' => '1',
  'connection' => 'keep-alive',
  'host' => 'askedu.cc',
  'content-length' => '',
  'content-type' => '',
)
[ info ] [ PARAM ] array (
)
[ info ] [ DB ] INIT mysql
[ info ] [ VIEW ] D:\phpstudy\WWW\askedu\application\admin\view\tpl\alldata.htm [ array (
  0 => 'cont',
  1 => 'list',
) ]
[ sql ] [ DB ] CONNECT:[ UseTime:0.019220s ] mysql:host=127.0.0.1;dbname=askedu;charset=utf8
[ sql ] [ SQL ] SHOW COLUMNS FROM `ask_alldata` [ RunTime:0.034136s ]
[ sql ] [ SQL ] SELECT COUNT(*) AS tp_count FROM `ask_alldata` [ RunTime:0.009194s ]
[ sql ] [ SQL ] SELECT * FROM `ask_alldata` LIMIT 0,10 [ RunTime:0.001132s ]
---------------------------------------------------------------

[2020-07-11T09:25:48+08:00] 127.0.0.1 GET askedu.cc/static/assets/js/jquery.slimscroll.min.js.map
[è¿è¡Œæ—¶é—´ï¼š0.044597s] [ååç‡ï¼š22.42req/s] [å†…å­˜æ¶ˆè€—ï¼š1,217.81kb] [æ–‡ä»¶åŠ è½½ï¼š50]
[ info ] [ LANG ] D:\phpstudy\WWW\askedu\thinkphp\lang\zh-cn.php
---------------------------------------------------------------

[2020-07-11T09:25:48+08:00] 127.0.0.1 GET askedu.cc/static/assets/css/bootstrap.css.map
[è¿è¡Œæ—¶é—´ï¼š0.041066s] [ååç‡ï¼š24.35req/s] [å†…å­˜æ¶ˆè€—ï¼š1,217.80kb] [æ–‡ä»¶åŠ è½½ï¼š50]
[ info ] [ LANG ] D:\phpstudy\WWW\askedu\thinkphp\lang\zh-cn.php
---------------------------------------------------------------

[2020-07-11T09:27:25+08:00] 127.0.0.1 GET askedu.cc/admin/alldata/index.html
[è¿è¡Œæ—¶é—´ï¼š0.098123s] [ååç‡ï¼š10.19req/s] [å†…å­˜æ¶ˆè€—ï¼š3,347.72kb] [æ–‡ä»¶åŠ è½½ï¼š81]
[ info ] [ LANG ] D:\phpstudy\WWW\askedu\thinkphp\lang\zh-cn.php
[ info ] [ ROUTE ] array (
)
[ info ] [ HEADER ] array (
  'cookie' => 'pgv_pvi=4667974656; pgv_si=s1468951552; PHPSESSID=qnm3vto7gj6kogi14k7hqao7i1',
  'accept-language' => 'zh-CN,zh;q=0.9,en;q=0.8',
  'accept-encoding' => 'gzip, deflate',
  'accept' => 'text/html,application/xhtml+xml,application/xml;q=0.9,image/webp,image/apng,*/*;q=0.8,application/signed-exchange;v=b3;q=0.9',
  'user-agent' => 'Mozilla/5.0 (Windows NT 10.0; Win64; x64) AppleWebKit/537.36 (KHTML, like Gecko) Chrome/83.0.4103.116 Safari/537.36',
  'upgrade-insecure-requests' => '1',
  'connection' => 'keep-alive',
  'host' => 'askedu.cc',
  'content-length' => '',
  'content-type' => '',
)
[ info ] [ PARAM ] array (
)
[ info ] [ DB ] INIT mysql
[ info ] [ VIEW ] D:\phpstudy\WWW\askedu\application\admin\view\tpl\alldata.htm [ array (
  0 => 'cont',
  1 => 'list',
) ]
[ sql ] [ DB ] CONNECT:[ UseTime:0.003042s ] mysql:host=127.0.0.1;dbname=askedu;charset=utf8
[ sql ] [ SQL ] SHOW COLUMNS FROM `ask_alldata` [ RunTime:0.002216s ]
[ sql ] [ SQL ] SELECT COUNT(*) AS tp_count FROM `ask_alldata` [ RunTime:0.000583s ]
[ sql ] [ SQL ] SELECT * FROM `ask_alldata` LIMIT 0,10 [ RunTime:0.000786s ]
---------------------------------------------------------------

[2020-07-11T09:29:10+08:00] 127.0.0.1 GET askedu.cc/admin/alldata/index.html
[è¿è¡Œæ—¶é—´ï¼š0.091202s] [ååç‡ï¼š10.96req/s] [å†…å­˜æ¶ˆè€—ï¼š3,545.27kb] [æ–‡ä»¶åŠ è½½ï¼š83]
[ info ] [ LANG ] D:\phpstudy\WWW\askedu\thinkphp\lang\zh-cn.php
[ info ] [ ROUTE ] array (
)
[ info ] [ HEADER ] array (
  'cookie' => 'pgv_pvi=4667974656; pgv_si=s1468951552; PHPSESSID=qnm3vto7gj6kogi14k7hqao7i1',
  'accept-language' => 'zh-CN,zh;q=0.9,en;q=0.8',
  'accept-encoding' => 'gzip, deflate',
  'referer' => 'http://askedu.cc/admin/alldata/add.html',
  'accept' => 'text/html,application/xhtml+xml,application/xml;q=0.9,image/webp,image/apng,*/*;q=0.8,application/signed-exchange;v=b3;q=0.9',
  'user-agent' => 'Mozilla/5.0 (Windows NT 10.0; Win64; x64) AppleWebKit/537.36 (KHTML, like Gecko) Chrome/83.0.4103.116 Safari/537.36',
  'upgrade-insecure-requests' => '1',
  'cache-control' => 'max-age=0',
  'connection' => 'keep-alive',
  'host' => 'askedu.cc',
  'content-length' => '',
  'content-type' => '',
)
[ info ] [ PARAM ] array (
)
[ info ] [ DB ] INIT mysql
[ info ] [ VIEW ] D:\phpstudy\WWW\askedu\application\admin\view\tpl\alldata.htm [ array (
  0 => 'cont',
  1 => 'list',
) ]
[ sql ] [ DB ] CONNECT:[ UseTime:0.002315s ] mysql:host=127.0.0.1;dbname=askedu;charset=utf8
[ sql ] [ SQL ] SHOW COLUMNS FROM `ask_alldata` [ RunTime:0.001495s ]
[ sql ] [ SQL ] SELECT COUNT(*) AS tp_count FROM `ask_alldata` [ RunTime:0.000393s ]
[ sql ] [ SQL ] SELECT * FROM `ask_alldata` LIMIT 0,10 [ RunTime:0.000426s ]
---------------------------------------------------------------

[2020-07-11T09:29:11+08:00] 127.0.0.1 GET askedu.cc/static/assets/css/bootstrap.css.map
[è¿è¡Œæ—¶é—´ï¼š0.040667s] [ååç‡ï¼š24.59req/s] [å†…å­˜æ¶ˆè€—ï¼š1,217.80kb] [æ–‡ä»¶åŠ è½½ï¼š50]
[ info ] [ LANG ] D:\phpstudy\WWW\askedu\thinkphp\lang\zh-cn.php
---------------------------------------------------------------

[2020-07-11T09:29:11+08:00] 127.0.0.1 GET askedu.cc/static/assets/js/jquery.slimscroll.min.js.map
[è¿è¡Œæ—¶é—´ï¼š0.048286s] [ååç‡ï¼š20.71req/s] [å†…å­˜æ¶ˆè€—ï¼š1,217.81kb] [æ–‡ä»¶åŠ è½½ï¼š50]
[ info ] [ LANG ] D:\phpstudy\WWW\askedu\thinkphp\lang\zh-cn.php
---------------------------------------------------------------

[2020-07-11T09:29:11+08:00] 127.0.0.1 GET askedu.cc/admin/alldata/index.html
[è¿è¡Œæ—¶é—´ï¼š0.068130s] [ååç‡ï¼š14.68req/s] [å†…å­˜æ¶ˆè€—ï¼š3,348.10kb] [æ–‡ä»¶åŠ è½½ï¼š81]
[ info ] [ LANG ] D:\phpstudy\WWW\askedu\thinkphp\lang\zh-cn.php
[ info ] [ ROUTE ] array (
)
[ info ] [ HEADER ] array (
  'cookie' => 'pgv_pvi=4667974656; pgv_si=s1468951552; PHPSESSID=qnm3vto7gj6kogi14k7hqao7i1',
  'accept-language' => 'zh-CN,zh;q=0.9,en;q=0.8',
  'accept-encoding' => 'gzip, deflate',
  'referer' => 'http://askedu.cc/admin/alldata/add.html',
  'accept' => 'text/html,application/xhtml+xml,application/xml;q=0.9,image/webp,image/apng,*/*;q=0.8,application/signed-exchange;v=b3;q=0.9',
  'user-agent' => 'Mozilla/5.0 (Windows NT 10.0; Win64; x64) AppleWebKit/537.36 (KHTML, like Gecko) Chrome/83.0.4103.116 Safari/537.36',
  'upgrade-insecure-requests' => '1',
  'cache-control' => 'max-age=0',
  'connection' => 'keep-alive',
  'host' => 'askedu.cc',
  'content-length' => '',
  'content-type' => '',
)
[ info ] [ PARAM ] array (
)
[ info ] [ DB ] INIT mysql
[ info ] [ VIEW ] D:\phpstudy\WWW\askedu\application\admin\view\tpl\alldata.htm [ array (
  0 => 'cont',
  1 => 'list',
) ]
[ sql ] [ DB ] CONNECT:[ UseTime:0.002345s ] mysql:host=127.0.0.1;dbname=askedu;charset=utf8
[ sql ] [ SQL ] SHOW COLUMNS FROM `ask_alldata` [ RunTime:0.001564s ]
[ sql ] [ SQL ] SELECT COUNT(*) AS tp_count FROM `ask_alldata` [ RunTime:0.000371s ]
[ sql ] [ SQL ] SELECT * FROM `ask_alldata` LIMIT 0,10 [ RunTime:0.000505s ]
---------------------------------------------------------------

[2020-07-11T09:29:12+08:00] 127.0.0.1 GET askedu.cc/static/assets/js/jquery.slimscroll.min.js.map
[è¿è¡Œæ—¶é—´ï¼š0.055763s] [ååç‡ï¼š17.93req/s] [å†…å­˜æ¶ˆè€—ï¼š1,217.81kb] [æ–‡ä»¶åŠ è½½ï¼š50]
[ info ] [ LANG ] D:\phpstudy\WWW\askedu\thinkphp\lang\zh-cn.php
---------------------------------------------------------------

[2020-07-11T09:29:12+08:00] 127.0.0.1 GET askedu.cc/static/assets/css/bootstrap.css.map
[è¿è¡Œæ—¶é—´ï¼š0.091249s] [ååç‡ï¼š10.96req/s] [å†…å­˜æ¶ˆè€—ï¼š1,217.80kb] [æ–‡ä»¶åŠ è½½ï¼š50]
[ info ] [ LANG ] D:\phpstudy\WWW\askedu\thinkphp\lang\zh-cn.php
---------------------------------------------------------------

[2020-07-11T09:29:30+08:00] 127.0.0.1 GET askedu.cc/admin/alldata/index.html
[è¿è¡Œæ—¶é—´ï¼š0.086148s] [ååç‡ï¼š11.61req/s] [å†…å­˜æ¶ˆè€—ï¼š3,545.27kb] [æ–‡ä»¶åŠ è½½ï¼š83]
[ info ] [ LANG ] D:\phpstudy\WWW\askedu\thinkphp\lang\zh-cn.php
[ info ] [ ROUTE ] array (
)
[ info ] [ HEADER ] array (
  'cookie' => 'pgv_pvi=4667974656; pgv_si=s1468951552; PHPSESSID=qnm3vto7gj6kogi14k7hqao7i1',
  'accept-language' => 'zh-CN,zh;q=0.9,en;q=0.8',
  'accept-encoding' => 'gzip, deflate',
  'referer' => 'http://askedu.cc/admin/alldata/add.html',
  'accept' => 'text/html,application/xhtml+xml,application/xml;q=0.9,image/webp,image/apng,*/*;q=0.8,application/signed-exchange;v=b3;q=0.9',
  'user-agent' => 'Mozilla/5.0 (Windows NT 10.0; Win64; x64) AppleWebKit/537.36 (KHTML, like Gecko) Chrome/83.0.4103.116 Safari/537.36',
  'upgrade-insecure-requests' => '1',
  'cache-control' => 'max-age=0',
  'connection' => 'keep-alive',
  'host' => 'askedu.cc',
  'content-length' => '',
  'content-type' => '',
)
[ info ] [ PARAM ] array (
)
[ info ] [ DB ] INIT mysql
[ info ] [ VIEW ] D:\phpstudy\WWW\askedu\application\admin\view\tpl\alldata.htm [ array (
  0 => 'cont',
  1 => 'list',
) ]
[ sql ] [ DB ] CONNECT:[ UseTime:0.002202s ] mysql:host=127.0.0.1;dbname=askedu;charset=utf8
[ sql ] [ SQL ] SHOW COLUMNS FROM `ask_alldata` [ RunTime:0.001911s ]
[ sql ] [ SQL ] SELECT COUNT(*) AS tp_count FROM `ask_alldata` [ RunTime:0.000354s ]
[ sql ] [ SQL ] SELECT * FROM `ask_alldata` LIMIT 0,10 [ RunTime:0.000461s ]
---------------------------------------------------------------

[2020-07-11T09:29:30+08:00] 127.0.0.1 GET askedu.cc/static/assets/css/bootstrap.css.map
[è¿è¡Œæ—¶é—´ï¼š0.041354s] [ååç‡ï¼š24.18req/s] [å†…å­˜æ¶ˆè€—ï¼š1,217.80kb] [æ–‡ä»¶åŠ è½½ï¼š50]
[ info ] [ LANG ] D:\phpstudy\WWW\askedu\thinkphp\lang\zh-cn.php
---------------------------------------------------------------

[2020-07-11T09:29:30+08:00] 127.0.0.1 GET askedu.cc/static/assets/js/jquery.slimscroll.min.js.map
[è¿è¡Œæ—¶é—´ï¼š0.047586s] [ååç‡ï¼š21.01req/s] [å†…å­˜æ¶ˆè€—ï¼š1,217.81kb] [æ–‡ä»¶åŠ è½½ï¼š50]
[ info ] [ LANG ] D:\phpstudy\WWW\askedu\thinkphp\lang\zh-cn.php
---------------------------------------------------------------

[2020-07-11T09:30:52+08:00] 127.0.0.1 GET askedu.cc/admin/alldata/index.html
[è¿è¡Œæ—¶é—´ï¼š0.089196s] [ååç‡ï¼š11.21req/s] [å†…å­˜æ¶ˆè€—ï¼š3,545.27kb] [æ–‡ä»¶åŠ è½½ï¼š83]
[ info ] [ LANG ] D:\phpstudy\WWW\askedu\thinkphp\lang\zh-cn.php
[ info ] [ ROUTE ] array (
)
[ info ] [ HEADER ] array (
  'cookie' => 'pgv_pvi=4667974656; pgv_si=s1468951552; PHPSESSID=qnm3vto7gj6kogi14k7hqao7i1',
  'accept-language' => 'zh-CN,zh;q=0.9,en;q=0.8',
  'accept-encoding' => 'gzip, deflate',
  'referer' => 'http://askedu.cc/admin/alldata/add.html',
  'accept' => 'text/html,application/xhtml+xml,application/xml;q=0.9,image/webp,image/apng,*/*;q=0.8,application/signed-exchange;v=b3;q=0.9',
  'user-agent' => 'Mozilla/5.0 (Windows NT 10.0; Win64; x64) AppleWebKit/537.36 (KHTML, like Gecko) Chrome/83.0.4103.116 Safari/537.36',
  'upgrade-insecure-requests' => '1',
  'cache-control' => 'max-age=0',
  'connection' => 'keep-alive',
  'host' => 'askedu.cc',
  'content-length' => '',
  'content-type' => '',
)
[ info ] [ PARAM ] array (
)
[ info ] [ DB ] INIT mysql
[ info ] [ VIEW ] D:\phpstudy\WWW\askedu\application\admin\view\tpl\alldata.htm [ array (
  0 => 'cont',
  1 => 'list',
) ]
[ sql ] [ DB ] CONNECT:[ UseTime:0.002281s ] mysql:host=127.0.0.1;dbname=askedu;charset=utf8
[ sql ] [ SQL ] SHOW COLUMNS FROM `ask_alldata` [ RunTime:0.001724s ]
[ sql ] [ SQL ] SELECT COUNT(*) AS tp_count FROM `ask_alldata` [ RunTime:0.000423s ]
[ sql ] [ SQL ] SELECT * FROM `ask_alldata` LIMIT 0,10 [ RunTime:0.000415s ]
---------------------------------------------------------------

[2020-07-11T09:30:52+08:00] 127.0.0.1 GET askedu.cc/admin/alldata/index.html
[è¿è¡Œæ—¶é—´ï¼š0.058319s] [ååç‡ï¼š17.15req/s] [å†…å­˜æ¶ˆè€—ï¼š3,348.10kb] [æ–‡ä»¶åŠ è½½ï¼š81]
[ info ] [ LANG ] D:\phpstudy\WWW\askedu\thinkphp\lang\zh-cn.php
[ info ] [ ROUTE ] array (
)
[ info ] [ HEADER ] array (
  'cookie' => 'pgv_pvi=4667974656; pgv_si=s1468951552; PHPSESSID=qnm3vto7gj6kogi14k7hqao7i1',
  'accept-language' => 'zh-CN,zh;q=0.9,en;q=0.8',
  'accept-encoding' => 'gzip, deflate',
  'referer' => 'http://askedu.cc/admin/alldata/add.html',
  'accept' => 'text/html,application/xhtml+xml,application/xml;q=0.9,image/webp,image/apng,*/*;q=0.8,application/signed-exchange;v=b3;q=0.9',
  'user-agent' => 'Mozilla/5.0 (Windows NT 10.0; Win64; x64) AppleWebKit/537.36 (KHTML, like Gecko) Chrome/83.0.4103.116 Safari/537.36',
  'upgrade-insecure-requests' => '1',
  'cache-control' => 'max-age=0',
  'connection' => 'keep-alive',
  'host' => 'askedu.cc',
  'content-length' => '',
  'content-type' => '',
)
[ info ] [ PARAM ] array (
)
[ info ] [ DB ] INIT mysql
[ info ] [ VIEW ] D:\phpstudy\WWW\askedu\application\admin\view\tpl\alldata.htm [ array (
  0 => 'cont',
  1 => 'list',
) ]
[ sql ] [ DB ] CONNECT:[ UseTime:0.002050s ] mysql:host=127.0.0.1;dbname=askedu;charset=utf8
[ sql ] [ SQL ] SHOW COLUMNS FROM `ask_alldata` [ RunTime:0.001752s ]
[ sql ] [ SQL ] SELECT COUNT(*) AS tp_count FROM `ask_alldata` [ RunTime:0.000457s ]
[ sql ] [ SQL ] SELECT * FROM `ask_alldata` LIMIT 0,10 [ RunTime:0.000483s ]
---------------------------------------------------------------

[2020-07-11T09:30:53+08:00] 127.0.0.1 GET askedu.cc/static/assets/js/jquery.slimscroll.min.js.map
[è¿è¡Œæ—¶é—´ï¼š0.038855s] [ååç‡ï¼š25.74req/s] [å†…å­˜æ¶ˆè€—ï¼š1,217.81kb] [æ–‡ä»¶åŠ è½½ï¼š50]
[ info ] [ LANG ] D:\phpstudy\WWW\askedu\thinkphp\lang\zh-cn.php
---------------------------------------------------------------

[2020-07-11T09:30:53+08:00] 127.0.0.1 GET askedu.cc/static/assets/css/bootstrap.css.map
[è¿è¡Œæ—¶é—´ï¼š0.050204s] [ååç‡ï¼š19.92req/s] [å†…å­˜æ¶ˆè€—ï¼š1,217.80kb] [æ–‡ä»¶åŠ è½½ï¼š50]
[ info ] [ LANG ] D:\phpstudy\WWW\askedu\thinkphp\lang\zh-cn.php
---------------------------------------------------------------

[2020-07-11T09:30:53+08:00] 127.0.0.1 GET askedu.cc/admin/alldata/index.html
[è¿è¡Œæ—¶é—´ï¼š0.079391s] [ååç‡ï¼š12.60req/s] [å†…å­˜æ¶ˆè€—ï¼š3,348.10kb] [æ–‡ä»¶åŠ è½½ï¼š81]
[ info ] [ LANG ] D:\phpstudy\WWW\askedu\thinkphp\lang\zh-cn.php
[ info ] [ ROUTE ] array (
)
[ info ] [ HEADER ] array (
  'cookie' => 'pgv_pvi=4667974656; pgv_si=s1468951552; PHPSESSID=qnm3vto7gj6kogi14k7hqao7i1',
  'accept-language' => 'zh-CN,zh;q=0.9,en;q=0.8',
  'accept-encoding' => 'gzip, deflate',
  'referer' => 'http://askedu.cc/admin/alldata/add.html',
  'accept' => 'text/html,application/xhtml+xml,application/xml;q=0.9,image/webp,image/apng,*/*;q=0.8,application/signed-exchange;v=b3;q=0.9',
  'user-agent' => 'Mozilla/5.0 (Windows NT 10.0; Win64; x64) AppleWebKit/537.36 (KHTML, like Gecko) Chrome/83.0.4103.116 Safari/537.36',
  'upgrade-insecure-requests' => '1',
  'cache-control' => 'max-age=0',
  'connection' => 'keep-alive',
  'host' => 'askedu.cc',
  'content-length' => '',
  'content-type' => '',
)
[ info ] [ PARAM ] array (
)
[ info ] [ DB ] INIT mysql
[ info ] [ VIEW ] D:\phpstudy\WWW\askedu\application\admin\view\tpl\alldata.htm [ array (
  0 => 'cont',
  1 => 'list',
) ]
[ sql ] [ DB ] CONNECT:[ UseTime:0.002487s ] mysql:host=127.0.0.1;dbname=askedu;charset=utf8
[ sql ] [ SQL ] SHOW COLUMNS FROM `ask_alldata` [ RunTime:0.002444s ]
[ sql ] [ SQL ] SELECT COUNT(*) AS tp_count FROM `ask_alldata` [ RunTime:0.000371s ]
[ sql ] [ SQL ] SELECT * FROM `ask_alldata` LIMIT 0,10 [ RunTime:0.000467s ]
---------------------------------------------------------------

[2020-07-11T09:30:54+08:00] 127.0.0.1 GET askedu.cc/static/assets/css/bootstrap.css.map
[è¿è¡Œæ—¶é—´ï¼š0.046310s] [ååç‡ï¼š21.59req/s] [å†…å­˜æ¶ˆè€—ï¼š1,217.80kb] [æ–‡ä»¶åŠ è½½ï¼š50]
[ info ] [ LANG ] D:\phpstudy\WWW\askedu\thinkphp\lang\zh-cn.php
---------------------------------------------------------------

[2020-07-11T09:30:54+08:00] 127.0.0.1 GET askedu.cc/admin/alldata/index.html
[è¿è¡Œæ—¶é—´ï¼š0.081638s] [ååç‡ï¼š12.25req/s] [å†…å­˜æ¶ˆè€—ï¼š3,348.10kb] [æ–‡ä»¶åŠ è½½ï¼š81]
[ info ] [ LANG ] D:\phpstudy\WWW\askedu\thinkphp\lang\zh-cn.php
[ info ] [ ROUTE ] array (
)
[ info ] [ HEADER ] array (
  'cookie' => 'pgv_pvi=4667974656; pgv_si=s1468951552; PHPSESSID=qnm3vto7gj6kogi14k7hqao7i1',
  'accept-language' => 'zh-CN,zh;q=0.9,en;q=0.8',
  'accept-encoding' => 'gzip, deflate',
  'referer' => 'http://askedu.cc/admin/alldata/add.html',
  'accept' => 'text/html,application/xhtml+xml,application/xml;q=0.9,image/webp,image/apng,*/*;q=0.8,application/signed-exchange;v=b3;q=0.9',
  'user-agent' => 'Mozilla/5.0 (Windows NT 10.0; Win64; x64) AppleWebKit/537.36 (KHTML, like Gecko) Chrome/83.0.4103.116 Safari/537.36',
  'upgrade-insecure-requests' => '1',
  'cache-control' => 'max-age=0',
  'connection' => 'keep-alive',
  'host' => 'askedu.cc',
  'content-length' => '',
  'content-type' => '',
)
[ info ] [ PARAM ] array (
)
[ info ] [ DB ] INIT mysql
[ info ] [ VIEW ] D:\phpstudy\WWW\askedu\application\admin\view\tpl\alldata.htm [ array (
  0 => 'cont',
  1 => 'list',
) ]
[ sql ] [ DB ] CONNECT:[ UseTime:0.002562s ] mysql:host=127.0.0.1;dbname=askedu;charset=utf8
[ sql ] [ SQL ] SHOW COLUMNS FROM `ask_alldata` [ RunTime:0.002554s ]
[ sql ] [ SQL ] SELECT COUNT(*) AS tp_count FROM `ask_alldata` [ RunTime:0.000540s ]
[ sql ] [ SQL ] SELECT * FROM `ask_alldata` LIMIT 0,10 [ RunTime:0.000735s ]
---------------------------------------------------------------

[2020-07-11T09:30:54+08:00] 127.0.0.1 GET askedu.cc/static/assets/js/jquery.slimscroll.min.js.map
[è¿è¡Œæ—¶é—´ï¼š0.041324s] [ååç‡ï¼š24.20req/s] [å†…å­˜æ¶ˆè€—ï¼š1,217.81kb] [æ–‡ä»¶åŠ è½½ï¼š50]
[ info ] [ LANG ] D:\phpstudy\WWW\askedu\thinkphp\lang\zh-cn.php
---------------------------------------------------------------

[2020-07-11T09:30:54+08:00] 127.0.0.1 GET askedu.cc/static/assets/css/bootstrap.css.map
[è¿è¡Œæ—¶é—´ï¼š0.060950s] [ååç‡ï¼š16.41req/s] [å†…å­˜æ¶ˆè€—ï¼š1,217.80kb] [æ–‡ä»¶åŠ è½½ï¼š50]
[ info ] [ LANG ] D:\phpstudy\WWW\askedu\thinkphp\lang\zh-cn.php
---------------------------------------------------------------

[2020-07-11T09:30:54+08:00] 127.0.0.1 GET askedu.cc/static/assets/js/jquery.slimscroll.min.js.map
[è¿è¡Œæ—¶é—´ï¼š0.046743s] [ååç‡ï¼š21.39req/s] [å†…å­˜æ¶ˆè€—ï¼š1,217.81kb] [æ–‡ä»¶åŠ è½½ï¼š50]
[ info ] [ LANG ] D:\phpstudy\WWW\askedu\thinkphp\lang\zh-cn.php
---------------------------------------------------------------

[2020-07-11T09:31:24+08:00] 127.0.0.1 GET askedu.cc/admin/alldata/index.html
[è¿è¡Œæ—¶é—´ï¼š0.093193s] [ååç‡ï¼š10.73req/s] [å†…å­˜æ¶ˆè€—ï¼š3,545.27kb] [æ–‡ä»¶åŠ è½½ï¼š83]
[ info ] [ LANG ] D:\phpstudy\WWW\askedu\thinkphp\lang\zh-cn.php
[ info ] [ ROUTE ] array (
)
[ info ] [ HEADER ] array (
  'cookie' => 'pgv_pvi=4667974656; pgv_si=s1468951552; PHPSESSID=qnm3vto7gj6kogi14k7hqao7i1',
  'accept-language' => 'zh-CN,zh;q=0.9,en;q=0.8',
  'accept-encoding' => 'gzip, deflate',
  'referer' => 'http://askedu.cc/admin/alldata/add.html',
  'accept' => 'text/html,application/xhtml+xml,application/xml;q=0.9,image/webp,image/apng,*/*;q=0.8,application/signed-exchange;v=b3;q=0.9',
  'user-agent' => 'Mozilla/5.0 (Windows NT 10.0; Win64; x64) AppleWebKit/537.36 (KHTML, like Gecko) Chrome/83.0.4103.116 Safari/537.36',
  'upgrade-insecure-requests' => '1',
  'cache-control' => 'max-age=0',
  'connection' => 'keep-alive',
  'host' => 'askedu.cc',
  'content-length' => '',
  'content-type' => '',
)
[ info ] [ PARAM ] array (
)
[ info ] [ DB ] INIT mysql
[ info ] [ VIEW ] D:\phpstudy\WWW\askedu\application\admin\view\tpl\alldata.htm [ array (
  0 => 'cont',
  1 => 'list',
) ]
[ sql ] [ DB ] CONNECT:[ UseTime:0.002316s ] mysql:host=127.0.0.1;dbname=askedu;charset=utf8
[ sql ] [ SQL ] SHOW COLUMNS FROM `ask_alldata` [ RunTime:0.001856s ]
[ sql ] [ SQL ] SELECT COUNT(*) AS tp_count FROM `ask_alldata` [ RunTime:0.000443s ]
[ sql ] [ SQL ] SELECT * FROM `ask_alldata` LIMIT 0,10 [ RunTime:0.000612s ]
---------------------------------------------------------------

[2020-07-11T09:31:24+08:00] 127.0.0.1 GET askedu.cc/static/assets/css/bootstrap.css.map
[è¿è¡Œæ—¶é—´ï¼š0.042030s] [ååç‡ï¼š23.79req/s] [å†…å­˜æ¶ˆè€—ï¼š1,217.80kb] [æ–‡ä»¶åŠ è½½ï¼š50]
[ info ] [ LANG ] D:\phpstudy\WWW\askedu\thinkphp\lang\zh-cn.php
---------------------------------------------------------------

[2020-07-11T09:31:24+08:00] 127.0.0.1 GET askedu.cc/static/assets/js/jquery.slimscroll.min.js.map
[è¿è¡Œæ—¶é—´ï¼š0.057131s] [ååç‡ï¼š17.50req/s] [å†…å­˜æ¶ˆè€—ï¼š1,217.81kb] [æ–‡ä»¶åŠ è½½ï¼š50]
[ info ] [ LANG ] D:\phpstudy\WWW\askedu\thinkphp\lang\zh-cn.php
---------------------------------------------------------------

[2020-07-11T09:37:23+08:00] 127.0.0.1 GET askedu.cc/admin/alldata/index.html
[è¿è¡Œæ—¶é—´ï¼š0.090423s] [ååç‡ï¼š11.06req/s] [å†…å­˜æ¶ˆè€—ï¼š3,545.27kb] [æ–‡ä»¶åŠ è½½ï¼š83]
[ info ] [ LANG ] D:\phpstudy\WWW\askedu\thinkphp\lang\zh-cn.php
[ info ] [ ROUTE ] array (
)
[ info ] [ HEADER ] array (
  'cookie' => 'pgv_pvi=4667974656; pgv_si=s1468951552; PHPSESSID=qnm3vto7gj6kogi14k7hqao7i1',
  'accept-language' => 'zh-CN,zh;q=0.9,en;q=0.8',
  'accept-encoding' => 'gzip, deflate',
  'referer' => 'http://askedu.cc/admin/alldata/add.html',
  'accept' => 'text/html,application/xhtml+xml,application/xml;q=0.9,image/webp,image/apng,*/*;q=0.8,application/signed-exchange;v=b3;q=0.9',
  'user-agent' => 'Mozilla/5.0 (Windows NT 10.0; Win64; x64) AppleWebKit/537.36 (KHTML, like Gecko) Chrome/83.0.4103.116 Safari/537.36',
  'upgrade-insecure-requests' => '1',
  'cache-control' => 'max-age=0',
  'connection' => 'keep-alive',
  'host' => 'askedu.cc',
  'content-length' => '',
  'content-type' => '',
)
[ info ] [ PARAM ] array (
)
[ info ] [ DB ] INIT mysql
[ info ] [ VIEW ] D:\phpstudy\WWW\askedu\application\admin\view\tpl\alldata.htm [ array (
  0 => 'cont',
  1 => 'list',
) ]
[ sql ] [ DB ] CONNECT:[ UseTime:0.002742s ] mysql:host=127.0.0.1;dbname=askedu;charset=utf8
[ sql ] [ SQL ] SHOW COLUMNS FROM `ask_alldata` [ RunTime:0.002545s ]
[ sql ] [ SQL ] SELECT COUNT(*) AS tp_count FROM `ask_alldata` [ RunTime:0.000427s ]
[ sql ] [ SQL ] SELECT * FROM `ask_alldata` LIMIT 0,10 [ RunTime:0.000576s ]
---------------------------------------------------------------

[2020-07-11T09:37:24+08:00] 127.0.0.1 GET askedu.cc/static/assets/css/bootstrap.css.map
[è¿è¡Œæ—¶é—´ï¼š0.076150s] [ååç‡ï¼š13.13req/s] [å†…å­˜æ¶ˆè€—ï¼š1,217.80kb] [æ–‡ä»¶åŠ è½½ï¼š50]
[ info ] [ LANG ] D:\phpstudy\WWW\askedu\thinkphp\lang\zh-cn.php
---------------------------------------------------------------

[2020-07-11T09:37:24+08:00] 127.0.0.1 GET askedu.cc/static/assets/js/jquery.slimscroll.min.js.map
[è¿è¡Œæ—¶é—´ï¼š0.055660s] [ååç‡ï¼š17.97req/s] [å†…å­˜æ¶ˆè€—ï¼š1,217.81kb] [æ–‡ä»¶åŠ è½½ï¼š50]
[ info ] [ LANG ] D:\phpstudy\WWW\askedu\thinkphp\lang\zh-cn.php
---------------------------------------------------------------

[2020-07-11T16:50:10+08:00] 127.0.0.1 POST askedu.cc/admin/alldata/importexcel.html
[è¿è¡Œæ—¶é—´ï¼š0.048912s] [ååç‡ï¼š20.44req/s] [å†…å­˜æ¶ˆè€—ï¼š1,821.81kb] [æ–‡ä»¶åŠ è½½ï¼š65]
[ info ] [ LANG ] D:\phpstudy\WWW\askedu\thinkphp\lang\zh-cn.php
[ info ] [ ROUTE ] array (
)
[ info ] [ HEADER ] array (
  'cookie' => 'pgv_pvi=4667974656; pgv_si=s1468951552; PHPSESSID=qnm3vto7gj6kogi14k7hqao7i1',
  'accept-language' => 'zh-CN,zh;q=0.9,en;q=0.8',
  'accept-encoding' => 'gzip, deflate',
  'referer' => 'http://askedu.cc/admin/alldata/index.html',
  'origin' => 'http://askedu.cc',
  'content-type' => 'multipart/form-data; boundary=----WebKitFormBoundarydlAghWiSeuL9FEiT',
  'user-agent' => 'Mozilla/5.0 (Windows NT 10.0; Win64; x64) AppleWebKit/537.36 (KHTML, like Gecko) Chrome/83.0.4103.116 Safari/537.36',
  'x-requested-with' => 'XMLHttpRequest',
  'accept' => 'application/json, text/javascript, */*; q=0.01',
  'content-length' => '73420',
  'connection' => 'keep-alive',
  'host' => 'askedu.cc',
)
[ info ] [ PARAM ] array (
)
[ error ] [0]è‡´å‘½é”™è¯¯: Call to undefined function app\admin\controller\vendor()[D:\phpstudy\WWW\askedu\application\admin\controller\Alldata.php:91]
---------------------------------------------------------------

[2020-07-11T17:17:13+08:00] 127.0.0.1 GET askedu.cc/admin/alldata/index.html
[è¿è¡Œæ—¶é—´ï¼š0.087749s] [ååç‡ï¼š11.40req/s] [å†…å­˜æ¶ˆè€—ï¼š3,453.02kb] [æ–‡ä»¶åŠ è½½ï¼š83]
[ info ] [ LANG ] D:\phpstudy\WWW\askedu\thinkphp\lang\zh-cn.php
[ info ] [ ROUTE ] array (
)
[ info ] [ HEADER ] array (
  'cookie' => 'pgv_pvi=4667974656; pgv_si=s1468951552; PHPSESSID=qnm3vto7gj6kogi14k7hqao7i1',
  'accept-language' => 'zh-CN,zh;q=0.9,en;q=0.8',
  'accept-encoding' => 'gzip, deflate',
  'referer' => 'http://askedu.cc/admin/alldata/add.html',
  'accept' => 'text/html,application/xhtml+xml,application/xml;q=0.9,image/webp,image/apng,*/*;q=0.8,application/signed-exchange;v=b3;q=0.9',
  'user-agent' => 'Mozilla/5.0 (Windows NT 10.0; Win64; x64) AppleWebKit/537.36 (KHTML, like Gecko) Chrome/83.0.4103.116 Safari/537.36',
  'upgrade-insecure-requests' => '1',
  'cache-control' => 'max-age=0',
  'connection' => 'keep-alive',
  'host' => 'askedu.cc',
  'content-length' => '',
  'content-type' => '',
)
[ info ] [ PARAM ] array (
)
[ info ] [ DB ] INIT mysql
[ info ] [ VIEW ] D:\phpstudy\WWW\askedu\application\admin\view\tpl\alldata.htm [ array (
  0 => 'cont',
  1 => 'list',
) ]
[ sql ] [ DB ] CONNECT:[ UseTime:0.005437s ] mysql:host=127.0.0.1;dbname=askedu;charset=utf8
[ sql ] [ SQL ] SHOW COLUMNS FROM `ask_alldata` [ RunTime:0.004402s ]
[ sql ] [ SQL ] SELECT COUNT(*) AS tp_count FROM `ask_alldata` [ RunTime:0.000625s ]
[ sql ] [ SQL ] SELECT * FROM `ask_alldata` LIMIT 0,10 [ RunTime:0.000538s ]
[ error ] [0]è¯­æ³•è§£æé”™è¯¯: syntax error, unexpected '' //æ­¤å¤„ä¸ºæ‰€ä¸Šä¼ çš„è¯·æ±' (T_CONSTANT_ENCAPSED_STRING), expecting ',' or ';'[D:\phpstudy\WWW\askedu\runtime\temp\943ac7bd26c20a73e53eddd412ac6274.php:557]
---------------------------------------------------------------

[2020-07-11T17:17:40+08:00] 127.0.0.1 GET askedu.cc/admin/alldata/index.html
[è¿è¡Œæ—¶é—´ï¼š0.082862s] [ååç‡ï¼š12.07req/s] [å†…å­˜æ¶ˆè€—ï¼š3,620.03kb] [æ–‡ä»¶åŠ è½½ï¼š88]
[ info ] [ LANG ] D:\phpstudy\WWW\askedu\thinkphp\lang\zh-cn.php
[ info ] [ ROUTE ] array (
)
[ info ] [ HEADER ] array (
  'cookie' => 'pgv_pvi=4667974656; pgv_si=s1468951552; PHPSESSID=qnm3vto7gj6kogi14k7hqao7i1',
  'accept-language' => 'zh-CN,zh;q=0.9,en;q=0.8',
  'accept-encoding' => 'gzip, deflate',
  'referer' => 'http://askedu.cc/admin/alldata/add.html',
  'accept' => 'text/html,application/xhtml+xml,application/xml;q=0.9,image/webp,image/apng,*/*;q=0.8,application/signed-exchange;v=b3;q=0.9',
  'user-agent' => 'Mozilla/5.0 (Windows NT 10.0; Win64; x64) AppleWebKit/537.36 (KHTML, like Gecko) Chrome/83.0.4103.116 Safari/537.36',
  'upgrade-insecure-requests' => '1',
  'cache-control' => 'max-age=0',
  'connection' => 'keep-alive',
  'host' => 'askedu.cc',
  'content-length' => '',
  'content-type' => '',
)
[ info ] [ PARAM ] array (
)
[ info ] [ DB ] INIT mysql
[ info ] [ VIEW ] D:\phpstudy\WWW\askedu\application\admin\view\tpl\alldata.htm [ array (
  0 => 'cont',
  1 => 'list',
) ]
[ sql ] [ DB ] CONNECT:[ UseTime:0.002077s ] mysql:host=127.0.0.1;dbname=askedu;charset=utf8
[ sql ] [ SQL ] SHOW COLUMNS FROM `ask_alldata` [ RunTime:0.001456s ]
[ sql ] [ SQL ] SELECT COUNT(*) AS tp_count FROM `ask_alldata` [ RunTime:0.000234s ]
[ sql ] [ SQL ] SELECT * FROM `ask_alldata` LIMIT 0,10 [ RunTime:0.000334s ]
[ error ] [2]Use of undefined constant alldata - assumed 'alldata' (this will throw an Error in a future version of PHP)[D:\phpstudy\WWW\askedu\runtime\temp\943ac7bd26c20a73e53eddd412ac6274.php:556]
---------------------------------------------------------------

[2020-07-11T17:17:57+08:00] 127.0.0.1 GET askedu.cc/admin/alldata/index.html
[è¿è¡Œæ—¶é—´ï¼š0.083453s] [ååç‡ï¼š11.98req/s] [å†…å­˜æ¶ˆè€—ï¼š3,536.20kb] [æ–‡ä»¶åŠ è½½ï¼š83]
[ info ] [ LANG ] D:\phpstudy\WWW\askedu\thinkphp\lang\zh-cn.php
[ info ] [ ROUTE ] array (
)
[ info ] [ HEADER ] array (
  'cookie' => 'pgv_pvi=4667974656; pgv_si=s1468951552; PHPSESSID=qnm3vto7gj6kogi14k7hqao7i1',
  'accept-language' => 'zh-CN,zh;q=0.9,en;q=0.8',
  'accept-encoding' => 'gzip, deflate',
  'referer' => 'http://askedu.cc/admin/alldata/add.html',
  'accept' => 'text/html,application/xhtml+xml,application/xml;q=0.9,image/webp,image/apng,*/*;q=0.8,application/signed-exchange;v=b3;q=0.9',
  'user-agent' => 'Mozilla/5.0 (Windows NT 10.0; Win64; x64) AppleWebKit/537.36 (KHTML, like Gecko) Chrome/83.0.4103.116 Safari/537.36',
  'upgrade-insecure-requests' => '1',
  'cache-control' => 'max-age=0',
  'connection' => 'keep-alive',
  'host' => 'askedu.cc',
  'content-length' => '',
  'content-type' => '',
)
[ info ] [ PARAM ] array (
)
[ info ] [ DB ] INIT mysql
[ info ] [ VIEW ] D:\phpstudy\WWW\askedu\application\admin\view\tpl\alldata.htm [ array (
  0 => 'cont',
  1 => 'list',
) ]
[ sql ] [ DB ] CONNECT:[ UseTime:0.003919s ] mysql:host=127.0.0.1;dbname=askedu;charset=utf8
[ sql ] [ SQL ] SHOW COLUMNS FROM `ask_alldata` [ RunTime:0.001573s ]
[ sql ] [ SQL ] SELECT COUNT(*) AS tp_count FROM `ask_alldata` [ RunTime:0.000393s ]
[ sql ] [ SQL ] SELECT * FROM `ask_alldata` LIMIT 0,10 [ RunTime:0.000889s ]
---------------------------------------------------------------

[2020-07-11T17:17:57+08:00] 127.0.0.1 GET askedu.cc/static/assets/css/bootstrap.css.map
[è¿è¡Œæ—¶é—´ï¼š0.040219s] [ååç‡ï¼š24.86req/s] [å†…å­˜æ¶ˆè€—ï¼š1,217.80kb] [æ–‡ä»¶åŠ è½½ï¼š50]
[ info ] [ LANG ] D:\phpstudy\WWW\askedu\thinkphp\lang\zh-cn.php
---------------------------------------------------------------

[2020-07-11T17:17:57+08:00] 127.0.0.1 GET askedu.cc/static/assets/js/jquery.slimscroll.min.js.map
[è¿è¡Œæ—¶é—´ï¼š0.035055s] [ååç‡ï¼š28.53req/s] [å†…å­˜æ¶ˆè€—ï¼š1,217.81kb] [æ–‡ä»¶åŠ è½½ï¼š50]
[ info ] [ LANG ] D:\phpstudy\WWW\askedu\thinkphp\lang\zh-cn.php
---------------------------------------------------------------

[2020-07-11T17:18:19+08:00] 127.0.0.1 GET askedu.cc/admin/alldata/index.html
[è¿è¡Œæ—¶é—´ï¼š0.083459s] [ååç‡ï¼š11.98req/s] [å†…å­˜æ¶ˆè€—ï¼š3,536.20kb] [æ–‡ä»¶åŠ è½½ï¼š83]
[ info ] [ LANG ] D:\phpstudy\WWW\askedu\thinkphp\lang\zh-cn.php
[ info ] [ ROUTE ] array (
)
[ info ] [ HEADER ] array (
  'cookie' => 'pgv_pvi=4667974656; pgv_si=s1468951552; PHPSESSID=qnm3vto7gj6kogi14k7hqao7i1',
  'accept-language' => 'zh-CN,zh;q=0.9,en;q=0.8',
  'accept-encoding' => 'gzip, deflate',
  'referer' => 'http://askedu.cc/admin/alldata/add.html',
  'accept' => 'text/html,application/xhtml+xml,application/xml;q=0.9,image/webp,image/apng,*/*;q=0.8,application/signed-exchange;v=b3;q=0.9',
  'user-agent' => 'Mozilla/5.0 (Windows NT 10.0; Win64; x64) AppleWebKit/537.36 (KHTML, like Gecko) Chrome/83.0.4103.116 Safari/537.36',
  'upgrade-insecure-requests' => '1',
  'cache-control' => 'max-age=0',
  'connection' => 'keep-alive',
  'host' => 'askedu.cc',
  'content-length' => '',
  'content-type' => '',
)
[ info ] [ PARAM ] array (
)
[ info ] [ DB ] INIT mysql
[ info ] [ VIEW ] D:\phpstudy\WWW\askedu\application\admin\view\tpl\alldata.htm [ array (
  0 => 'cont',
  1 => 'list',
) ]
[ sql ] [ DB ] CONNECT:[ UseTime:0.003971s ] mysql:host=127.0.0.1;dbname=askedu;charset=utf8
[ sql ] [ SQL ] SHOW COLUMNS FROM `ask_alldata` [ RunTime:0.003726s ]
[ sql ] [ SQL ] SELECT COUNT(*) AS tp_count FROM `ask_alldata` [ RunTime:0.000433s ]
[ sql ] [ SQL ] SELECT * FROM `ask_alldata` LIMIT 0,10 [ RunTime:0.000430s ]
---------------------------------------------------------------

[2020-07-11T17:18:20+08:00] 127.0.0.1 GET askedu.cc/static/assets/css/bootstrap.css.map
[è¿è¡Œæ—¶é—´ï¼š0.032215s] [ååç‡ï¼š31.04req/s] [å†…å­˜æ¶ˆè€—ï¼š1,217.80kb] [æ–‡ä»¶åŠ è½½ï¼š50]
[ info ] [ LANG ] D:\phpstudy\WWW\askedu\thinkphp\lang\zh-cn.php
---------------------------------------------------------------

[2020-07-11T17:18:20+08:00] 127.0.0.1 GET askedu.cc/static/assets/js/jquery.slimscroll.min.js.map
[è¿è¡Œæ—¶é—´ï¼š0.040559s] [ååç‡ï¼š24.66req/s] [å†…å­˜æ¶ˆè€—ï¼š1,217.81kb] [æ–‡ä»¶åŠ è½½ï¼š50]
[ info ] [ LANG ] D:\phpstudy\WWW\askedu\thinkphp\lang\zh-cn.php
---------------------------------------------------------------

[2020-07-11T17:19:19+08:00] 127.0.0.1 GET askedu.cc/admin/alldata/index.html
[è¿è¡Œæ—¶é—´ï¼š0.060195s] [ååç‡ï¼š16.61req/s] [å†…å­˜æ¶ˆè€—ï¼š3,536.20kb] [æ–‡ä»¶åŠ è½½ï¼š83]
[ info ] [ LANG ] D:\phpstudy\WWW\askedu\thinkphp\lang\zh-cn.php
[ info ] [ ROUTE ] array (
)
[ info ] [ HEADER ] array (
  'cookie' => 'pgv_pvi=4667974656; pgv_si=s1468951552; PHPSESSID=qnm3vto7gj6kogi14k7hqao7i1',
  'accept-language' => 'zh-CN,zh;q=0.9,en;q=0.8',
  'accept-encoding' => 'gzip, deflate',
  'referer' => 'http://askedu.cc/admin/alldata/add.html',
  'accept' => 'text/html,application/xhtml+xml,application/xml;q=0.9,image/webp,image/apng,*/*;q=0.8,application/signed-exchange;v=b3;q=0.9',
  'user-agent' => 'Mozilla/5.0 (Windows NT 10.0; Win64; x64) AppleWebKit/537.36 (KHTML, like Gecko) Chrome/83.0.4103.116 Safari/537.36',
  'upgrade-insecure-requests' => '1',
  'cache-control' => 'max-age=0',
  'connection' => 'keep-alive',
  'host' => 'askedu.cc',
  'content-length' => '',
  'content-type' => '',
)
[ info ] [ PARAM ] array (
)
[ info ] [ DB ] INIT mysql
[ info ] [ VIEW ] D:\phpstudy\WWW\askedu\application\admin\view\tpl\alldata.htm [ array (
  0 => 'cont',
  1 => 'list',
) ]
[ sql ] [ DB ] CONNECT:[ UseTime:0.002318s ] mysql:host=127.0.0.1;dbname=askedu;charset=utf8
[ sql ] [ SQL ] SHOW COLUMNS FROM `ask_alldata` [ RunTime:0.001575s ]
[ sql ] [ SQL ] SELECT COUNT(*) AS tp_count FROM `ask_alldata` [ RunTime:0.000263s ]
[ sql ] [ SQL ] SELECT * FROM `ask_alldata` LIMIT 0,10 [ RunTime:0.000380s ]
---------------------------------------------------------------

[2020-07-11T17:19:20+08:00] 127.0.0.1 GET askedu.cc/static/assets/js/jquery.slimscroll.min.js.map
[è¿è¡Œæ—¶é—´ï¼š0.034643s] [ååç‡ï¼š28.87req/s] [å†…å­˜æ¶ˆè€—ï¼š1,217.81kb] [æ–‡ä»¶åŠ è½½ï¼š50]
[ info ] [ LANG ] D:\phpstudy\WWW\askedu\thinkphp\lang\zh-cn.php
---------------------------------------------------------------

[2020-07-11T17:19:20+08:00] 127.0.0.1 GET askedu.cc/static/assets/css/bootstrap.css.map
[è¿è¡Œæ—¶é—´ï¼š0.057256s] [ååç‡ï¼š17.47req/s] [å†…å­˜æ¶ˆè€—ï¼š1,217.80kb] [æ–‡ä»¶åŠ è½½ï¼š50]
[ info ] [ LANG ] D:\phpstudy\WWW\askedu\thinkphp\lang\zh-cn.php
---------------------------------------------------------------

[2020-07-11T17:20:47+08:00] 127.0.0.1 GET askedu.cc/admin/alldata/index.html
[è¿è¡Œæ—¶é—´ï¼š0.062443s] [ååç‡ï¼š16.01req/s] [å†…å­˜æ¶ˆè€—ï¼š3,339.41kb] [æ–‡ä»¶åŠ è½½ï¼š81]
[ info ] [ LANG ] D:\phpstudy\WWW\askedu\thinkphp\lang\zh-cn.php
[ info ] [ ROUTE ] array (
)
[ info ] [ HEADER ] array (
  'cookie' => 'pgv_pvi=4667974656; pgv_si=s1468951552; PHPSESSID=qnm3vto7gj6kogi14k7hqao7i1',
  'accept-language' => 'zh-CN,zh;q=0.9,en;q=0.8',
  'accept-encoding' => 'gzip, deflate',
  'referer' => 'http://askedu.cc/admin/alldata/add.html',
  'accept' => 'text/html,application/xhtml+xml,application/xml;q=0.9,image/webp,image/apng,*/*;q=0.8,application/signed-exchange;v=b3;q=0.9',
  'user-agent' => 'Mozilla/5.0 (Windows NT 10.0; Win64; x64) AppleWebKit/537.36 (KHTML, like Gecko) Chrome/83.0.4103.116 Safari/537.36',
  'upgrade-insecure-requests' => '1',
  'cache-control' => 'max-age=0',
  'connection' => 'keep-alive',
  'host' => 'askedu.cc',
  'content-length' => '',
  'content-type' => '',
)
[ info ] [ PARAM ] array (
)
[ info ] [ DB ] INIT mysql
[ info ] [ VIEW ] D:\phpstudy\WWW\askedu\application\admin\view\tpl\alldata.htm [ array (
  0 => 'cont',
  1 => 'list',
) ]
[ sql ] [ DB ] CONNECT:[ UseTime:0.001758s ] mysql:host=127.0.0.1;dbname=askedu;charset=utf8
[ sql ] [ SQL ] SHOW COLUMNS FROM `ask_alldata` [ RunTime:0.001288s ]
[ sql ] [ SQL ] SELECT COUNT(*) AS tp_count FROM `ask_alldata` [ RunTime:0.000224s ]
[ sql ] [ SQL ] SELECT * FROM `ask_alldata` LIMIT 0,10 [ RunTime:0.000335s ]
---------------------------------------------------------------

[2020-07-11T17:20:48+08:00] 127.0.0.1 GET askedu.cc/static/assets/css/bootstrap.css.map
[è¿è¡Œæ—¶é—´ï¼š0.049452s] [ååç‡ï¼š20.22req/s] [å†…å­˜æ¶ˆè€—ï¼š1,217.80kb] [æ–‡ä»¶åŠ è½½ï¼š50]
[ info ] [ LANG ] D:\phpstudy\WWW\askedu\thinkphp\lang\zh-cn.php
---------------------------------------------------------------

[2020-07-11T17:20:48+08:00] 127.0.0.1 GET askedu.cc/static/assets/js/jquery.slimscroll.min.js.map
[è¿è¡Œæ—¶é—´ï¼š0.033294s] [ååç‡ï¼š30.04req/s] [å†…å­˜æ¶ˆè€—ï¼š1,217.81kb] [æ–‡ä»¶åŠ è½½ï¼š50]
[ info ] [ LANG ] D:\phpstudy\WWW\askedu\thinkphp\lang\zh-cn.php
---------------------------------------------------------------

[2020-07-11T17:39:23+08:00] 127.0.0.1 GET askedu.cc/admin/alldata/index.html
[è¿è¡Œæ—¶é—´ï¼š0.073492s] [ååç‡ï¼š13.61req/s] [å†…å­˜æ¶ˆè€—ï¼š3,545.17kb] [æ–‡ä»¶åŠ è½½ï¼š83]
[ info ] [ LANG ] D:\phpstudy\WWW\askedu\thinkphp\lang\zh-cn.php
[ info ] [ ROUTE ] array (
)
[ info ] [ HEADER ] array (
  'cookie' => 'pgv_pvi=4667974656; pgv_si=s1468951552; PHPSESSID=qnm3vto7gj6kogi14k7hqao7i1',
  'accept-language' => 'zh-CN,zh;q=0.9,en;q=0.8',
  'accept-encoding' => 'gzip, deflate',
  'referer' => 'http://askedu.cc/admin/alldata/add.html',
  'accept' => 'text/html,application/xhtml+xml,application/xml;q=0.9,image/webp,image/apng,*/*;q=0.8,application/signed-exchange;v=b3;q=0.9',
  'user-agent' => 'Mozilla/5.0 (Windows NT 10.0; Win64; x64) AppleWebKit/537.36 (KHTML, like Gecko) Chrome/83.0.4103.116 Safari/537.36',
  'upgrade-insecure-requests' => '1',
  'cache-control' => 'max-age=0',
  'connection' => 'keep-alive',
  'host' => 'askedu.cc',
  'content-length' => '',
  'content-type' => '',
)
[ info ] [ PARAM ] array (
)
[ info ] [ DB ] INIT mysql
[ info ] [ VIEW ] D:\phpstudy\WWW\askedu\application\admin\view\tpl\alldata.htm [ array (
  0 => 'cont',
  1 => 'list',
) ]
[ sql ] [ DB ] CONNECT:[ UseTime:0.002040s ] mysql:host=127.0.0.1;dbname=askedu;charset=utf8
[ sql ] [ SQL ] SHOW COLUMNS FROM `ask_alldata` [ RunTime:0.001371s ]
[ sql ] [ SQL ] SELECT COUNT(*) AS tp_count FROM `ask_alldata` [ RunTime:0.000365s ]
[ sql ] [ SQL ] SELECT * FROM `ask_alldata` LIMIT 0,10 [ RunTime:0.000354s ]
---------------------------------------------------------------

[2020-07-11T17:39:24+08:00] 127.0.0.1 GET askedu.cc/static/assets/css/bootstrap.css.map
[è¿è¡Œæ—¶é—´ï¼š0.046820s] [ååç‡ï¼š21.36req/s] [å†…å­˜æ¶ˆè€—ï¼š1,217.80kb] [æ–‡ä»¶åŠ è½½ï¼š50]
[ info ] [ LANG ] D:\phpstudy\WWW\askedu\thinkphp\lang\zh-cn.php
---------------------------------------------------------------

[2020-07-11T17:39:24+08:00] 127.0.0.1 GET askedu.cc/static/assets/js/jquery.slimscroll.min.js.map
[è¿è¡Œæ—¶é—´ï¼š0.048232s] [ååç‡ï¼š20.73req/s] [å†…å­˜æ¶ˆè€—ï¼š1,217.81kb] [æ–‡ä»¶åŠ è½½ï¼š50]
[ info ] [ LANG ] D:\phpstudy\WWW\askedu\thinkphp\lang\zh-cn.php
---------------------------------------------------------------

[2020-07-11T17:41:41+08:00] 127.0.0.1 GET askedu.cc/admin/alldata/index.html
[è¿è¡Œæ—¶é—´ï¼š0.094019s] [ååç‡ï¼š10.64req/s] [å†…å­˜æ¶ˆè€—ï¼š3,545.17kb] [æ–‡ä»¶åŠ è½½ï¼š83]
[ info ] [ LANG ] D:\phpstudy\WWW\askedu\thinkphp\lang\zh-cn.php
[ info ] [ ROUTE ] array (
)
[ info ] [ HEADER ] array (
  'cookie' => 'pgv_pvi=4667974656; pgv_si=s1468951552; PHPSESSID=qnm3vto7gj6kogi14k7hqao7i1',
  'accept-language' => 'zh-CN,zh;q=0.9,en;q=0.8',
  'accept-encoding' => 'gzip, deflate',
  'referer' => 'http://askedu.cc/admin/alldata/add.html',
  'accept' => 'text/html,application/xhtml+xml,application/xml;q=0.9,image/webp,image/apng,*/*;q=0.8,application/signed-exchange;v=b3;q=0.9',
  'user-agent' => 'Mozilla/5.0 (Windows NT 10.0; Win64; x64) AppleWebKit/537.36 (KHTML, like Gecko) Chrome/83.0.4103.116 Safari/537.36',
  'upgrade-insecure-requests' => '1',
  'cache-control' => 'max-age=0',
  'connection' => 'keep-alive',
  'host' => 'askedu.cc',
  'content-length' => '',
  'content-type' => '',
)
[ info ] [ PARAM ] array (
)
[ info ] [ DB ] INIT mysql
[ info ] [ VIEW ] D:\phpstudy\WWW\askedu\application\admin\view\tpl\alldata.htm [ array (
  0 => 'cont',
  1 => 'list',
) ]
[ sql ] [ DB ] CONNECT:[ UseTime:0.002036s ] mysql:host=127.0.0.1;dbname=askedu;charset=utf8
[ sql ] [ SQL ] SHOW COLUMNS FROM `ask_alldata` [ RunTime:0.001343s ]
[ sql ] [ SQL ] SELECT COUNT(*) AS tp_count FROM `ask_alldata` [ RunTime:0.000362s ]
[ sql ] [ SQL ] SELECT * FROM `ask_alldata` LIMIT 0,10 [ RunTime:0.000506s ]
---------------------------------------------------------------

[2020-07-11T17:41:41+08:00] 127.0.0.1 GET askedu.cc/static/assets/css/bootstrap.css.map
[è¿è¡Œæ—¶é—´ï¼š0.045336s] [ååç‡ï¼š22.06req/s] [å†…å­˜æ¶ˆè€—ï¼š1,217.80kb] [æ–‡ä»¶åŠ è½½ï¼š50]
[ info ] [ LANG ] D:\phpstudy\WWW\askedu\thinkphp\lang\zh-cn.php
---------------------------------------------------------------

[2020-07-11T17:41:41+08:00] 127.0.0.1 GET askedu.cc/static/assets/js/jquery.slimscroll.min.js.map
[è¿è¡Œæ—¶é—´ï¼š0.050292s] [ååç‡ï¼š19.88req/s] [å†…å­˜æ¶ˆè€—ï¼š1,217.81kb] [æ–‡ä»¶åŠ è½½ï¼š50]
[ info ] [ LANG ] D:\phpstudy\WWW\askedu\thinkphp\lang\zh-cn.php
---------------------------------------------------------------

[2020-07-11T17:42:01+08:00] 127.0.0.1 GET askedu.cc/admin/alldata/index.html
[è¿è¡Œæ—¶é—´ï¼š0.067643s] [ååç‡ï¼š14.78req/s] [å†…å­˜æ¶ˆè€—ï¼š3,348.00kb] [æ–‡ä»¶åŠ è½½ï¼š81]
[ info ] [ LANG ] D:\phpstudy\WWW\askedu\thinkphp\lang\zh-cn.php
[ info ] [ ROUTE ] array (
)
[ info ] [ HEADER ] array (
  'cookie' => 'pgv_pvi=4667974656; pgv_si=s1468951552; PHPSESSID=qnm3vto7gj6kogi14k7hqao7i1',
  'accept-language' => 'zh-CN,zh;q=0.9,en;q=0.8',
  'accept-encoding' => 'gzip, deflate',
  'referer' => 'http://askedu.cc/admin/alldata/add.html',
  'accept' => 'text/html,application/xhtml+xml,application/xml;q=0.9,image/webp,image/apng,*/*;q=0.8,application/signed-exchange;v=b3;q=0.9',
  'user-agent' => 'Mozilla/5.0 (Windows NT 10.0; Win64; x64) AppleWebKit/537.36 (KHTML, like Gecko) Chrome/83.0.4103.116 Safari/537.36',
  'upgrade-insecure-requests' => '1',
  'cache-control' => 'max-age=0',
  'connection' => 'keep-alive',
  'host' => 'askedu.cc',
  'content-length' => '',
  'content-type' => '',
)
[ info ] [ PARAM ] array (
)
[ info ] [ DB ] INIT mysql
[ info ] [ VIEW ] D:\phpstudy\WWW\askedu\application\admin\view\tpl\alldata.htm [ array (
  0 => 'cont',
  1 => 'list',
) ]
[ sql ] [ DB ] CONNECT:[ UseTime:0.002471s ] mysql:host=127.0.0.1;dbname=askedu;charset=utf8
[ sql ] [ SQL ] SHOW COLUMNS FROM `ask_alldata` [ RunTime:0.001591s ]
[ sql ] [ SQL ] SELECT COUNT(*) AS tp_count FROM `ask_alldata` [ RunTime:0.000317s ]
[ sql ] [ SQL ] SELECT * FROM `ask_alldata` LIMIT 0,10 [ RunTime:0.000364s ]
---------------------------------------------------------------

[2020-07-11T17:42:01+08:00] 127.0.0.1 GET askedu.cc/static/assets/css/bootstrap.css.map
[è¿è¡Œæ—¶é—´ï¼š0.033393s] [ååç‡ï¼š29.95req/s] [å†…å­˜æ¶ˆè€—ï¼š1,217.80kb] [æ–‡ä»¶åŠ è½½ï¼š50]
[ info ] [ LANG ] D:\phpstudy\WWW\askedu\thinkphp\lang\zh-cn.php
---------------------------------------------------------------

[2020-07-11T17:42:01+08:00] 127.0.0.1 GET askedu.cc/static/assets/js/jquery.slimscroll.min.js.map
[è¿è¡Œæ—¶é—´ï¼š0.040019s] [ååç‡ï¼š24.99req/s] [å†…å­˜æ¶ˆè€—ï¼š1,217.81kb] [æ–‡ä»¶åŠ è½½ï¼š50]
[ info ] [ LANG ] D:\phpstudy\WWW\askedu\thinkphp\lang\zh-cn.php
---------------------------------------------------------------

[2020-07-11T17:43:47+08:00] 127.0.0.1 GET askedu.cc/admin/alldata/index.html
[è¿è¡Œæ—¶é—´ï¼š0.091195s] [ååç‡ï¼š10.97req/s] [å†…å­˜æ¶ˆè€—ï¼š3,545.17kb] [æ–‡ä»¶åŠ è½½ï¼š83]
[ info ] [ LANG ] D:\phpstudy\WWW\askedu\thinkphp\lang\zh-cn.php
[ info ] [ ROUTE ] array (
)
[ info ] [ HEADER ] array (
  'cookie' => 'pgv_pvi=4667974656; pgv_si=s1468951552; PHPSESSID=qnm3vto7gj6kogi14k7hqao7i1',
  'accept-language' => 'zh-CN,zh;q=0.9,en;q=0.8',
  'accept-encoding' => 'gzip, deflate',
  'referer' => 'http://askedu.cc/admin/alldata/add.html',
  'accept' => 'text/html,application/xhtml+xml,application/xml;q=0.9,image/webp,image/apng,*/*;q=0.8,application/signed-exchange;v=b3;q=0.9',
  'user-agent' => 'Mozilla/5.0 (Windows NT 10.0; Win64; x64) AppleWebKit/537.36 (KHTML, like Gecko) Chrome/83.0.4103.116 Safari/537.36',
  'upgrade-insecure-requests' => '1',
  'cache-control' => 'max-age=0',
  'connection' => 'keep-alive',
  'host' => 'askedu.cc',
  'content-length' => '',
  'content-type' => '',
)
[ info ] [ PARAM ] array (
)
[ info ] [ DB ] INIT mysql
[ info ] [ VIEW ] D:\phpstudy\WWW\askedu\application\admin\view\tpl\alldata.htm [ array (
  0 => 'cont',
  1 => 'list',
) ]
[ sql ] [ DB ] CONNECT:[ UseTime:0.002010s ] mysql:host=127.0.0.1;dbname=askedu;charset=utf8
[ sql ] [ SQL ] SHOW COLUMNS FROM `ask_alldata` [ RunTime:0.001549s ]
[ sql ] [ SQL ] SELECT COUNT(*) AS tp_count FROM `ask_alldata` [ RunTime:0.000450s ]
[ sql ] [ SQL ] SELECT * FROM `ask_alldata` LIMIT 0,10 [ RunTime:0.000575s ]
---------------------------------------------------------------

[2020-07-11T17:43:48+08:00] 127.0.0.1 GET askedu.cc/static/assets/css/bootstrap.css.map
[è¿è¡Œæ—¶é—´ï¼š0.077779s] [ååç‡ï¼š12.86req/s] [å†…å­˜æ¶ˆè€—ï¼š1,217.80kb] [æ–‡ä»¶åŠ è½½ï¼š50]
[ info ] [ LANG ] D:\phpstudy\WWW\askedu\thinkphp\lang\zh-cn.php
---------------------------------------------------------------

[2020-07-11T17:43:48+08:00] 127.0.0.1 GET askedu.cc/static/assets/js/jquery.slimscroll.min.js.map
[è¿è¡Œæ—¶é—´ï¼š0.053799s] [ååç‡ï¼š18.59req/s] [å†…å­˜æ¶ˆè€—ï¼š1,217.81kb] [æ–‡ä»¶åŠ è½½ï¼š50]
[ info ] [ LANG ] D:\phpstudy\WWW\askedu\thinkphp\lang\zh-cn.php
---------------------------------------------------------------

[2020-07-11T17:43:58+08:00] 127.0.0.1 POST askedu.cc/admin/alldata/uploadexcel.html
[è¿è¡Œæ—¶é—´ï¼š0.032801s] [ååç‡ï¼š30.49req/s] [å†…å­˜æ¶ˆè€—ï¼š1,873.52kb] [æ–‡ä»¶åŠ è½½ï¼š67]
[ info ] [ LANG ] D:\phpstudy\WWW\askedu\thinkphp\lang\zh-cn.php
[ info ] [ ROUTE ] array (
)
[ info ] [ HEADER ] array (
  'cookie' => 'pgv_pvi=4667974656; pgv_si=s1468951552; PHPSESSID=qnm3vto7gj6kogi14k7hqao7i1',
  'accept-language' => 'zh-CN,zh;q=0.9,en;q=0.8',
  'accept-encoding' => 'gzip, deflate',
  'referer' => 'http://askedu.cc/admin/alldata/index.html',
  'origin' => 'http://askedu.cc',
  'content-type' => 'multipart/form-data; boundary=----WebKitFormBoundarypxqbkw0q2XBsGPAU',
  'user-agent' => 'Mozilla/5.0 (Windows NT 10.0; Win64; x64) AppleWebKit/537.36 (KHTML, like Gecko) Chrome/83.0.4103.116 Safari/537.36',
  'x-requested-with' => 'XMLHttpRequest',
  'accept' => 'application/json, text/javascript, */*; q=0.01',
  'content-length' => '73420',
  'connection' => 'keep-alive',
  'host' => 'askedu.cc',
)
[ info ] [ PARAM ] array (
)
[ error ] [2]Use of undefined constant ROOT_PATH - assumed 'ROOT_PATH' (this will throw an Error in a future version of PHP)[D:\phpstudy\WWW\askedu\application\admin\controller\Alldata.php:98]
---------------------------------------------------------------

[2020-07-11T17:44:43+08:00] 127.0.0.1 GET askedu.cc/admin/alldata/alldata/uploadexcel.html
[è¿è¡Œæ—¶é—´ï¼š0.058167s] [ååç‡ï¼š17.19req/s] [å†…å­˜æ¶ˆè€—ï¼š1,820.02kb] [æ–‡ä»¶åŠ è½½ï¼š65]
[ info ] [ LANG ] D:\phpstudy\WWW\askedu\thinkphp\lang\zh-cn.php
[ info ] [ ROUTE ] array (
)
[ info ] [ HEADER ] array (
  'cookie' => 'pgv_pvi=4667974656; pgv_si=s1468951552; PHPSESSID=qnm3vto7gj6kogi14k7hqao7i1',
  'accept-language' => 'zh-CN,zh;q=0.9,en;q=0.8',
  'accept-encoding' => 'gzip, deflate',
  'accept' => 'text/html,application/xhtml+xml,application/xml;q=0.9,image/webp,image/apng,*/*;q=0.8,application/signed-exchange;v=b3;q=0.9',
  'user-agent' => 'Mozilla/5.0 (Windows NT 10.0; Win64; x64) AppleWebKit/537.36 (KHTML, like Gecko) Chrome/83.0.4103.116 Safari/537.36',
  'upgrade-insecure-requests' => '1',
  'connection' => 'keep-alive',
  'host' => 'askedu.cc',
  'content-length' => '',
  'content-type' => '',
)
[ info ] [ PARAM ] array (
)
---------------------------------------------------------------

[2020-07-11T17:45:00+08:00] 127.0.0.1 GET askedu.cc/admin/alldata/alldata/uploadexcel.html
[è¿è¡Œæ—¶é—´ï¼š0.037650s] [ååç‡ï¼š26.56req/s] [å†…å­˜æ¶ˆè€—ï¼š1,820.10kb] [æ–‡ä»¶åŠ è½½ï¼š65]
[ info ] [ LANG ] D:\phpstudy\WWW\askedu\thinkphp\lang\zh-cn.php
[ info ] [ ROUTE ] array (
)
[ info ] [ HEADER ] array (
  'cookie' => 'pgv_pvi=4667974656; pgv_si=s1468951552; PHPSESSID=qnm3vto7gj6kogi14k7hqao7i1',
  'accept-language' => 'zh-CN,zh;q=0.9,en;q=0.8',
  'accept-encoding' => 'gzip, deflate',
  'accept' => 'text/html,application/xhtml+xml,application/xml;q=0.9,image/webp,image/apng,*/*;q=0.8,application/signed-exchange;v=b3;q=0.9',
  'user-agent' => 'Mozilla/5.0 (Windows NT 10.0; Win64; x64) AppleWebKit/537.36 (KHTML, like Gecko) Chrome/83.0.4103.116 Safari/537.36',
  'upgrade-insecure-requests' => '1',
  'cache-control' => 'max-age=0',
  'connection' => 'keep-alive',
  'host' => 'askedu.cc',
  'content-length' => '',
  'content-type' => '',
)
[ info ] [ PARAM ] array (
)
---------------------------------------------------------------

[2020-07-11T17:45:35+08:00] 127.0.0.1 GET askedu.cc/admin/alldata/alldata/uploadexcel
[è¿è¡Œæ—¶é—´ï¼š0.034624s] [ååç‡ï¼š28.88req/s] [å†…å­˜æ¶ˆè€—ï¼š1,819.93kb] [æ–‡ä»¶åŠ è½½ï¼š65]
[ info ] [ LANG ] D:\phpstudy\WWW\askedu\thinkphp\lang\zh-cn.php
[ info ] [ ROUTE ] array (
)
[ info ] [ HEADER ] array (
  'cookie' => 'pgv_pvi=4667974656; pgv_si=s1468951552; PHPSESSID=qnm3vto7gj6kogi14k7hqao7i1',
  'accept-language' => 'zh-CN,zh;q=0.9,en;q=0.8',
  'accept-encoding' => 'gzip, deflate',
  'accept' => 'text/html,application/xhtml+xml,application/xml;q=0.9,image/webp,image/apng,*/*;q=0.8,application/signed-exchange;v=b3;q=0.9',
  'user-agent' => 'Mozilla/5.0 (Windows NT 10.0; Win64; x64) AppleWebKit/537.36 (KHTML, like Gecko) Chrome/83.0.4103.116 Safari/537.36',
  'upgrade-insecure-requests' => '1',
  'connection' => 'keep-alive',
  'host' => 'askedu.cc',
  'content-length' => '',
  'content-type' => '',
)
[ info ] [ PARAM ] array (
)
---------------------------------------------------------------

[2020-07-11T17:45:50+08:00] 127.0.0.1 GET askedu.cc/admin/alldata/uploadexcel
[è¿è¡Œæ—¶é—´ï¼š0.049069s] [ååç‡ï¼š20.38req/s] [å†…å­˜æ¶ˆè€—ï¼š1,822.69kb] [æ–‡ä»¶åŠ è½½ï¼š65]
[ info ] [ LANG ] D:\phpstudy\WWW\askedu\thinkphp\lang\zh-cn.php
[ info ] [ ROUTE ] array (
)
[ info ] [ HEADER ] array (
  'cookie' => 'pgv_pvi=4667974656; pgv_si=s1468951552; PHPSESSID=qnm3vto7gj6kogi14k7hqao7i1',
  'accept-language' => 'zh-CN,zh;q=0.9,en;q=0.8',
  'accept-encoding' => 'gzip, deflate',
  'accept' => 'text/html,application/xhtml+xml,application/xml;q=0.9,image/webp,image/apng,*/*;q=0.8,application/signed-exchange;v=b3;q=0.9',
  'user-agent' => 'Mozilla/5.0 (Windows NT 10.0; Win64; x64) AppleWebKit/537.36 (KHTML, like Gecko) Chrome/83.0.4103.116 Safari/537.36',
  'upgrade-insecure-requests' => '1',
  'connection' => 'keep-alive',
  'host' => 'askedu.cc',
  'content-length' => '',
  'content-type' => '',
)
[ info ] [ PARAM ] array (
)
[ error ] [0]è‡´å‘½é”™è¯¯: Call to a member function move() on null[D:\phpstudy\WWW\askedu\application\admin\controller\Alldata.php:98]
---------------------------------------------------------------

[2020-07-11T17:46:29+08:00] 127.0.0.1 GET askedu.cc/admin/alldata/uploadexcel
[è¿è¡Œæ—¶é—´ï¼š0.056824s] [ååç‡ï¼š17.60req/s] [å†…å­˜æ¶ˆè€—ï¼š1,822.77kb] [æ–‡ä»¶åŠ è½½ï¼š65]
[ info ] [ LANG ] D:\phpstudy\WWW\askedu\thinkphp\lang\zh-cn.php
[ info ] [ ROUTE ] array (
)
[ info ] [ HEADER ] array (
  'cookie' => 'pgv_pvi=4667974656; pgv_si=s1468951552; PHPSESSID=qnm3vto7gj6kogi14k7hqao7i1',
  'accept-language' => 'zh-CN,zh;q=0.9,en;q=0.8',
  'accept-encoding' => 'gzip, deflate',
  'accept' => 'text/html,application/xhtml+xml,application/xml;q=0.9,image/webp,image/apng,*/*;q=0.8,application/signed-exchange;v=b3;q=0.9',
  'user-agent' => 'Mozilla/5.0 (Windows NT 10.0; Win64; x64) AppleWebKit/537.36 (KHTML, like Gecko) Chrome/83.0.4103.116 Safari/537.36',
  'upgrade-insecure-requests' => '1',
  'cache-control' => 'max-age=0',
  'connection' => 'keep-alive',
  'host' => 'askedu.cc',
  'content-length' => '',
  'content-type' => '',
)
[ info ] [ PARAM ] array (
)
[ error ] [0]è‡´å‘½é”™è¯¯: Call to a member function move() on null[D:\phpstudy\WWW\askedu\application\admin\controller\Alldata.php:98]
---------------------------------------------------------------

[2020-07-11T17:47:25+08:00] 127.0.0.1 GET askedu.cc/admin/alldata/index.html
[è¿è¡Œæ—¶é—´ï¼š0.080168s] [ååç‡ï¼š12.47req/s] [å†…å­˜æ¶ˆè€—ï¼š3,544.84kb] [æ–‡ä»¶åŠ è½½ï¼š83]
[ info ] [ LANG ] D:\phpstudy\WWW\askedu\thinkphp\lang\zh-cn.php
[ info ] [ ROUTE ] array (
)
[ info ] [ HEADER ] array (
  'cookie' => 'pgv_pvi=4667974656; pgv_si=s1468951552; PHPSESSID=qnm3vto7gj6kogi14k7hqao7i1',
  'accept-language' => 'zh-CN,zh;q=0.9,en;q=0.8',
  'accept-encoding' => 'gzip, deflate',
  'referer' => 'http://askedu.cc/admin/alldata/add.html',
  'accept' => 'text/html,application/xhtml+xml,application/xml;q=0.9,image/webp,image/apng,*/*;q=0.8,application/signed-exchange;v=b3;q=0.9',
  'user-agent' => 'Mozilla/5.0 (Windows NT 10.0; Win64; x64) AppleWebKit/537.36 (KHTML, like Gecko) Chrome/83.0.4103.116 Safari/537.36',
  'upgrade-insecure-requests' => '1',
  'connection' => 'keep-alive',
  'host' => 'askedu.cc',
  'content-length' => '',
  'content-type' => '',
)
[ info ] [ PARAM ] array (
)
[ info ] [ DB ] INIT mysql
[ info ] [ VIEW ] D:\phpstudy\WWW\askedu\application\admin\view\tpl\alldata.htm [ array (
  0 => 'cont',
  1 => 'list',
) ]
[ sql ] [ DB ] CONNECT:[ UseTime:0.010510s ] mysql:host=127.0.0.1;dbname=askedu;charset=utf8
[ sql ] [ SQL ] SHOW COLUMNS FROM `ask_alldata` [ RunTime:0.001981s ]
[ sql ] [ SQL ] SELECT COUNT(*) AS tp_count FROM `ask_alldata` [ RunTime:0.000426s ]
[ sql ] [ SQL ] SELECT * FROM `ask_alldata` LIMIT 0,10 [ RunTime:0.000485s ]
---------------------------------------------------------------

[2020-07-11T17:47:25+08:00] 127.0.0.1 GET askedu.cc/static/assets/js/jquery.slimscroll.min.js.map
[è¿è¡Œæ—¶é—´ï¼š0.040083s] [ååç‡ï¼š24.95req/s] [å†…å­˜æ¶ˆè€—ï¼š1,217.81kb] [æ–‡ä»¶åŠ è½½ï¼š50]
[ info ] [ LANG ] D:\phpstudy\WWW\askedu\thinkphp\lang\zh-cn.php
---------------------------------------------------------------

[2020-07-11T17:47:26+08:00] 127.0.0.1 GET askedu.cc/static/assets/css/bootstrap.css.map
[è¿è¡Œæ—¶é—´ï¼š0.065220s] [ååç‡ï¼š15.33req/s] [å†…å­˜æ¶ˆè€—ï¼š1,217.80kb] [æ–‡ä»¶åŠ è½½ï¼š50]
[ info ] [ LANG ] D:\phpstudy\WWW\askedu\thinkphp\lang\zh-cn.php
---------------------------------------------------------------

[2020-07-11T17:47:28+08:00] 127.0.0.1 GET askedu.cc/admin/alldata/index.html
[è¿è¡Œæ—¶é—´ï¼š0.069410s] [ååç‡ï¼š14.41req/s] [å†…å­˜æ¶ˆè€—ï¼š3,348.32kb] [æ–‡ä»¶åŠ è½½ï¼š81]
[ info ] [ LANG ] D:\phpstudy\WWW\askedu\thinkphp\lang\zh-cn.php
[ info ] [ ROUTE ] array (
)
[ info ] [ HEADER ] array (
  'cookie' => 'pgv_pvi=4667974656; pgv_si=s1468951552; PHPSESSID=qnm3vto7gj6kogi14k7hqao7i1',
  'accept-language' => 'zh-CN,zh;q=0.9,en;q=0.8',
  'accept-encoding' => 'gzip, deflate',
  'referer' => 'http://askedu.cc/admin/alldata/add.html',
  'accept' => 'text/html,application/xhtml+xml,application/xml;q=0.9,image/webp,image/apng,*/*;q=0.8,application/signed-exchange;v=b3;q=0.9',
  'user-agent' => 'Mozilla/5.0 (Windows NT 10.0; Win64; x64) AppleWebKit/537.36 (KHTML, like Gecko) Chrome/83.0.4103.116 Safari/537.36',
  'upgrade-insecure-requests' => '1',
  'cache-control' => 'no-cache',
  'pragma' => 'no-cache',
  'connection' => 'keep-alive',
  'host' => 'askedu.cc',
  'content-length' => '',
  'content-type' => '',
)
[ info ] [ PARAM ] array (
)
[ info ] [ DB ] INIT mysql
[ info ] [ VIEW ] D:\phpstudy\WWW\askedu\application\admin\view\tpl\alldata.htm [ array (
  0 => 'cont',
  1 => 'list',
) ]
[ sql ] [ DB ] CONNECT:[ UseTime:0.010783s ] mysql:host=127.0.0.1;dbname=askedu;charset=utf8
[ sql ] [ SQL ] SHOW COLUMNS FROM `ask_alldata` [ RunTime:0.001412s ]
[ sql ] [ SQL ] SELECT COUNT(*) AS tp_count FROM `ask_alldata` [ RunTime:0.000281s ]
[ sql ] [ SQL ] SELECT * FROM `ask_alldata` LIMIT 0,10 [ RunTime:0.000496s ]
---------------------------------------------------------------

[2020-07-11T17:47:28+08:00] 127.0.0.1 GET askedu.cc/static/assets/css/bootstrap.css.map
[è¿è¡Œæ—¶é—´ï¼š0.035592s] [ååç‡ï¼š28.10req/s] [å†…å­˜æ¶ˆè€—ï¼š1,217.80kb] [æ–‡ä»¶åŠ è½½ï¼š50]
[ info ] [ LANG ] D:\phpstudy\WWW\askedu\thinkphp\lang\zh-cn.php
---------------------------------------------------------------

[2020-07-11T17:47:28+08:00] 127.0.0.1 GET askedu.cc/static/assets/js/jquery.slimscroll.min.js.map
[è¿è¡Œæ—¶é—´ï¼š0.042076s] [ååç‡ï¼š23.77req/s] [å†…å­˜æ¶ˆè€—ï¼š1,217.81kb] [æ–‡ä»¶åŠ è½½ï¼š50]
[ info ] [ LANG ] D:\phpstudy\WWW\askedu\thinkphp\lang\zh-cn.php
---------------------------------------------------------------

[2020-07-11T17:47:28+08:00] 127.0.0.1 GET askedu.cc/admin/alldata/index.html
[è¿è¡Œæ—¶é—´ï¼š0.113547s] [ååç‡ï¼š8.81req/s] [å†…å­˜æ¶ˆè€—ï¼š3,348.32kb] [æ–‡ä»¶åŠ è½½ï¼š81]
[ info ] [ LANG ] D:\phpstudy\WWW\askedu\thinkphp\lang\zh-cn.php
[ info ] [ ROUTE ] array (
)
[ info ] [ HEADER ] array (
  'cookie' => 'pgv_pvi=4667974656; pgv_si=s1468951552; PHPSESSID=qnm3vto7gj6kogi14k7hqao7i1',
  'accept-language' => 'zh-CN,zh;q=0.9,en;q=0.8',
  'accept-encoding' => 'gzip, deflate',
  'referer' => 'http://askedu.cc/admin/alldata/add.html',
  'accept' => 'text/html,application/xhtml+xml,application/xml;q=0.9,image/webp,image/apng,*/*;q=0.8,application/signed-exchange;v=b3;q=0.9',
  'user-agent' => 'Mozilla/5.0 (Windows NT 10.0; Win64; x64) AppleWebKit/537.36 (KHTML, like Gecko) Chrome/83.0.4103.116 Safari/537.36',
  'upgrade-insecure-requests' => '1',
  'cache-control' => 'no-cache',
  'pragma' => 'no-cache',
  'connection' => 'keep-alive',
  'host' => 'askedu.cc',
  'content-length' => '',
  'content-type' => '',
)
[ info ] [ PARAM ] array (
)
[ info ] [ DB ] INIT mysql
[ info ] [ VIEW ] D:\phpstudy\WWW\askedu\application\admin\view\tpl\alldata.htm [ array (
  0 => 'cont',
  1 => 'list',
) ]
[ sql ] [ DB ] CONNECT:[ UseTime:0.003254s ] mysql:host=127.0.0.1;dbname=askedu;charset=utf8
[ sql ] [ SQL ] SHOW COLUMNS FROM `ask_alldata` [ RunTime:0.002053s ]
[ sql ] [ SQL ] SELECT COUNT(*) AS tp_count FROM `ask_alldata` [ RunTime:0.000461s ]
[ sql ] [ SQL ] SELECT * FROM `ask_alldata` LIMIT 0,10 [ RunTime:0.000582s ]
---------------------------------------------------------------

[2020-07-11T17:47:29+08:00] 127.0.0.1 GET askedu.cc/static/assets/css/bootstrap.css.map
[è¿è¡Œæ—¶é—´ï¼š0.038766s] [ååç‡ï¼š25.80req/s] [å†…å­˜æ¶ˆè€—ï¼š1,217.80kb] [æ–‡ä»¶åŠ è½½ï¼š50]
[ info ] [ LANG ] D:\phpstudy\WWW\askedu\thinkphp\lang\zh-cn.php
---------------------------------------------------------------

[2020-07-11T17:47:29+08:00] 127.0.0.1 GET askedu.cc/static/assets/js/jquery.slimscroll.min.js.map
[è¿è¡Œæ—¶é—´ï¼š0.034531s] [ååç‡ï¼š28.96req/s] [å†…å­˜æ¶ˆè€—ï¼š1,217.81kb] [æ–‡ä»¶åŠ è½½ï¼š50]
[ info ] [ LANG ] D:\phpstudy\WWW\askedu\thinkphp\lang\zh-cn.php
---------------------------------------------------------------

[2020-07-11T17:47:44+08:00] 127.0.0.1 POST askedu.cc/admin/alldata/uploadexcel.html
[è¿è¡Œæ—¶é—´ï¼š0.040581s] [ååç‡ï¼š24.64req/s] [å†…å­˜æ¶ˆè€—ï¼š1,873.52kb] [æ–‡ä»¶åŠ è½½ï¼š67]
[ info ] [ LANG ] D:\phpstudy\WWW\askedu\thinkphp\lang\zh-cn.php
[ info ] [ ROUTE ] array (
)
[ info ] [ HEADER ] array (
  'cookie' => 'pgv_pvi=4667974656; pgv_si=s1468951552; PHPSESSID=qnm3vto7gj6kogi14k7hqao7i1',
  'accept-language' => 'zh-CN,zh;q=0.9,en;q=0.8',
  'accept-encoding' => 'gzip, deflate',
  'referer' => 'http://askedu.cc/admin/alldata/index.html',
  'origin' => 'http://askedu.cc',
  'content-type' => 'multipart/form-data; boundary=----WebKitFormBoundaryq0Y5V2mHanZqpofi',
  'user-agent' => 'Mozilla/5.0 (Windows NT 10.0; Win64; x64) AppleWebKit/537.36 (KHTML, like Gecko) Chrome/83.0.4103.116 Safari/537.36',
  'x-requested-with' => 'XMLHttpRequest',
  'accept' => 'application/json, text/javascript, */*; q=0.01',
  'content-length' => '73420',
  'connection' => 'keep-alive',
  'host' => 'askedu.cc',
)
[ info ] [ PARAM ] array (
)
[ error ] [2]Use of undefined constant ROOT_PATH - assumed 'ROOT_PATH' (this will throw an Error in a future version of PHP)[D:\phpstudy\WWW\askedu\application\admin\controller\Alldata.php:98]
---------------------------------------------------------------

[2020-07-11T17:51:01+08:00] 127.0.0.1 GET askedu.cc/admin/alldata/index.html
[è¿è¡Œæ—¶é—´ï¼š0.082648s] [ååç‡ï¼š12.10req/s] [å†…å­˜æ¶ˆè€—ï¼š3,347.99kb] [æ–‡ä»¶åŠ è½½ï¼š81]
[ info ] [ LANG ] D:\phpstudy\WWW\askedu\thinkphp\lang\zh-cn.php
[ info ] [ ROUTE ] array (
)
[ info ] [ HEADER ] array (
  'cookie' => 'pgv_pvi=4667974656; pgv_si=s1468951552; PHPSESSID=qnm3vto7gj6kogi14k7hqao7i1',
  'accept-language' => 'zh-CN,zh;q=0.9,en;q=0.8',
  'accept-encoding' => 'gzip, deflate',
  'referer' => 'http://askedu.cc/admin/alldata/add.html',
  'accept' => 'text/html,application/xhtml+xml,application/xml;q=0.9,image/webp,image/apng,*/*;q=0.8,application/signed-exchange;v=b3;q=0.9',
  'user-agent' => 'Mozilla/5.0 (Windows NT 10.0; Win64; x64) AppleWebKit/537.36 (KHTML, like Gecko) Chrome/83.0.4103.116 Safari/537.36',
  'upgrade-insecure-requests' => '1',
  'cache-control' => 'max-age=0',
  'connection' => 'keep-alive',
  'host' => 'askedu.cc',
  'content-length' => '',
  'content-type' => '',
)
[ info ] [ PARAM ] array (
)
[ info ] [ DB ] INIT mysql
[ info ] [ VIEW ] D:\phpstudy\WWW\askedu\application\admin\view\tpl\alldata.htm [ array (
  0 => 'cont',
  1 => 'list',
) ]
[ sql ] [ DB ] CONNECT:[ UseTime:0.002019s ] mysql:host=127.0.0.1;dbname=askedu;charset=utf8
[ sql ] [ SQL ] SHOW COLUMNS FROM `ask_alldata` [ RunTime:0.001123s ]
[ sql ] [ SQL ] SELECT COUNT(*) AS tp_count FROM `ask_alldata` [ RunTime:0.000353s ]
[ sql ] [ SQL ] SELECT * FROM `ask_alldata` LIMIT 0,10 [ RunTime:0.000449s ]
---------------------------------------------------------------

[2020-07-11T17:51:01+08:00] 127.0.0.1 GET askedu.cc/static/assets/css/bootstrap.css.map
[è¿è¡Œæ—¶é—´ï¼š0.073009s] [ååç‡ï¼š13.70req/s] [å†…å­˜æ¶ˆè€—ï¼š1,217.80kb] [æ–‡ä»¶åŠ è½½ï¼š50]
[ info ] [ LANG ] D:\phpstudy\WWW\askedu\thinkphp\lang\zh-cn.php
---------------------------------------------------------------

[2020-07-11T17:51:01+08:00] 127.0.0.1 GET askedu.cc/static/assets/js/jquery.slimscroll.min.js.map
[è¿è¡Œæ—¶é—´ï¼š0.044543s] [ååç‡ï¼š22.45req/s] [å†…å­˜æ¶ˆè€—ï¼š1,217.81kb] [æ–‡ä»¶åŠ è½½ï¼š50]
[ info ] [ LANG ] D:\phpstudy\WWW\askedu\thinkphp\lang\zh-cn.php
---------------------------------------------------------------

[2020-07-11T17:51:30+08:00] 127.0.0.1 POST askedu.cc/admin/alldata/uploadexcel.html
[è¿è¡Œæ—¶é—´ï¼š0.045655s] [ååç‡ï¼š21.90req/s] [å†…å­˜æ¶ˆè€—ï¼š1,873.51kb] [æ–‡ä»¶åŠ è½½ï¼š67]
[ info ] [ LANG ] D:\phpstudy\WWW\askedu\thinkphp\lang\zh-cn.php
[ info ] [ ROUTE ] array (
)
[ info ] [ HEADER ] array (
  'cookie' => 'pgv_pvi=4667974656; pgv_si=s1468951552; PHPSESSID=qnm3vto7gj6kogi14k7hqao7i1',
  'accept-language' => 'zh-CN,zh;q=0.9,en;q=0.8',
  'accept-encoding' => 'gzip, deflate',
  'referer' => 'http://askedu.cc/admin/alldata/index.html',
  'origin' => 'http://askedu.cc',
  'content-type' => 'multipart/form-data; boundary=----WebKitFormBoundaryJrIWMGEJOFwPKYpe',
  'user-agent' => 'Mozilla/5.0 (Windows NT 10.0; Win64; x64) AppleWebKit/537.36 (KHTML, like Gecko) Chrome/83.0.4103.116 Safari/537.36',
  'x-requested-with' => 'XMLHttpRequest',
  'accept' => 'application/json, text/javascript, */*; q=0.01',
  'content-length' => '73412',
  'connection' => 'keep-alive',
  'host' => 'askedu.cc',
)
[ info ] [ PARAM ] array (
)
[ error ] [2]Use of undefined constant ROOT_PATH - assumed 'ROOT_PATH' (this will throw an Error in a future version of PHP)[D:\phpstudy\WWW\askedu\application\admin\controller\Alldata.php:98]
---------------------------------------------------------------

[2020-07-11T17:53:24+08:00] 127.0.0.1 GET askedu.cc/admin/alldata/index.html
[è¿è¡Œæ—¶é—´ï¼š0.065815s] [ååç‡ï¼š15.19req/s] [å†…å­˜æ¶ˆè€—ï¼š3,347.99kb] [æ–‡ä»¶åŠ è½½ï¼š81]
[ info ] [ LANG ] D:\phpstudy\WWW\askedu\thinkphp\lang\zh-cn.php
[ info ] [ ROUTE ] array (
)
[ info ] [ HEADER ] array (
  'cookie' => 'pgv_pvi=4667974656; pgv_si=s1468951552; PHPSESSID=qnm3vto7gj6kogi14k7hqao7i1',
  'accept-language' => 'zh-CN,zh;q=0.9,en;q=0.8',
  'accept-encoding' => 'gzip, deflate',
  'referer' => 'http://askedu.cc/admin/alldata/add.html',
  'accept' => 'text/html,application/xhtml+xml,application/xml;q=0.9,image/webp,image/apng,*/*;q=0.8,application/signed-exchange;v=b3;q=0.9',
  'user-agent' => 'Mozilla/5.0 (Windows NT 10.0; Win64; x64) AppleWebKit/537.36 (KHTML, like Gecko) Chrome/83.0.4103.116 Safari/537.36',
  'upgrade-insecure-requests' => '1',
  'cache-control' => 'max-age=0',
  'connection' => 'keep-alive',
  'host' => 'askedu.cc',
  'content-length' => '',
  'content-type' => '',
)
[ info ] [ PARAM ] array (
)
[ info ] [ DB ] INIT mysql
[ info ] [ VIEW ] D:\phpstudy\WWW\askedu\application\admin\view\tpl\alldata.htm [ array (
  0 => 'cont',
  1 => 'list',
) ]
[ sql ] [ DB ] CONNECT:[ UseTime:0.001923s ] mysql:host=127.0.0.1;dbname=askedu;charset=utf8
[ sql ] [ SQL ] SHOW COLUMNS FROM `ask_alldata` [ RunTime:0.001232s ]
[ sql ] [ SQL ] SELECT COUNT(*) AS tp_count FROM `ask_alldata` [ RunTime:0.000317s ]
[ sql ] [ SQL ] SELECT * FROM `ask_alldata` LIMIT 0,10 [ RunTime:0.000344s ]
---------------------------------------------------------------

[2020-07-11T17:53:25+08:00] 127.0.0.1 GET askedu.cc/static/assets/css/bootstrap.css.map
[è¿è¡Œæ—¶é—´ï¼š0.068295s] [ååç‡ï¼š14.64req/s] [å†…å­˜æ¶ˆè€—ï¼š1,217.80kb] [æ–‡ä»¶åŠ è½½ï¼š50]
[ info ] [ LANG ] D:\phpstudy\WWW\askedu\thinkphp\lang\zh-cn.php
---------------------------------------------------------------

[2020-07-11T17:53:25+08:00] 127.0.0.1 GET askedu.cc/static/assets/js/jquery.slimscroll.min.js.map
[è¿è¡Œæ—¶é—´ï¼š0.038655s] [ååç‡ï¼š25.87req/s] [å†…å­˜æ¶ˆè€—ï¼š1,217.81kb] [æ–‡ä»¶åŠ è½½ï¼š50]
[ info ] [ LANG ] D:\phpstudy\WWW\askedu\thinkphp\lang\zh-cn.php
---------------------------------------------------------------

[2020-07-11T17:53:31+08:00] 127.0.0.1 POST askedu.cc/admin/alldata/uploadexcel.html
[è¿è¡Œæ—¶é—´ï¼š0.053976s] [ååç‡ï¼š18.53req/s] [å†…å­˜æ¶ˆè€—ï¼š1,873.51kb] [æ–‡ä»¶åŠ è½½ï¼š67]
[ info ] [ LANG ] D:\phpstudy\WWW\askedu\thinkphp\lang\zh-cn.php
[ info ] [ ROUTE ] array (
)
[ info ] [ HEADER ] array (
  'cookie' => 'pgv_pvi=4667974656; pgv_si=s1468951552; PHPSESSID=qnm3vto7gj6kogi14k7hqao7i1',
  'accept-language' => 'zh-CN,zh;q=0.9,en;q=0.8',
  'accept-encoding' => 'gzip, deflate',
  'referer' => 'http://askedu.cc/admin/alldata/index.html',
  'origin' => 'http://askedu.cc',
  'content-type' => 'multipart/form-data; boundary=----WebKitFormBoundaryzSA5DAQfA6mNLd1t',
  'user-agent' => 'Mozilla/5.0 (Windows NT 10.0; Win64; x64) AppleWebKit/537.36 (KHTML, like Gecko) Chrome/83.0.4103.116 Safari/537.36',
  'x-requested-with' => 'XMLHttpRequest',
  'accept' => 'application/json, text/javascript, */*; q=0.01',
  'content-length' => '73412',
  'connection' => 'keep-alive',
  'host' => 'askedu.cc',
)
[ info ] [ PARAM ] array (
)
[ error ] [2]Use of undefined constant ROOT_PATH - assumed 'ROOT_PATH' (this will throw an Error in a future version of PHP)[D:\phpstudy\WWW\askedu\application\admin\controller\Alldata.php:98]
---------------------------------------------------------------

[2020-07-11T17:53:51+08:00] 127.0.0.1 GET askedu.cc/admin/alldata/uploadexcel.html
[è¿è¡Œæ—¶é—´ï¼š0.047457s] [ååç‡ï¼š21.07req/s] [å†…å­˜æ¶ˆè€—ï¼š1,822.76kb] [æ–‡ä»¶åŠ è½½ï¼š65]
[ info ] [ LANG ] D:\phpstudy\WWW\askedu\thinkphp\lang\zh-cn.php
[ info ] [ ROUTE ] array (
)
[ info ] [ HEADER ] array (
  'cookie' => 'pgv_pvi=4667974656; pgv_si=s1468951552; PHPSESSID=qnm3vto7gj6kogi14k7hqao7i1',
  'accept-language' => 'zh-CN,zh;q=0.9,en;q=0.8',
  'accept-encoding' => 'gzip, deflate',
  'accept' => 'text/html,application/xhtml+xml,application/xml;q=0.9,image/webp,image/apng,*/*;q=0.8,application/signed-exchange;v=b3;q=0.9',
  'user-agent' => 'Mozilla/5.0 (Windows NT 10.0; Win64; x64) AppleWebKit/537.36 (KHTML, like Gecko) Chrome/83.0.4103.116 Safari/537.36',
  'upgrade-insecure-requests' => '1',
  'connection' => 'keep-alive',
  'host' => 'askedu.cc',
  'content-length' => '',
  'content-type' => '',
)
[ info ] [ PARAM ] array (
)
[ error ] [0]è‡´å‘½é”™è¯¯: Call to a member function move() on null[D:\phpstudy\WWW\askedu\application\admin\controller\Alldata.php:98]
---------------------------------------------------------------

[2020-07-11T17:54:16+08:00] 127.0.0.1 GET askedu.cc/admin/alldata/index.html
[è¿è¡Œæ—¶é—´ï¼š0.085912s] [ååç‡ï¼š11.64req/s] [å†…å­˜æ¶ˆè€—ï¼š3,348.05kb] [æ–‡ä»¶åŠ è½½ï¼š81]
[ info ] [ LANG ] D:\phpstudy\WWW\askedu\thinkphp\lang\zh-cn.php
[ info ] [ ROUTE ] array (
)
[ info ] [ HEADER ] array (
  'cookie' => 'pgv_pvi=4667974656; pgv_si=s1468951552; PHPSESSID=qnm3vto7gj6kogi14k7hqao7i1',
  'accept-language' => 'zh-CN,zh;q=0.9,en;q=0.8',
  'accept-encoding' => 'gzip, deflate',
  'referer' => 'http://askedu.cc/admin/alldata/add.html',
  'accept' => 'text/html,application/xhtml+xml,application/xml;q=0.9,image/webp,image/apng,*/*;q=0.8,application/signed-exchange;v=b3;q=0.9',
  'user-agent' => 'Mozilla/5.0 (Windows NT 10.0; Win64; x64) AppleWebKit/537.36 (KHTML, like Gecko) Chrome/83.0.4103.116 Safari/537.36',
  'upgrade-insecure-requests' => '1',
  'cache-control' => 'max-age=0',
  'connection' => 'keep-alive',
  'host' => 'askedu.cc',
  'content-length' => '',
  'content-type' => '',
)
[ info ] [ PARAM ] array (
)
[ info ] [ DB ] INIT mysql
[ info ] [ VIEW ] D:\phpstudy\WWW\askedu\application\admin\view\tpl\alldata.htm [ array (
  0 => 'cont',
  1 => 'list',
) ]
[ sql ] [ DB ] CONNECT:[ UseTime:0.002315s ] mysql:host=127.0.0.1;dbname=askedu;charset=utf8
[ sql ] [ SQL ] SHOW COLUMNS FROM `ask_alldata` [ RunTime:0.001187s ]
[ sql ] [ SQL ] SELECT COUNT(*) AS tp_count FROM `ask_alldata` [ RunTime:0.000299s ]
[ sql ] [ SQL ] SELECT * FROM `ask_alldata` LIMIT 0,10 [ RunTime:0.000424s ]
---------------------------------------------------------------

[2020-07-11T17:54:17+08:00] 127.0.0.1 GET askedu.cc/static/assets/css/bootstrap.css.map
[è¿è¡Œæ—¶é—´ï¼š0.035087s] [ååç‡ï¼š28.50req/s] [å†…å­˜æ¶ˆè€—ï¼š1,217.80kb] [æ–‡ä»¶åŠ è½½ï¼š50]
[ info ] [ LANG ] D:\phpstudy\WWW\askedu\thinkphp\lang\zh-cn.php
---------------------------------------------------------------

[2020-07-11T17:54:17+08:00] 127.0.0.1 GET askedu.cc/static/assets/js/jquery.slimscroll.min.js.map
[è¿è¡Œæ—¶é—´ï¼š0.033992s] [ååç‡ï¼š29.42req/s] [å†…å­˜æ¶ˆè€—ï¼š1,217.81kb] [æ–‡ä»¶åŠ è½½ï¼š50]
[ info ] [ LANG ] D:\phpstudy\WWW\askedu\thinkphp\lang\zh-cn.php
---------------------------------------------------------------

[2020-07-11T17:54:17+08:00] 127.0.0.1 GET askedu.cc/admin/alldata/index.html
[è¿è¡Œæ—¶é—´ï¼š0.076500s] [ååç‡ï¼š13.07req/s] [å†…å­˜æ¶ˆè€—ï¼š3,348.05kb] [æ–‡ä»¶åŠ è½½ï¼š81]
[ info ] [ LANG ] D:\phpstudy\WWW\askedu\thinkphp\lang\zh-cn.php
[ info ] [ ROUTE ] array (
)
[ info ] [ HEADER ] array (
  'cookie' => 'pgv_pvi=4667974656; pgv_si=s1468951552; PHPSESSID=qnm3vto7gj6kogi14k7hqao7i1',
  'accept-language' => 'zh-CN,zh;q=0.9,en;q=0.8',
  'accept-encoding' => 'gzip, deflate',
  'referer' => 'http://askedu.cc/admin/alldata/add.html',
  'accept' => 'text/html,application/xhtml+xml,application/xml;q=0.9,image/webp,image/apng,*/*;q=0.8,application/signed-exchange;v=b3;q=0.9',
  'user-agent' => 'Mozilla/5.0 (Windows NT 10.0; Win64; x64) AppleWebKit/537.36 (KHTML, like Gecko) Chrome/83.0.4103.116 Safari/537.36',
  'upgrade-insecure-requests' => '1',
  'cache-control' => 'max-age=0',
  'connection' => 'keep-alive',
  'host' => 'askedu.cc',
  'content-length' => '',
  'content-type' => '',
)
[ info ] [ PARAM ] array (
)
[ info ] [ DB ] INIT mysql
[ info ] [ VIEW ] D:\phpstudy\WWW\askedu\application\admin\view\tpl\alldata.htm [ array (
  0 => 'cont',
  1 => 'list',
) ]
[ sql ] [ DB ] CONNECT:[ UseTime:0.002492s ] mysql:host=127.0.0.1;dbname=askedu;charset=utf8
[ sql ] [ SQL ] SHOW COLUMNS FROM `ask_alldata` [ RunTime:0.001346s ]
[ sql ] [ SQL ] SELECT COUNT(*) AS tp_count FROM `ask_alldata` [ RunTime:0.000257s ]
[ sql ] [ SQL ] SELECT * FROM `ask_alldata` LIMIT 0,10 [ RunTime:0.000335s ]
---------------------------------------------------------------

[2020-07-11T17:54:17+08:00] 127.0.0.1 GET askedu.cc/static/assets/css/bootstrap.css.map
[è¿è¡Œæ—¶é—´ï¼š0.039020s] [ååç‡ï¼š25.63req/s] [å†…å­˜æ¶ˆè€—ï¼š1,217.80kb] [æ–‡ä»¶åŠ è½½ï¼š50]
[ info ] [ LANG ] D:\phpstudy\WWW\askedu\thinkphp\lang\zh-cn.php
---------------------------------------------------------------

[2020-07-11T17:54:17+08:00] 127.0.0.1 GET askedu.cc/static/assets/js/jquery.slimscroll.min.js.map
[è¿è¡Œæ—¶é—´ï¼š0.029635s] [ååç‡ï¼š33.74req/s] [å†…å­˜æ¶ˆè€—ï¼š1,217.81kb] [æ–‡ä»¶åŠ è½½ï¼š50]
[ info ] [ LANG ] D:\phpstudy\WWW\askedu\thinkphp\lang\zh-cn.php
---------------------------------------------------------------

[2020-07-11T17:54:22+08:00] 127.0.0.1 POST askedu.cc/admin/alldata/uploadexcel.html
[è¿è¡Œæ—¶é—´ï¼š0.040117s] [ååç‡ï¼š24.93req/s] [å†…å­˜æ¶ˆè€—ï¼š1,873.56kb] [æ–‡ä»¶åŠ è½½ï¼š67]
[ info ] [ LANG ] D:\phpstudy\WWW\askedu\thinkphp\lang\zh-cn.php
[ info ] [ ROUTE ] array (
)
[ info ] [ HEADER ] array (
  'cookie' => 'pgv_pvi=4667974656; pgv_si=s1468951552; PHPSESSID=qnm3vto7gj6kogi14k7hqao7i1',
  'accept-language' => 'zh-CN,zh;q=0.9,en;q=0.8',
  'accept-encoding' => 'gzip, deflate',
  'referer' => 'http://askedu.cc/admin/alldata/index.html',
  'origin' => 'http://askedu.cc',
  'content-type' => 'multipart/form-data; boundary=----WebKitFormBoundary959A77KevH1d4rA8',
  'user-agent' => 'Mozilla/5.0 (Windows NT 10.0; Win64; x64) AppleWebKit/537.36 (KHTML, like Gecko) Chrome/83.0.4103.116 Safari/537.36',
  'x-requested-with' => 'XMLHttpRequest',
  'accept' => 'application/json, text/javascript, */*; q=0.01',
  'content-length' => '73412',
  'connection' => 'keep-alive',
  'host' => 'askedu.cc',
)
[ info ] [ PARAM ] array (
)
[ error ] [2]Use of undefined constant ROOT_PATH - assumed 'ROOT_PATH' (this will throw an Error in a future version of PHP)[D:\phpstudy\WWW\askedu\application\admin\controller\Alldata.php:98]
---------------------------------------------------------------

[2020-07-11T17:54:51+08:00] 127.0.0.1 GET askedu.cc/admin/alldata/uploadExcel
[è¿è¡Œæ—¶é—´ï¼š0.029481s] [ååç‡ï¼š33.92req/s] [å†…å­˜æ¶ˆè€—ï¼š1,822.73kb] [æ–‡ä»¶åŠ è½½ï¼š65]
[ info ] [ LANG ] D:\phpstudy\WWW\askedu\thinkphp\lang\zh-cn.php
[ info ] [ ROUTE ] array (
)
[ info ] [ HEADER ] array (
  'cookie' => 'pgv_pvi=4667974656; pgv_si=s1468951552; PHPSESSID=qnm3vto7gj6kogi14k7hqao7i1',
  'accept-language' => 'zh-CN,zh;q=0.9,en;q=0.8',
  'accept-encoding' => 'gzip, deflate',
  'accept' => 'text/html,application/xhtml+xml,application/xml;q=0.9,image/webp,image/apng,*/*;q=0.8,application/signed-exchange;v=b3;q=0.9',
  'user-agent' => 'Mozilla/5.0 (Windows NT 10.0; Win64; x64) AppleWebKit/537.36 (KHTML, like Gecko) Chrome/83.0.4103.116 Safari/537.36',
  'upgrade-insecure-requests' => '1',
  'connection' => 'keep-alive',
  'host' => 'askedu.cc',
  'content-length' => '',
  'content-type' => '',
)
[ info ] [ PARAM ] array (
)
[ error ] [0]è‡´å‘½é”™è¯¯: Call to a member function move() on null[D:\phpstudy\WWW\askedu\application\admin\controller\Alldata.php:98]
---------------------------------------------------------------

[2020-07-11T17:55:17+08:00] 127.0.0.1 GET askedu.cc/admin/alldata/uploadExcel
[è¿è¡Œæ—¶é—´ï¼š0.050909s] [ååç‡ï¼š19.64req/s] [å†…å­˜æ¶ˆè€—ï¼š1,740.52kb] [æ–‡ä»¶åŠ è½½ï¼š61]
[ info ] [ LANG ] D:\phpstudy\WWW\askedu\thinkphp\lang\zh-cn.php
[ info ] [ ROUTE ] array (
)
[ info ] [ HEADER ] array (
  'cookie' => 'pgv_pvi=4667974656; pgv_si=s1468951552; PHPSESSID=qnm3vto7gj6kogi14k7hqao7i1',
  'accept-language' => 'zh-CN,zh;q=0.9,en;q=0.8',
  'accept-encoding' => 'gzip, deflate',
  'accept' => 'text/html,application/xhtml+xml,application/xml;q=0.9,image/webp,image/apng,*/*;q=0.8,application/signed-exchange;v=b3;q=0.9',
  'user-agent' => 'Mozilla/5.0 (Windows NT 10.0; Win64; x64) AppleWebKit/537.36 (KHTML, like Gecko) Chrome/83.0.4103.116 Safari/537.36',
  'upgrade-insecure-requests' => '1',
  'cache-control' => 'max-age=0',
  'connection' => 'keep-alive',
  'host' => 'askedu.cc',
  'content-length' => '',
  'content-type' => '',
)
[ info ] [ PARAM ] array (
)
---------------------------------------------------------------

[2020-07-11T17:55:28+08:00] 127.0.0.1 POST askedu.cc/admin/alldata/uploadexcel.html
[è¿è¡Œæ—¶é—´ï¼š0.037997s] [ååç‡ï¼š26.32req/s] [å†…å­˜æ¶ˆè€—ï¼š1,793.16kb] [æ–‡ä»¶åŠ è½½ï¼š62]
[ info ] [ LANG ] D:\phpstudy\WWW\askedu\thinkphp\lang\zh-cn.php
[ info ] [ ROUTE ] array (
)
[ info ] [ HEADER ] array (
  'cookie' => 'pgv_pvi=4667974656; pgv_si=s1468951552; PHPSESSID=qnm3vto7gj6kogi14k7hqao7i1',
  'accept-language' => 'zh-CN,zh;q=0.9,en;q=0.8',
  'accept-encoding' => 'gzip, deflate',
  'referer' => 'http://askedu.cc/admin/alldata/index.html',
  'origin' => 'http://askedu.cc',
  'content-type' => 'multipart/form-data; boundary=----WebKitFormBoundaryKCbyB3hWDgYmsteO',
  'user-agent' => 'Mozilla/5.0 (Windows NT 10.0; Win64; x64) AppleWebKit/537.36 (KHTML, like Gecko) Chrome/83.0.4103.116 Safari/537.36',
  'x-requested-with' => 'XMLHttpRequest',
  'accept' => 'application/json, text/javascript, */*; q=0.01',
  'content-length' => '73412',
  'connection' => 'keep-alive',
  'host' => 'askedu.cc',
)
[ info ] [ PARAM ] array (
)
---------------------------------------------------------------

[2020-07-11T17:56:41+08:00] 127.0.0.1 GET askedu.cc/admin/alldata/index.html
[è¿è¡Œæ—¶é—´ï¼š0.083596s] [ååç‡ï¼š11.96req/s] [å†…å­˜æ¶ˆè€—ï¼š3,348.05kb] [æ–‡ä»¶åŠ è½½ï¼š81]
[ info ] [ LANG ] D:\phpstudy\WWW\askedu\thinkphp\lang\zh-cn.php
[ info ] [ ROUTE ] array (
)
[ info ] [ HEADER ] array (
  'cookie' => 'pgv_pvi=4667974656; pgv_si=s1468951552; PHPSESSID=qnm3vto7gj6kogi14k7hqao7i1',
  'accept-language' => 'zh-CN,zh;q=0.9,en;q=0.8',
  'accept-encoding' => 'gzip, deflate',
  'referer' => 'http://askedu.cc/admin/alldata/add.html',
  'accept' => 'text/html,application/xhtml+xml,application/xml;q=0.9,image/webp,image/apng,*/*;q=0.8,application/signed-exchange;v=b3;q=0.9',
  'user-agent' => 'Mozilla/5.0 (Windows NT 10.0; Win64; x64) AppleWebKit/537.36 (KHTML, like Gecko) Chrome/83.0.4103.116 Safari/537.36',
  'upgrade-insecure-requests' => '1',
  'cache-control' => 'max-age=0',
  'connection' => 'keep-alive',
  'host' => 'askedu.cc',
  'content-length' => '',
  'content-type' => '',
)
[ info ] [ PARAM ] array (
)
[ info ] [ DB ] INIT mysql
[ info ] [ VIEW ] D:\phpstudy\WWW\askedu\application\admin\view\tpl\alldata.htm [ array (
  0 => 'cont',
  1 => 'list',
) ]
[ sql ] [ DB ] CONNECT:[ UseTime:0.010167s ] mysql:host=127.0.0.1;dbname=askedu;charset=utf8
[ sql ] [ SQL ] SHOW COLUMNS FROM `ask_alldata` [ RunTime:0.001063s ]
[ sql ] [ SQL ] SELECT COUNT(*) AS tp_count FROM `ask_alldata` [ RunTime:0.000332s ]
[ sql ] [ SQL ] SELECT * FROM `ask_alldata` LIMIT 0,10 [ RunTime:0.000558s ]
---------------------------------------------------------------

[2020-07-11T17:56:42+08:00] 127.0.0.1 GET askedu.cc/static/assets/css/bootstrap.css.map
[è¿è¡Œæ—¶é—´ï¼š0.046181s] [ååç‡ï¼š21.65req/s] [å†…å­˜æ¶ˆè€—ï¼š1,217.80kb] [æ–‡ä»¶åŠ è½½ï¼š50]
[ info ] [ LANG ] D:\phpstudy\WWW\askedu\thinkphp\lang\zh-cn.php
---------------------------------------------------------------

[2020-07-11T17:56:42+08:00] 127.0.0.1 GET askedu.cc/static/assets/js/jquery.slimscroll.min.js.map
[è¿è¡Œæ—¶é—´ï¼š0.051986s] [ååç‡ï¼š19.24req/s] [å†…å­˜æ¶ˆè€—ï¼š1,217.81kb] [æ–‡ä»¶åŠ è½½ï¼š50]
[ info ] [ LANG ] D:\phpstudy\WWW\askedu\thinkphp\lang\zh-cn.php
---------------------------------------------------------------

[2020-07-11T17:56:50+08:00] 127.0.0.1 POST askedu.cc/admin/alldata/uploadexcel.html
[è¿è¡Œæ—¶é—´ï¼š0.029998s] [ååç‡ï¼š33.34req/s] [å†…å­˜æ¶ˆè€—ï¼š1,793.16kb] [æ–‡ä»¶åŠ è½½ï¼š62]
[ info ] [ LANG ] D:\phpstudy\WWW\askedu\thinkphp\lang\zh-cn.php
[ info ] [ ROUTE ] array (
)
[ info ] [ HEADER ] array (
  'cookie' => 'pgv_pvi=4667974656; pgv_si=s1468951552; PHPSESSID=qnm3vto7gj6kogi14k7hqao7i1',
  'accept-language' => 'zh-CN,zh;q=0.9,en;q=0.8',
  'accept-encoding' => 'gzip, deflate',
  'referer' => 'http://askedu.cc/admin/alldata/index.html',
  'origin' => 'http://askedu.cc',
  'content-type' => 'multipart/form-data; boundary=----WebKitFormBoundaryyrgukwmDCB3WfE4F',
  'user-agent' => 'Mozilla/5.0 (Windows NT 10.0; Win64; x64) AppleWebKit/537.36 (KHTML, like Gecko) Chrome/83.0.4103.116 Safari/537.36',
  'x-requested-with' => 'XMLHttpRequest',
  'accept' => 'application/json, text/javascript, */*; q=0.01',
  'content-length' => '73412',
  'connection' => 'keep-alive',
  'host' => 'askedu.cc',
)
[ info ] [ PARAM ] array (
)
---------------------------------------------------------------

[2020-07-11T18:03:27+08:00] 127.0.0.1 GET askedu.cc/admin/alldata/index.html
[è¿è¡Œæ—¶é—´ï¼š0.073008s] [ååç‡ï¼š13.70req/s] [å†…å­˜æ¶ˆè€—ï¼š3,347.99kb] [æ–‡ä»¶åŠ è½½ï¼š81]
[ info ] [ LANG ] D:\phpstudy\WWW\askedu\thinkphp\lang\zh-cn.php
[ info ] [ ROUTE ] array (
)
[ info ] [ HEADER ] array (
  'cookie' => 'pgv_pvi=4667974656; pgv_si=s1468951552; PHPSESSID=qnm3vto7gj6kogi14k7hqao7i1',
  'accept-language' => 'zh-CN,zh;q=0.9,en;q=0.8',
  'accept-encoding' => 'gzip, deflate',
  'referer' => 'http://askedu.cc/admin/alldata/add.html',
  'accept' => 'text/html,application/xhtml+xml,application/xml;q=0.9,image/webp,image/apng,*/*;q=0.8,application/signed-exchange;v=b3;q=0.9',
  'user-agent' => 'Mozilla/5.0 (Windows NT 10.0; Win64; x64) AppleWebKit/537.36 (KHTML, like Gecko) Chrome/83.0.4103.116 Safari/537.36',
  'upgrade-insecure-requests' => '1',
  'cache-control' => 'max-age=0',
  'connection' => 'keep-alive',
  'host' => 'askedu.cc',
  'content-length' => '',
  'content-type' => '',
)
[ info ] [ PARAM ] array (
)
[ info ] [ DB ] INIT mysql
[ info ] [ VIEW ] D:\phpstudy\WWW\askedu\application\admin\view\tpl\alldata.htm [ array (
  0 => 'cont',
  1 => 'list',
) ]
[ sql ] [ DB ] CONNECT:[ UseTime:0.002929s ] mysql:host=127.0.0.1;dbname=askedu;charset=utf8
[ sql ] [ SQL ] SHOW COLUMNS FROM `ask_alldata` [ RunTime:0.001252s ]
[ sql ] [ SQL ] SELECT COUNT(*) AS tp_count FROM `ask_alldata` [ RunTime:0.000317s ]
[ sql ] [ SQL ] SELECT * FROM `ask_alldata` LIMIT 0,10 [ RunTime:0.000378s ]
---------------------------------------------------------------

[2020-07-11T18:03:28+08:00] 127.0.0.1 GET askedu.cc/static/assets/css/bootstrap.css.map
[è¿è¡Œæ—¶é—´ï¼š0.052106s] [ååç‡ï¼š19.19req/s] [å†…å­˜æ¶ˆè€—ï¼š1,217.80kb] [æ–‡ä»¶åŠ è½½ï¼š50]
[ info ] [ LANG ] D:\phpstudy\WWW\askedu\thinkphp\lang\zh-cn.php
---------------------------------------------------------------

[2020-07-11T18:03:28+08:00] 127.0.0.1 GET askedu.cc/static/assets/js/jquery.slimscroll.min.js.map
[è¿è¡Œæ—¶é—´ï¼š0.053841s] [ååç‡ï¼š18.57req/s] [å†…å­˜æ¶ˆè€—ï¼š1,217.81kb] [æ–‡ä»¶åŠ è½½ï¼š50]
[ info ] [ LANG ] D:\phpstudy\WWW\askedu\thinkphp\lang\zh-cn.php
---------------------------------------------------------------

[2020-07-11T18:03:33+08:00] 127.0.0.1 POST askedu.cc/admin/alldata/uploadexcel.html
[è¿è¡Œæ—¶é—´ï¼š0.032584s] [ååç‡ï¼š30.69req/s] [å†…å­˜æ¶ˆè€—ï¼š1,793.10kb] [æ–‡ä»¶åŠ è½½ï¼š62]
[ info ] [ LANG ] D:\phpstudy\WWW\askedu\thinkphp\lang\zh-cn.php
[ info ] [ ROUTE ] array (
)
[ info ] [ HEADER ] array (
  'cookie' => 'pgv_pvi=4667974656; pgv_si=s1468951552; PHPSESSID=qnm3vto7gj6kogi14k7hqao7i1',
  'accept-language' => 'zh-CN,zh;q=0.9,en;q=0.8',
  'accept-encoding' => 'gzip, deflate',
  'referer' => 'http://askedu.cc/admin/alldata/index.html',
  'origin' => 'http://askedu.cc',
  'content-type' => 'multipart/form-data; boundary=----WebKitFormBoundaryrA9Hb4c5t1uYljbb',
  'user-agent' => 'Mozilla/5.0 (Windows NT 10.0; Win64; x64) AppleWebKit/537.36 (KHTML, like Gecko) Chrome/83.0.4103.116 Safari/537.36',
  'x-requested-with' => 'XMLHttpRequest',
  'accept' => 'application/json, text/javascript, */*; q=0.01',
  'content-length' => '73412',
  'connection' => 'keep-alive',
  'host' => 'askedu.cc',
)
[ info ] [ PARAM ] array (
)
---------------------------------------------------------------

[2020-07-11T18:03:49+08:00] 127.0.0.1 GET askedu.cc/admin/alldata/index.html
[è¿è¡Œæ—¶é—´ï¼š0.070807s] [ååç‡ï¼š14.12req/s] [å†…å­˜æ¶ˆè€—ï¼š3,348.05kb] [æ–‡ä»¶åŠ è½½ï¼š81]
[ info ] [ LANG ] D:\phpstudy\WWW\askedu\thinkphp\lang\zh-cn.php
[ info ] [ ROUTE ] array (
)
[ info ] [ HEADER ] array (
  'cookie' => 'pgv_pvi=4667974656; pgv_si=s1468951552; PHPSESSID=qnm3vto7gj6kogi14k7hqao7i1',
  'accept-language' => 'zh-CN,zh;q=0.9,en;q=0.8',
  'accept-encoding' => 'gzip, deflate',
  'referer' => 'http://askedu.cc/admin/alldata/add.html',
  'accept' => 'text/html,application/xhtml+xml,application/xml;q=0.9,image/webp,image/apng,*/*;q=0.8,application/signed-exchange;v=b3;q=0.9',
  'user-agent' => 'Mozilla/5.0 (Windows NT 10.0; Win64; x64) AppleWebKit/537.36 (KHTML, like Gecko) Chrome/83.0.4103.116 Safari/537.36',
  'upgrade-insecure-requests' => '1',
  'cache-control' => 'max-age=0',
  'connection' => 'keep-alive',
  'host' => 'askedu.cc',
  'content-length' => '',
  'content-type' => '',
)
[ info ] [ PARAM ] array (
)
[ info ] [ DB ] INIT mysql
[ info ] [ VIEW ] D:\phpstudy\WWW\askedu\application\admin\view\tpl\alldata.htm [ array (
  0 => 'cont',
  1 => 'list',
) ]
[ sql ] [ DB ] CONNECT:[ UseTime:0.002136s ] mysql:host=127.0.0.1;dbname=askedu;charset=utf8
[ sql ] [ SQL ] SHOW COLUMNS FROM `ask_alldata` [ RunTime:0.001153s ]
[ sql ] [ SQL ] SELECT COUNT(*) AS tp_count FROM `ask_alldata` [ RunTime:0.000249s ]
[ sql ] [ SQL ] SELECT * FROM `ask_alldata` LIMIT 0,10 [ RunTime:0.000495s ]
---------------------------------------------------------------

[2020-07-11T18:03:49+08:00] 127.0.0.1 GET askedu.cc/static/assets/css/bootstrap.css.map
[è¿è¡Œæ—¶é—´ï¼š0.050774s] [ååç‡ï¼š19.70req/s] [å†…å­˜æ¶ˆè€—ï¼š1,217.80kb] [æ–‡ä»¶åŠ è½½ï¼š50]
[ info ] [ LANG ] D:\phpstudy\WWW\askedu\thinkphp\lang\zh-cn.php
---------------------------------------------------------------

[2020-07-11T18:03:49+08:00] 127.0.0.1 GET askedu.cc/static/assets/js/jquery.slimscroll.min.js.map
[è¿è¡Œæ—¶é—´ï¼š0.049978s] [ååç‡ï¼š20.01req/s] [å†…å­˜æ¶ˆè€—ï¼š1,217.81kb] [æ–‡ä»¶åŠ è½½ï¼š50]
[ info ] [ LANG ] D:\phpstudy\WWW\askedu\thinkphp\lang\zh-cn.php
---------------------------------------------------------------

[2020-07-11T18:05:19+08:00] 127.0.0.1 GET askedu.cc/admin/alldata/index.html
[è¿è¡Œæ—¶é—´ï¼š0.077545s] [ååç‡ï¼š12.90req/s] [å†…å­˜æ¶ˆè€—ï¼š3,348.05kb] [æ–‡ä»¶åŠ è½½ï¼š81]
[ info ] [ LANG ] D:\phpstudy\WWW\askedu\thinkphp\lang\zh-cn.php
[ info ] [ ROUTE ] array (
)
[ info ] [ HEADER ] array (
  'cookie' => 'pgv_pvi=4667974656; pgv_si=s1468951552; PHPSESSID=qnm3vto7gj6kogi14k7hqao7i1',
  'accept-language' => 'zh-CN,zh;q=0.9,en;q=0.8',
  'accept-encoding' => 'gzip, deflate',
  'referer' => 'http://askedu.cc/admin/alldata/add.html',
  'accept' => 'text/html,application/xhtml+xml,application/xml;q=0.9,image/webp,image/apng,*/*;q=0.8,application/signed-exchange;v=b3;q=0.9',
  'user-agent' => 'Mozilla/5.0 (Windows NT 10.0; Win64; x64) AppleWebKit/537.36 (KHTML, like Gecko) Chrome/83.0.4103.116 Safari/537.36',
  'upgrade-insecure-requests' => '1',
  'cache-control' => 'max-age=0',
  'connection' => 'keep-alive',
  'host' => 'askedu.cc',
  'content-length' => '',
  'content-type' => '',
)
[ info ] [ PARAM ] array (
)
[ info ] [ DB ] INIT mysql
[ info ] [ VIEW ] D:\phpstudy\WWW\askedu\application\admin\view\tpl\alldata.htm [ array (
  0 => 'cont',
  1 => 'list',
) ]
[ sql ] [ DB ] CONNECT:[ UseTime:0.010229s ] mysql:host=127.0.0.1;dbname=askedu;charset=utf8
[ sql ] [ SQL ] SHOW COLUMNS FROM `ask_alldata` [ RunTime:0.001098s ]
[ sql ] [ SQL ] SELECT COUNT(*) AS tp_count FROM `ask_alldata` [ RunTime:0.000219s ]
[ sql ] [ SQL ] SELECT * FROM `ask_alldata` LIMIT 0,10 [ RunTime:0.000446s ]
---------------------------------------------------------------

[2020-07-11T18:05:19+08:00] 127.0.0.1 GET askedu.cc/static/assets/css/bootstrap.css.map
[è¿è¡Œæ—¶é—´ï¼š0.035092s] [ååç‡ï¼š28.50req/s] [å†…å­˜æ¶ˆè€—ï¼š1,217.80kb] [æ–‡ä»¶åŠ è½½ï¼š50]
[ info ] [ LANG ] D:\phpstudy\WWW\askedu\thinkphp\lang\zh-cn.php
---------------------------------------------------------------

[2020-07-11T18:05:19+08:00] 127.0.0.1 GET askedu.cc/static/assets/js/jquery.slimscroll.min.js.map
[è¿è¡Œæ—¶é—´ï¼š0.047209s] [ååç‡ï¼š21.18req/s] [å†…å­˜æ¶ˆè€—ï¼š1,217.81kb] [æ–‡ä»¶åŠ è½½ï¼š50]
[ info ] [ LANG ] D:\phpstudy\WWW\askedu\thinkphp\lang\zh-cn.php
---------------------------------------------------------------

[2020-07-11T18:05:33+08:00] 127.0.0.1 GET askedu.cc/admin/alldata/index.html
[è¿è¡Œæ—¶é—´ï¼š0.071883s] [ååç‡ï¼š13.91req/s] [å†…å­˜æ¶ˆè€—ï¼š3,348.05kb] [æ–‡ä»¶åŠ è½½ï¼š81]
[ info ] [ LANG ] D:\phpstudy\WWW\askedu\thinkphp\lang\zh-cn.php
[ info ] [ ROUTE ] array (
)
[ info ] [ HEADER ] array (
  'cookie' => 'pgv_pvi=4667974656; pgv_si=s1468951552; PHPSESSID=qnm3vto7gj6kogi14k7hqao7i1',
  'accept-language' => 'zh-CN,zh;q=0.9,en;q=0.8',
  'accept-encoding' => 'gzip, deflate',
  'referer' => 'http://askedu.cc/admin/alldata/add.html',
  'accept' => 'text/html,application/xhtml+xml,application/xml;q=0.9,image/webp,image/apng,*/*;q=0.8,application/signed-exchange;v=b3;q=0.9',
  'user-agent' => 'Mozilla/5.0 (Windows NT 10.0; Win64; x64) AppleWebKit/537.36 (KHTML, like Gecko) Chrome/83.0.4103.116 Safari/537.36',
  'upgrade-insecure-requests' => '1',
  'cache-control' => 'max-age=0',
  'connection' => 'keep-alive',
  'host' => 'askedu.cc',
  'content-length' => '',
  'content-type' => '',
)
[ info ] [ PARAM ] array (
)
[ info ] [ DB ] INIT mysql
[ info ] [ VIEW ] D:\phpstudy\WWW\askedu\application\admin\view\tpl\alldata.htm [ array (
  0 => 'cont',
  1 => 'list',
) ]
[ sql ] [ DB ] CONNECT:[ UseTime:0.002133s ] mysql:host=127.0.0.1;dbname=askedu;charset=utf8
[ sql ] [ SQL ] SHOW COLUMNS FROM `ask_alldata` [ RunTime:0.001200s ]
[ sql ] [ SQL ] SELECT COUNT(*) AS tp_count FROM `ask_alldata` [ RunTime:0.000487s ]
[ sql ] [ SQL ] SELECT * FROM `ask_alldata` LIMIT 0,10 [ RunTime:0.000408s ]
---------------------------------------------------------------

[2020-07-11T18:05:33+08:00] 127.0.0.1 GET askedu.cc/static/assets/js/jquery.slimscroll.min.js.map
[è¿è¡Œæ—¶é—´ï¼š0.065617s] [ååç‡ï¼š15.24req/s] [å†…å­˜æ¶ˆè€—ï¼š1,217.81kb] [æ–‡ä»¶åŠ è½½ï¼š50]
[ info ] [ LANG ] D:\phpstudy\WWW\askedu\thinkphp\lang\zh-cn.php
---------------------------------------------------------------

[2020-07-11T18:05:33+08:00] 127.0.0.1 GET askedu.cc/static/assets/css/bootstrap.css.map
[è¿è¡Œæ—¶é—´ï¼š0.057641s] [ååç‡ï¼š17.35req/s] [å†…å­˜æ¶ˆè€—ï¼š1,217.80kb] [æ–‡ä»¶åŠ è½½ï¼š50]
[ info ] [ LANG ] D:\phpstudy\WWW\askedu\thinkphp\lang\zh-cn.php
---------------------------------------------------------------

[2020-07-11T18:05:39+08:00] 127.0.0.1 POST askedu.cc/admin/alldata/uploadexcel.html
[è¿è¡Œæ—¶é—´ï¼š0.036301s] [ååç‡ï¼š27.55req/s] [å†…å­˜æ¶ˆè€—ï¼š1,876.11kb] [æ–‡ä»¶åŠ è½½ï¼š68]
[ info ] [ LANG ] D:\phpstudy\WWW\askedu\thinkphp\lang\zh-cn.php
[ info ] [ ROUTE ] array (
)
[ info ] [ HEADER ] array (
  'cookie' => 'pgv_pvi=4667974656; pgv_si=s1468951552; PHPSESSID=qnm3vto7gj6kogi14k7hqao7i1',
  'accept-language' => 'zh-CN,zh;q=0.9,en;q=0.8',
  'accept-encoding' => 'gzip, deflate',
  'referer' => 'http://askedu.cc/admin/alldata/index.html',
  'origin' => 'http://askedu.cc',
  'content-type' => 'multipart/form-data; boundary=----WebKitFormBoundaryiuxj6uD7kFilni8f',
  'user-agent' => 'Mozilla/5.0 (Windows NT 10.0; Win64; x64) AppleWebKit/537.36 (KHTML, like Gecko) Chrome/83.0.4103.116 Safari/537.36',
  'x-requested-with' => 'XMLHttpRequest',
  'accept' => 'application/json, text/javascript, */*; q=0.01',
  'content-length' => '73412',
  'connection' => 'keep-alive',
  'host' => 'askedu.cc',
)
[ info ] [ PARAM ] array (
)
[ error ] [2]Use of undefined constant ROOT_PATH - assumed 'ROOT_PATH' (this will throw an Error in a future version of PHP)[D:\phpstudy\WWW\askedu\application\admin\controller\Alldata.php:99]
---------------------------------------------------------------

[2020-07-11T18:05:48+08:00] 127.0.0.1 GET askedu.cc/admin/alldata/uploadExcel
[è¿è¡Œæ—¶é—´ï¼š0.033049s] [ååç‡ï¼š30.26req/s] [å†…å­˜æ¶ˆè€—ï¼š1,825.36kb] [æ–‡ä»¶åŠ è½½ï¼š66]
[ info ] [ LANG ] D:\phpstudy\WWW\askedu\thinkphp\lang\zh-cn.php
[ info ] [ ROUTE ] array (
)
[ info ] [ HEADER ] array (
  'cookie' => 'pgv_pvi=4667974656; pgv_si=s1468951552; PHPSESSID=qnm3vto7gj6kogi14k7hqao7i1',
  'accept-language' => 'zh-CN,zh;q=0.9,en;q=0.8',
  'accept-encoding' => 'gzip, deflate',
  'accept' => 'text/html,application/xhtml+xml,application/xml;q=0.9,image/webp,image/apng,*/*;q=0.8,application/signed-exchange;v=b3;q=0.9',
  'user-agent' => 'Mozilla/5.0 (Windows NT 10.0; Win64; x64) AppleWebKit/537.36 (KHTML, like Gecko) Chrome/83.0.4103.116 Safari/537.36',
  'upgrade-insecure-requests' => '1',
  'cache-control' => 'max-age=0',
  'connection' => 'keep-alive',
  'host' => 'askedu.cc',
  'content-length' => '',
  'content-type' => '',
)
[ info ] [ PARAM ] array (
)
[ error ] [0]è‡´å‘½é”™è¯¯: Call to a member function move() on null[D:\phpstudy\WWW\askedu\application\admin\controller\Alldata.php:99]
---------------------------------------------------------------

[2020-07-11T18:07:57+08:00] 127.0.0.1 GET askedu.cc/admin/alldata/index.html
[è¿è¡Œæ—¶é—´ï¼š0.094093s] [ååç‡ï¼š10.63req/s] [å†…å­˜æ¶ˆè€—ï¼š3,348.05kb] [æ–‡ä»¶åŠ è½½ï¼š81]
[ info ] [ LANG ] D:\phpstudy\WWW\askedu\thinkphp\lang\zh-cn.php
[ info ] [ ROUTE ] array (
)
[ info ] [ HEADER ] array (
  'cookie' => 'pgv_pvi=4667974656; pgv_si=s1468951552; PHPSESSID=qnm3vto7gj6kogi14k7hqao7i1',
  'accept-language' => 'zh-CN,zh;q=0.9,en;q=0.8',
  'accept-encoding' => 'gzip, deflate',
  'referer' => 'http://askedu.cc/admin/alldata/add.html',
  'accept' => 'text/html,application/xhtml+xml,application/xml;q=0.9,image/webp,image/apng,*/*;q=0.8,application/signed-exchange;v=b3;q=0.9',
  'user-agent' => 'Mozilla/5.0 (Windows NT 10.0; Win64; x64) AppleWebKit/537.36 (KHTML, like Gecko) Chrome/83.0.4103.116 Safari/537.36',
  'upgrade-insecure-requests' => '1',
  'cache-control' => 'max-age=0',
  'connection' => 'keep-alive',
  'host' => 'askedu.cc',
  'content-length' => '',
  'content-type' => '',
)
[ info ] [ PARAM ] array (
)
[ info ] [ DB ] INIT mysql
[ info ] [ VIEW ] D:\phpstudy\WWW\askedu\application\admin\view\tpl\alldata.htm [ array (
  0 => 'cont',
  1 => 'list',
) ]
[ sql ] [ DB ] CONNECT:[ UseTime:0.011012s ] mysql:host=127.0.0.1;dbname=askedu;charset=utf8
[ sql ] [ SQL ] SHOW COLUMNS FROM `ask_alldata` [ RunTime:0.001075s ]
[ sql ] [ SQL ] SELECT COUNT(*) AS tp_count FROM `ask_alldata` [ RunTime:0.000281s ]
[ sql ] [ SQL ] SELECT * FROM `ask_alldata` LIMIT 0,10 [ RunTime:0.000454s ]
---------------------------------------------------------------

[2020-07-11T18:07:57+08:00] 127.0.0.1 GET askedu.cc/static/assets/js/jquery.slimscroll.min.js.map
[è¿è¡Œæ—¶é—´ï¼š0.056531s] [ååç‡ï¼š17.69req/s] [å†…å­˜æ¶ˆè€—ï¼š1,217.81kb] [æ–‡ä»¶åŠ è½½ï¼š50]
[ info ] [ LANG ] D:\phpstudy\WWW\askedu\thinkphp\lang\zh-cn.php
---------------------------------------------------------------

[2020-07-11T18:07:57+08:00] 127.0.0.1 GET askedu.cc/static/assets/css/bootstrap.css.map
[è¿è¡Œæ—¶é—´ï¼š0.060200s] [ååç‡ï¼š16.61req/s] [å†…å­˜æ¶ˆè€—ï¼š1,217.80kb] [æ–‡ä»¶åŠ è½½ï¼š50]
[ info ] [ LANG ] D:\phpstudy\WWW\askedu\thinkphp\lang\zh-cn.php
---------------------------------------------------------------

[2020-07-11T18:14:22+08:00] 127.0.0.1 GET askedu.cc/admin/alldata/index.html
[è¿è¡Œæ—¶é—´ï¼š0.079639s] [ååç‡ï¼š12.56req/s] [å†…å­˜æ¶ˆè€—ï¼š3,348.52kb] [æ–‡ä»¶åŠ è½½ï¼š81]
[ info ] [ LANG ] D:\phpstudy\WWW\askedu\thinkphp\lang\zh-cn.php
[ info ] [ ROUTE ] array (
)
[ info ] [ HEADER ] array (
  'cookie' => 'pgv_pvi=4667974656; pgv_si=s1468951552; PHPSESSID=qnm3vto7gj6kogi14k7hqao7i1',
  'accept-language' => 'zh-CN,zh;q=0.9,en;q=0.8',
  'accept-encoding' => 'gzip, deflate',
  'referer' => 'http://askedu.cc/admin/alldata/add.html',
  'accept' => 'text/html,application/xhtml+xml,application/xml;q=0.9,image/webp,image/apng,*/*;q=0.8,application/signed-exchange;v=b3;q=0.9',
  'user-agent' => 'Mozilla/5.0 (Windows NT 10.0; Win64; x64) AppleWebKit/537.36 (KHTML, like Gecko) Chrome/83.0.4103.116 Safari/537.36',
  'upgrade-insecure-requests' => '1',
  'cache-control' => 'max-age=0',
  'connection' => 'keep-alive',
  'host' => 'askedu.cc',
  'content-length' => '',
  'content-type' => '',
)
[ info ] [ PARAM ] array (
)
[ info ] [ DB ] INIT mysql
[ info ] [ VIEW ] D:\phpstudy\WWW\askedu\application\admin\view\tpl\alldata.htm [ array (
  0 => 'cont',
  1 => 'list',
) ]
[ sql ] [ DB ] CONNECT:[ UseTime:0.002683s ] mysql:host=127.0.0.1;dbname=askedu;charset=utf8
[ sql ] [ SQL ] SHOW COLUMNS FROM `ask_alldata` [ RunTime:0.001054s ]
[ sql ] [ SQL ] SELECT COUNT(*) AS tp_count FROM `ask_alldata` [ RunTime:0.000296s ]
[ sql ] [ SQL ] SELECT * FROM `ask_alldata` LIMIT 0,10 [ RunTime:0.000431s ]
---------------------------------------------------------------

[2020-07-11T18:14:23+08:00] 127.0.0.1 GET askedu.cc/static/assets/js/jquery.slimscroll.min.js.map
[è¿è¡Œæ—¶é—´ï¼š0.049624s] [ååç‡ï¼š20.15req/s] [å†…å­˜æ¶ˆè€—ï¼š1,217.81kb] [æ–‡ä»¶åŠ è½½ï¼š50]
[ info ] [ LANG ] D:\phpstudy\WWW\askedu\thinkphp\lang\zh-cn.php
---------------------------------------------------------------

[2020-07-11T18:14:23+08:00] 127.0.0.1 GET askedu.cc/static/assets/css/bootstrap.css.map
[è¿è¡Œæ—¶é—´ï¼š0.066519s] [ååç‡ï¼š15.03req/s] [å†…å­˜æ¶ˆè€—ï¼š1,217.80kb] [æ–‡ä»¶åŠ è½½ï¼š50]
[ info ] [ LANG ] D:\phpstudy\WWW\askedu\thinkphp\lang\zh-cn.php
---------------------------------------------------------------

[2020-07-11T18:14:29+08:00] 127.0.0.1 POST askedu.cc/admin/alldata/uploadexcel.html
[è¿è¡Œæ—¶é—´ï¼š0.038187s] [ååç‡ï¼š26.19req/s] [å†…å­˜æ¶ˆè€—ï¼š1,815.44kb] [æ–‡ä»¶åŠ è½½ï¼š63]
[ info ] [ LANG ] D:\phpstudy\WWW\askedu\thinkphp\lang\zh-cn.php
[ info ] [ ROUTE ] array (
)
[ info ] [ HEADER ] array (
  'cookie' => 'pgv_pvi=4667974656; pgv_si=s1468951552; PHPSESSID=qnm3vto7gj6kogi14k7hqao7i1',
  'accept-language' => 'zh-CN,zh;q=0.9,en;q=0.8',
  'accept-encoding' => 'gzip, deflate',
  'referer' => 'http://askedu.cc/admin/alldata/index.html',
  'origin' => 'http://askedu.cc',
  'content-type' => 'multipart/form-data; boundary=----WebKitFormBoundary33FQUK1eYdB2A6iq',
  'user-agent' => 'Mozilla/5.0 (Windows NT 10.0; Win64; x64) AppleWebKit/537.36 (KHTML, like Gecko) Chrome/83.0.4103.116 Safari/537.36',
  'x-requested-with' => 'XMLHttpRequest',
  'accept' => 'application/json, text/javascript, */*; q=0.01',
  'content-length' => '73412',
  'connection' => 'keep-alive',
  'host' => 'askedu.cc',
)
[ info ] [ PARAM ] array (
)
